<?xml version="1.0" encoding="utf-8"?>
<TestRun id="164d6e04-d04c-4db8-b9ab-e7cbe5eb7445" name="BobTheBuilder@V020705 2025-04-30 09:12:38" runUser="CHG201\BobTheBuilder" xmlns="http://microsoft.com/schemas/VisualStudio/TeamTest/2010">
  <Times creation="2025-04-30T09:12:38.2739271+02:00" queuing="2025-04-30T09:12:38.2739275+02:00" start="2025-04-30T09:12:27.5851610+02:00" finish="2025-04-30T09:15:47.7036635+02:00" />
  <TestSettings name="default" id="413d46c7-fa32-4ffd-a688-f7c078891dfd">
    <Deployment runDeploymentRoot="BobTheBuilder_V020705_2025-04-30_09_12_38" />
  </TestSettings>
  <Results>
    <UnitTestResult executionId="4a239102-4c9d-4d13-9406-1068eb986e7c" testId="c4e73a4d-1f82-1beb-7097-92a4dae5b99f" testName="Should_Return_Bad_Request_For_Posts(&quot;/Account/Login?ReturnUrl=-3039%27%20UNION%20ALL%20SELECT%2063%2C63%2C63%2C63%23&quot;)" computerName="V020705" duration="00:00:00.0001250" startTime="2025-04-30T09:15:17.7154875+02:00" endTime="2025-04-30T09:15:17.7156127+02:00" testType="13cdc9d9-ddb5-4fa4-a97d-d965ccfc6d4b" outcome="Passed" testListId="8c84fa94-04c1-424b-9868-57a2d4851a1d" relativeResultsDirectory="4a239102-4c9d-4d13-9406-1068eb986e7c" />
    <UnitTestResult executionId="be7ccb0d-a26c-4f84-8282-02e67610d737" testId="ee261bac-7b50-2525-6983-e3d2fff941b1" testName="Can_Logout(&quot;/signout-callback-TestAzureAD&quot;)" computerName="V020705" duration="00:00:00.3015790" startTime="2025-04-30T09:14:24.6521834+02:00" endTime="2025-04-30T09:14:24.9537555+02:00" testType="13cdc9d9-ddb5-4fa4-a97d-d965ccfc6d4b" outcome="Passed" testListId="8c84fa94-04c1-424b-9868-57a2d4851a1d" relativeResultsDirectory="be7ccb0d-a26c-4f84-8282-02e67610d737" />
    <UnitTestResult executionId="b43233da-6523-4edf-b121-f56e63665edd" testId="97529acb-120e-205c-2943-663dd1375543" testName="Returns_Bad_Request_If_Non_Parameter_Was_Provided" computerName="V020705" duration="00:00:00.1437010" startTime="2025-04-30T09:12:56.0640010+02:00" endTime="2025-04-30T09:12:56.2076988+02:00" testType="13cdc9d9-ddb5-4fa4-a97d-d965ccfc6d4b" outcome="Passed" testListId="8c84fa94-04c1-424b-9868-57a2d4851a1d" relativeResultsDirectory="b43233da-6523-4edf-b121-f56e63665edd" />
    <UnitTestResult executionId="6e72597f-649c-4f9b-9f97-bb5422b5189f" testId="06f9b2d7-c795-44a3-88e1-4b6321d1e920" testName="Should_Return_Bad_Request_For_Posts(&quot;/Account/Login?ReturnUrl=-2734%20UNION%20ALL%20SELECT%2063%2C63%2C63%2C63%2C63%2C63%2C63%2C63%2C63%23&quot;)" computerName="V020705" duration="00:00:00.0001210" startTime="2025-04-30T09:15:17.7132976+02:00" endTime="2025-04-30T09:15:17.7134184+02:00" testType="13cdc9d9-ddb5-4fa4-a97d-d965ccfc6d4b" outcome="Passed" testListId="8c84fa94-04c1-424b-9868-57a2d4851a1d" relativeResultsDirectory="6e72597f-649c-4f9b-9f97-bb5422b5189f" />
    <UnitTestResult executionId="a19ac86c-2188-4596-a1f9-067c2529a6fa" testId="07908fd5-24b0-a6b7-021f-973ef5ea8c08" testName="Returns_BadRequest_If_Email_Already_Exists" computerName="V020705" duration="00:00:00.0118060" startTime="2025-04-30T09:13:07.4859655+02:00" endTime="2025-04-30T09:13:07.4977713+02:00" testType="13cdc9d9-ddb5-4fa4-a97d-d965ccfc6d4b" outcome="Passed" testListId="8c84fa94-04c1-424b-9868-57a2d4851a1d" relativeResultsDirectory="a19ac86c-2188-4596-a1f9-067c2529a6fa" />
    <UnitTestResult executionId="fb1d6c6a-e42d-4226-bb8e-dffb3aff55bb" testId="3cc2e714-cdf5-0a97-047f-3dd3a98c79d5" testName="Returns_LoginRequest_When_Not_Logged_In" computerName="V020705" duration="00:00:00.0034020" startTime="2025-04-30T09:14:06.3218446+02:00" endTime="2025-04-30T09:14:06.3252458+02:00" testType="13cdc9d9-ddb5-4fa4-a97d-d965ccfc6d4b" outcome="Passed" testListId="8c84fa94-04c1-424b-9868-57a2d4851a1d" relativeResultsDirectory="fb1d6c6a-e42d-4226-bb8e-dffb3aff55bb" />
    <UnitTestResult executionId="3db84c16-d464-4a13-ad80-8dd3ec226109" testId="4d9b690c-bfdf-c4ed-f039-5aa1b5002887" testName="Returns_True_For_Strong_Password(&quot;password&quot;)" computerName="V020705" duration="00:00:00.0021059" startTime="2025-04-30T09:12:56.2243537+02:00" endTime="2025-04-30T09:12:56.2264597+02:00" testType="13cdc9d9-ddb5-4fa4-a97d-d965ccfc6d4b" outcome="Passed" testListId="8c84fa94-04c1-424b-9868-57a2d4851a1d" relativeResultsDirectory="3db84c16-d464-4a13-ad80-8dd3ec226109" />
    <UnitTestResult executionId="ff13435b-542f-4822-95f4-8ef9b7bdd337" testId="88770eb0-fbe0-6fa9-1c8a-f50ea7276d04" testName="Should_Return_Bad_Request_For_Posts(&quot;/Account/Login?ReturnUrl=-3454%29%20UNION%20ALL%20SELECT%2063%2C63%2C63%23&quot;)" computerName="V020705" duration="00:00:00.0001190" startTime="2025-04-30T09:15:17.7108612+02:00" endTime="2025-04-30T09:15:17.7109799+02:00" testType="13cdc9d9-ddb5-4fa4-a97d-d965ccfc6d4b" outcome="Passed" testListId="8c84fa94-04c1-424b-9868-57a2d4851a1d" relativeResultsDirectory="ff13435b-542f-4822-95f4-8ef9b7bdd337" />
    <UnitTestResult executionId="e0760d55-5c83-4da1-83ec-631161260574" testId="71d42e87-053d-3ee2-4208-31e7d798b59b" testName="Should_Return_Bad_Request(&quot;/Account/Login?ReturnUrl=-7368%27%20UNION%20ALL%20SELECT%2063%2C63%23&quot;)" computerName="V020705" duration="00:00:00.0001410" startTime="2025-04-30T09:15:17.6897215+02:00" endTime="2025-04-30T09:15:17.6898627+02:00" testType="13cdc9d9-ddb5-4fa4-a97d-d965ccfc6d4b" outcome="Passed" testListId="8c84fa94-04c1-424b-9868-57a2d4851a1d" relativeResultsDirectory="e0760d55-5c83-4da1-83ec-631161260574" />
    <UnitTestResult executionId="02012518-eba8-4548-ae13-c3e5804ea1ee" testId="8361fd58-5899-9f9f-4b79-df6ca9406d29" testName="Returns_BadRequest_If_UserName_Already_Exists" computerName="V020705" duration="00:00:00.0062430" startTime="2025-04-30T09:13:07.6249052+02:00" endTime="2025-04-30T09:13:07.6311482+02:00" testType="13cdc9d9-ddb5-4fa4-a97d-d965ccfc6d4b" outcome="Passed" testListId="8c84fa94-04c1-424b-9868-57a2d4851a1d" relativeResultsDirectory="02012518-eba8-4548-ae13-c3e5804ea1ee" />
    <UnitTestResult executionId="5039a631-81df-44b5-b99a-4afcf552b7a9" testId="7ebf1b71-8347-7fe5-9526-8f659889d752" testName="CHROME_79_WIN" computerName="V020705" duration="00:00:00.1264690" startTime="2025-04-30T09:14:20.0784368+02:00" endTime="2025-04-30T09:14:20.2049027+02:00" testType="13cdc9d9-ddb5-4fa4-a97d-d965ccfc6d4b" outcome="Passed" testListId="8c84fa94-04c1-424b-9868-57a2d4851a1d" relativeResultsDirectory="5039a631-81df-44b5-b99a-4afcf552b7a9" />
    <UnitTestResult executionId="e9b06fa5-6e32-4210-8e1b-b5929ef65ffc" testId="6a2f122c-ceea-7224-afb5-fd4d430b2848" testName="Persists_Names" computerName="V020705" duration="00:00:00.0416320" startTime="2025-04-30T09:15:23.3465485+02:00" endTime="2025-04-30T09:15:23.3881797+02:00" testType="13cdc9d9-ddb5-4fa4-a97d-d965ccfc6d4b" outcome="Passed" testListId="8c84fa94-04c1-424b-9868-57a2d4851a1d" relativeResultsDirectory="e9b06fa5-6e32-4210-8e1b-b5929ef65ffc" />
    <UnitTestResult executionId="ed9e1e06-3664-480e-ba59-161e4ca730ab" testId="49d28a81-d171-33e0-8558-cbd0c0dee1d7" testName="Can_Import_Data_Multiple_Times" computerName="V020705" duration="00:00:00.3763630" startTime="2025-04-30T09:14:23.6012754+02:00" endTime="2025-04-30T09:14:23.9776299+02:00" testType="13cdc9d9-ddb5-4fa4-a97d-d965ccfc6d4b" outcome="Passed" testListId="8c84fa94-04c1-424b-9868-57a2d4851a1d" relativeResultsDirectory="ed9e1e06-3664-480e-ba59-161e4ca730ab" />
    <UnitTestResult executionId="a7187ff3-2596-4e5e-9e1a-8fdacc6b8348" testId="c6101f66-ea3a-e55c-280c-8a59b45e7887" testName="Should_Return_Bad_Request(&quot;/Account/Login?ReturnUrl=-8885%29%20UNION%20ALL%20SELECT%2063%2C63%23&quot;)" computerName="V020705" duration="00:00:00.0001220" startTime="2025-04-30T09:15:17.6837986+02:00" endTime="2025-04-30T09:15:17.6839206+02:00" testType="13cdc9d9-ddb5-4fa4-a97d-d965ccfc6d4b" outcome="Passed" testListId="8c84fa94-04c1-424b-9868-57a2d4851a1d" relativeResultsDirectory="a7187ff3-2596-4e5e-9e1a-8fdacc6b8348" />
    <UnitTestResult executionId="6677ec81-0f93-406d-8150-12f980a6f5b8" testId="e90eaac3-1d25-a3d0-b38a-7f0435685a6a" testName="Should_Return_Bad_Request_For_Posts(&quot;/Account/Login?ReturnUrl=-5114%27%29%20UNION%20ALL%20SELECT%20NULL%2CNULL%2CNULL%2CNULL%2CNULL%2CNULL%2CNULL%2C%27qqqjq%27%7C%7C%27BwrPtfJSTApFRatYUAfYMlLJWfpyPyQIaFbZYFMb%27%7C%7C%27qkqkq%27--%20jell&quot;)" computerName="V020705" duration="00:00:00.0001290" startTime="2025-04-30T09:15:17.7029224+02:00" endTime="2025-04-30T09:15:17.7030518+02:00" testType="13cdc9d9-ddb5-4fa4-a97d-d965ccfc6d4b" outcome="Passed" testListId="8c84fa94-04c1-424b-9868-57a2d4851a1d" relativeResultsDirectory="6677ec81-0f93-406d-8150-12f980a6f5b8" />
    <UnitTestResult executionId="94e60712-2e62-4617-b197-0f4f64940564" testId="5149c3f1-de3c-bdf1-8b7f-94fbc22f9aa0" testName="Should_Return_Bad_Request_For_Posts(&quot;/Account/Login?ReturnUrl=-5466%20UNION%20ALL%20SELECT%2063%2C63%2C63%2C63%23&quot;)" computerName="V020705" duration="00:00:00.0001890" startTime="2025-04-30T09:15:17.7125544+02:00" endTime="2025-04-30T09:15:17.7127431+02:00" testType="13cdc9d9-ddb5-4fa4-a97d-d965ccfc6d4b" outcome="Passed" testListId="8c84fa94-04c1-424b-9868-57a2d4851a1d" relativeResultsDirectory="94e60712-2e62-4617-b197-0f4f64940564" />
    <UnitTestResult executionId="f85236ae-21fd-440c-8e0a-c27d56b3c132" testId="d109fc0a-d057-d084-98f0-720c9c477de2" testName="Can_Be_Called_From_Client_With_Correct_Scope(&quot;/api/v1/users/unconfirmed@example.com/invite&quot;)" computerName="V020705" duration="00:00:05.3377380" startTime="2025-04-30T09:13:40.0721641+02:00" endTime="2025-04-30T09:13:45.4097832+02:00" testType="13cdc9d9-ddb5-4fa4-a97d-d965ccfc6d4b" outcome="Passed" testListId="8c84fa94-04c1-424b-9868-57a2d4851a1d" relativeResultsDirectory="f85236ae-21fd-440c-8e0a-c27d56b3c132" />
    <UnitTestResult executionId="d063ff20-a992-4326-b9ab-b019c50cac38" testId="ddb863e9-1052-3080-904d-858a38c17d4d" testName="Should_Return_Bad_Request(&quot;/Account/Login?ReturnUrl=-2439%25%27%20UNION%20ALL%20SELECT%2063%2C63%2C63%2C63%2C63%2C63%2C63%2C63%23&quot;)" computerName="V020705" duration="00:00:00.0001720" startTime="2025-04-30T09:15:17.6922491+02:00" endTime="2025-04-30T09:15:17.6924209+02:00" testType="13cdc9d9-ddb5-4fa4-a97d-d965ccfc6d4b" outcome="Passed" testListId="8c84fa94-04c1-424b-9868-57a2d4851a1d" relativeResultsDirectory="d063ff20-a992-4326-b9ab-b019c50cac38" />
    <UnitTestResult executionId="a09aba56-0c78-41dc-b177-f85407ea142a" testId="178e8b2c-230e-b1bc-47ed-f7919f9f9198" testName="Should_Return_Bad_Request_For_Posts(&quot;/Account/Login?ReturnUrl=-7736%29%20UNION%20ALL%20SELECT%2063%2C63%2C63%2C63%2C63%2C63%2C63%2C63%2C63%23&quot;)" computerName="V020705" duration="00:00:00.0001220" startTime="2025-04-30T09:15:17.7116167+02:00" endTime="2025-04-30T09:15:17.7117390+02:00" testType="13cdc9d9-ddb5-4fa4-a97d-d965ccfc6d4b" outcome="Passed" testListId="8c84fa94-04c1-424b-9868-57a2d4851a1d" relativeResultsDirectory="a09aba56-0c78-41dc-b177-f85407ea142a" />
    <UnitTestResult executionId="2d21864f-8762-45a6-9133-982021b91862" testId="434e44d2-111a-5d30-908d-0b8fd5a5c57b" testName="Returns_AccessDenied_When_Insufficent_Permissions" computerName="V020705" duration="00:00:00.3600390" startTime="2025-04-30T09:14:08.9171211+02:00" endTime="2025-04-30T09:14:09.2771520+02:00" testType="13cdc9d9-ddb5-4fa4-a97d-d965ccfc6d4b" outcome="Passed" testListId="8c84fa94-04c1-424b-9868-57a2d4851a1d" relativeResultsDirectory="2d21864f-8762-45a6-9133-982021b91862" />
    <UnitTestResult executionId="1ce91a58-c768-4036-a103-d5d99df2d3ff" testId="43007c9c-0fbe-157f-920a-31d6cf45405c" testName="Contains_Customer_Claims" computerName="V020705" duration="00:00:05.4645370" startTime="2025-04-30T09:15:11.2101466+02:00" endTime="2025-04-30T09:15:16.6745618+02:00" testType="13cdc9d9-ddb5-4fa4-a97d-d965ccfc6d4b" outcome="Passed" testListId="8c84fa94-04c1-424b-9868-57a2d4851a1d" relativeResultsDirectory="1ce91a58-c768-4036-a103-d5d99df2d3ff" />
    <UnitTestResult executionId="37e73ba2-e738-4779-9c0d-0908fef3f558" testId="dc12e2a6-ee3b-57a9-5b3f-25a0125884f7" testName="Returns_Empty_List_For_Non_Federated_User(&quot;LocalTestUser&quot;)" computerName="V020705" duration="00:00:00.0192880" startTime="2025-04-30T09:13:39.9508315+02:00" endTime="2025-04-30T09:13:39.9701186+02:00" testType="13cdc9d9-ddb5-4fa4-a97d-d965ccfc6d4b" outcome="Passed" testListId="8c84fa94-04c1-424b-9868-57a2d4851a1d" relativeResultsDirectory="37e73ba2-e738-4779-9c0d-0908fef3f558" />
    <UnitTestResult executionId="e0a1a854-82df-4c62-8caa-fb2f7a4deeb6" testId="bfb46e4c-01cb-d8bd-0cb8-c2f49bb88693" testName="Can_Start_Hosted_Service" computerName="V020705" duration="00:00:00.4388450" startTime="2025-04-30T09:14:22.8682320+02:00" endTime="2025-04-30T09:14:23.3070665+02:00" testType="13cdc9d9-ddb5-4fa4-a97d-d965ccfc6d4b" outcome="Passed" testListId="8c84fa94-04c1-424b-9868-57a2d4851a1d" relativeResultsDirectory="e0a1a854-82df-4c62-8caa-fb2f7a4deeb6" />
    <UnitTestResult executionId="26eed880-894c-415a-8b10-7073155ccd16" testId="3ea53021-9442-8cf9-2ea0-768bf0335e05" testName="Returns_Access_Token_For_Many_Scopes" computerName="V020705" duration="00:00:00.0188730" startTime="2025-04-30T09:14:36.0783903+02:00" endTime="2025-04-30T09:14:36.0972622+02:00" testType="13cdc9d9-ddb5-4fa4-a97d-d965ccfc6d4b" outcome="Passed" testListId="8c84fa94-04c1-424b-9868-57a2d4851a1d" relativeResultsDirectory="26eed880-894c-415a-8b10-7073155ccd16" />
    <UnitTestResult executionId="92793168-af78-489f-93eb-da2573ff1737" testId="61d90264-3f39-2680-fa23-26f0c4d7c55e" testName="Should_Return_Bad_Request(&quot;/Account/Login?ReturnUrl=-4176%20UNION%20ALL%20SELECT%2063%2C63%2C63%2C63%2C63%23&quot;)" computerName="V020705" duration="00:00:00.0002700" startTime="2025-04-30T09:15:17.6861342+02:00" endTime="2025-04-30T09:15:17.6864045+02:00" testType="13cdc9d9-ddb5-4fa4-a97d-d965ccfc6d4b" outcome="Passed" testListId="8c84fa94-04c1-424b-9868-57a2d4851a1d" relativeResultsDirectory="92793168-af78-489f-93eb-da2573ff1737" />
    <UnitTestResult executionId="ef0c820f-1b79-4935-978e-fd9e75e80e7a" testId="31bcad5d-2986-7497-fe75-6c6fa45ab7b5" testName="CHROME_IOS_12" computerName="V020705" duration="00:00:00.1155280" startTime="2025-04-30T09:14:20.3274298+02:00" endTime="2025-04-30T09:14:20.4429552+02:00" testType="13cdc9d9-ddb5-4fa4-a97d-d965ccfc6d4b" outcome="Passed" testListId="8c84fa94-04c1-424b-9868-57a2d4851a1d" relativeResultsDirectory="ef0c820f-1b79-4935-978e-fd9e75e80e7a" />
    <UnitTestResult executionId="8ad3b5f9-26ed-444c-8108-7fb97576a4f4" testId="2b9bc7f6-633c-7ae2-c3b9-8c7118fdb509" testName="Returns_Details_For_Reader" computerName="V020705" duration="00:00:00.1764940" startTime="2025-04-30T09:14:17.9380965+02:00" endTime="2025-04-30T09:14:18.1145856+02:00" testType="13cdc9d9-ddb5-4fa4-a97d-d965ccfc6d4b" outcome="Passed" testListId="8c84fa94-04c1-424b-9868-57a2d4851a1d" relativeResultsDirectory="8ad3b5f9-26ed-444c-8108-7fb97576a4f4" />
    <UnitTestResult executionId="cc294894-1348-449e-84a5-c62b3c5f2cac" testId="e3f95bcf-a892-409f-be79-8e80f51ebdc9" testName="Returns_Error_For_Invalid_Token" computerName="V020705" duration="00:00:00.0528770" startTime="2025-04-30T09:13:59.6893493+02:00" endTime="2025-04-30T09:13:59.7422238+02:00" testType="13cdc9d9-ddb5-4fa4-a97d-d965ccfc6d4b" outcome="Passed" testListId="8c84fa94-04c1-424b-9868-57a2d4851a1d" relativeResultsDirectory="cc294894-1348-449e-84a5-c62b3c5f2cac" />
    <UnitTestResult executionId="79f8601a-4a59-41da-82e0-ce6bf98bbe08" testId="81238aa1-20d6-83d9-4b29-498ca02543bd" testName="Contains_EmailAddress_Claim" computerName="V020705" duration="00:00:00.2061870" startTime="2025-04-30T09:15:10.3298314+02:00" endTime="2025-04-30T09:15:10.5360134+02:00" testType="13cdc9d9-ddb5-4fa4-a97d-d965ccfc6d4b" outcome="Passed" testListId="8c84fa94-04c1-424b-9868-57a2d4851a1d" relativeResultsDirectory="79f8601a-4a59-41da-82e0-ce6bf98bbe08" />
    <UnitTestResult executionId="d35ac4a4-a6c4-4b87-9b21-73dfbc6010e9" testId="975b454a-5cb4-f3f1-bc18-17565ff8ff21" testName="Should_Return_Bad_Request(&quot;/Account/Login?ReturnUrl=-4236%27%29%20UNION%20ALL%20SELECT%2063%2C63%2C63%2C63%2C63%2C63%2C63%2C63%2C63%2C63%23&quot;)" computerName="V020705" duration="00:00:00.0001689" startTime="2025-04-30T09:15:17.6891930+02:00" endTime="2025-04-30T09:15:17.6893615+02:00" testType="13cdc9d9-ddb5-4fa4-a97d-d965ccfc6d4b" outcome="Passed" testListId="8c84fa94-04c1-424b-9868-57a2d4851a1d" relativeResultsDirectory="d35ac4a4-a6c4-4b87-9b21-73dfbc6010e9" />
    <UnitTestResult executionId="fe0368ac-8dec-4dd2-b759-82260e7cad35" testId="d986a0b2-d9bf-a79c-ea7e-8d219258a2ea" testName="Can_Import_Users" computerName="V020705" duration="00:00:00.1762080" startTime="2025-04-30T09:14:22.6534048+02:00" endTime="2025-04-30T09:14:22.8296089+02:00" testType="13cdc9d9-ddb5-4fa4-a97d-d965ccfc6d4b" outcome="Passed" testListId="8c84fa94-04c1-424b-9868-57a2d4851a1d" relativeResultsDirectory="fe0368ac-8dec-4dd2-b759-82260e7cad35" />
    <UnitTestResult executionId="3a5f1e89-9726-441d-bb17-8ba7bcff6467" testId="eb9dbdee-1743-5726-b3c1-77834b948ca7" testName="Returns_Item_When_User_Has_No_Assigned_LoginProvider_But_Email_Matches_LoginProvider_Domain" computerName="V020705" duration="00:00:00.0507980" startTime="2025-04-30T09:13:39.9703265+02:00" endTime="2025-04-30T09:13:40.0211224+02:00" testType="13cdc9d9-ddb5-4fa4-a97d-d965ccfc6d4b" outcome="Passed" testListId="8c84fa94-04c1-424b-9868-57a2d4851a1d" relativeResultsDirectory="3a5f1e89-9726-441d-bb17-8ba7bcff6467" />
    <UnitTestResult executionId="aed102e5-e4a6-4ea8-9bef-05b409ecafaa" testId="3354a315-65e5-ca4b-e902-2908cac04506" testName="Should_Return_Bad_Request(&quot;/Account/Login?ReturnUrl=-3035%20UNION%20ALL%20SELECT%2063%2C63%2C63%2C63%2C63%2C63%2C63%23&quot;)" computerName="V020705" duration="00:00:00.0001170" startTime="2025-04-30T09:15:17.6941943+02:00" endTime="2025-04-30T09:15:17.6943113+02:00" testType="13cdc9d9-ddb5-4fa4-a97d-d965ccfc6d4b" outcome="Passed" testListId="8c84fa94-04c1-424b-9868-57a2d4851a1d" relativeResultsDirectory="aed102e5-e4a6-4ea8-9bef-05b409ecafaa" />
    <UnitTestResult executionId="d0c72d5c-a585-4a25-9bd3-e9da8a6a1ad9" testId="09f7274b-0bfa-b7f5-3596-62286bbff54b" testName="Should_Return_Bad_Request_For_Posts(&quot;/Account/Login?ReturnUrl=-5744%25%27%20UNION%20ALL%20SELECT%20NULL%2CNULL%2CNULL%2CNULL%2CNULL%2C%27qqqjq%27%7C%7C%27vQysMEwtfb%27%7C%7C%27qkqkq%27%2CNULL%2CNULL%2CNULL%2CNULL--%20dKeu&quot;)" computerName="V020705" duration="00:00:00.0015200" startTime="2025-04-30T09:15:17.7077343+02:00" endTime="2025-04-30T09:15:17.7092545+02:00" testType="13cdc9d9-ddb5-4fa4-a97d-d965ccfc6d4b" outcome="Passed" testListId="8c84fa94-04c1-424b-9868-57a2d4851a1d" relativeResultsDirectory="d0c72d5c-a585-4a25-9bd3-e9da8a6a1ad9" />
    <UnitTestResult executionId="df1598fd-6985-444f-b8a8-daa01f35a00c" testId="cd6d9da2-2622-489b-3451-1acb6bdf37bb" testName="Should_Return_Bad_Request(&quot;/Account/Login?ReturnUrl=-2715%27%29%20UNION%20ALL%20SELECT%2063%2C63%2C63%2C%27qqqjq%27%7C%7C%27sxCwzivhFQ%27%7C%7C%27qkqkq%27%2C63%2C63%2C63%2C63--%20bupN&quot;)" computerName="V020705" duration="00:00:00.0002000" startTime="2025-04-30T09:15:17.6772677+02:00" endTime="2025-04-30T09:15:17.6774673+02:00" testType="13cdc9d9-ddb5-4fa4-a97d-d965ccfc6d4b" outcome="Passed" testListId="8c84fa94-04c1-424b-9868-57a2d4851a1d" relativeResultsDirectory="df1598fd-6985-444f-b8a8-daa01f35a00c" />
    <UnitTestResult executionId="98e3b1bf-68b4-426c-88bb-64d06992e0ea" testId="324bd1b3-3245-efda-fa89-14909e9c29da" testName="Returns_Page_When_Logged_In_With_Correct_Permissions" computerName="V020705" duration="00:00:00.2148360" startTime="2025-04-30T09:14:18.6054803+02:00" endTime="2025-04-30T09:14:18.8203113+02:00" testType="13cdc9d9-ddb5-4fa4-a97d-d965ccfc6d4b" outcome="Passed" testListId="8c84fa94-04c1-424b-9868-57a2d4851a1d" relativeResultsDirectory="98e3b1bf-68b4-426c-88bb-64d06992e0ea" />
    <UnitTestResult executionId="fb953ab8-bdb1-40c7-ad39-af877e3a7e1f" testId="f3ed5cd4-b6c3-de4a-5155-a0fc6aca811e" testName="Should_Return_Bad_Request_For_Posts(&quot;/Account/Login?ReturnUrl=-6020%27%29%20UNION%20ALL%20SELECT%2063%2C63%2C63%2C63%2C63%23&quot;)" computerName="V020705" duration="00:00:00.0001230" startTime="2025-04-30T09:15:17.7142254+02:00" endTime="2025-04-30T09:15:17.7143485+02:00" testType="13cdc9d9-ddb5-4fa4-a97d-d965ccfc6d4b" outcome="Passed" testListId="8c84fa94-04c1-424b-9868-57a2d4851a1d" relativeResultsDirectory="fb953ab8-bdb1-40c7-ad39-af877e3a7e1f" />
    <UnitTestResult executionId="c25e5562-3a83-4490-abdc-3b6fd3c5234d" testId="8b7b6156-6d70-5955-1cd7-95ee0a86ce4f" testName="Should_Return_Bad_Request(&quot;/Account/Login?ReturnUrl=-7736%29%20UNION%20ALL%20SELECT%2063%2C63%2C63%2C63%2C63%2C63%2C63%2C63%2C63%23&quot;)" computerName="V020705" duration="00:00:00.0001470" startTime="2025-04-30T09:15:17.6846770+02:00" endTime="2025-04-30T09:15:17.6848238+02:00" testType="13cdc9d9-ddb5-4fa4-a97d-d965ccfc6d4b" outcome="Passed" testListId="8c84fa94-04c1-424b-9868-57a2d4851a1d" relativeResultsDirectory="c25e5562-3a83-4490-abdc-3b6fd3c5234d" />
    <UnitTestResult executionId="6dac9600-a118-48e9-80e9-6891fc04e0fc" testId="5873543a-cfa0-3fda-4df9-73faeb7c78cd" testName="Updates_Existing_Users_UserName_Via_Oidc" computerName="V020705" duration="00:00:00.0124300" startTime="2025-04-30T09:13:54.3033961+02:00" endTime="2025-04-30T09:13:54.3158258+02:00" testType="13cdc9d9-ddb5-4fa4-a97d-d965ccfc6d4b" outcome="Passed" testListId="8c84fa94-04c1-424b-9868-57a2d4851a1d" relativeResultsDirectory="6dac9600-a118-48e9-80e9-6891fc04e0fc" />
    <UnitTestResult executionId="234f2990-825b-42cf-8dd2-8ebc7bc5b9e4" testId="8c27b7d7-c913-f61d-0289-9b1e147267f2" testName="Should_Return_Bad_Request_For_Posts(&quot;/Account/Login?ReturnUrl=-3694%29%20UNION%20ALL%20SELECT%2063%23&quot;)" computerName="V020705" duration="00:00:00.0001230" startTime="2025-04-30T09:15:17.7106002+02:00" endTime="2025-04-30T09:15:17.7107230+02:00" testType="13cdc9d9-ddb5-4fa4-a97d-d965ccfc6d4b" outcome="Passed" testListId="8c84fa94-04c1-424b-9868-57a2d4851a1d" relativeResultsDirectory="234f2990-825b-42cf-8dd2-8ebc7bc5b9e4" />
    <UnitTestResult executionId="ea062824-c796-45eb-aec3-01dc35e8008d" testId="9e8d7ad7-30b2-103d-dcc6-b1384cb8fcb6" testName="SAFARI_IOS_13" computerName="V020705" duration="00:00:00.1104160" startTime="2025-04-30T09:14:21.5112915+02:00" endTime="2025-04-30T09:14:21.6217047+02:00" testType="13cdc9d9-ddb5-4fa4-a97d-d965ccfc6d4b" outcome="Passed" testListId="8c84fa94-04c1-424b-9868-57a2d4851a1d" relativeResultsDirectory="ea062824-c796-45eb-aec3-01dc35e8008d" />
    <UnitTestResult executionId="061eaf71-e39f-4f28-b720-61ebc0986633" testId="f0bbb240-4e41-6069-2795-02cd803ac9ae" testName="Contains_Customer_Claims" computerName="V020705" duration="00:00:05.5919010" startTime="2025-04-30T09:15:04.7380018+02:00" endTime="2025-04-30T09:15:10.3297790+02:00" testType="13cdc9d9-ddb5-4fa4-a97d-d965ccfc6d4b" outcome="Passed" testListId="8c84fa94-04c1-424b-9868-57a2d4851a1d" relativeResultsDirectory="061eaf71-e39f-4f28-b720-61ebc0986633" />
    <UnitTestResult executionId="5cb81d6b-6a69-47ba-bc0d-ff5fb0c16acf" testId="5f0e9bcc-556a-a5e6-8435-ba2ae50c2986" testName="SAFARI_IOS_11" computerName="V020705" duration="00:00:00.1179760" startTime="2025-04-30T09:14:21.1651433+02:00" endTime="2025-04-30T09:14:21.2831159+02:00" testType="13cdc9d9-ddb5-4fa4-a97d-d965ccfc6d4b" outcome="Passed" testListId="8c84fa94-04c1-424b-9868-57a2d4851a1d" relativeResultsDirectory="5cb81d6b-6a69-47ba-bc0d-ff5fb0c16acf" />
    <UnitTestResult executionId="3be78610-d1d3-4dd8-b808-3e44320b651f" testId="e3a80709-e80b-932b-3d48-b01751eff7e9" testName="Should_Return_Bad_Request(&quot;/Account/Login?ReturnUrl=-5896%29%20UNION%20ALL%20SELECT%2063%2C63%2C63%2C63%2C63%2C63%2C63%23&quot;)" computerName="V020705" duration="00:00:00.0001190" startTime="2025-04-30T09:15:17.6844306+02:00" endTime="2025-04-30T09:15:17.6845497+02:00" testType="13cdc9d9-ddb5-4fa4-a97d-d965ccfc6d4b" outcome="Passed" testListId="8c84fa94-04c1-424b-9868-57a2d4851a1d" relativeResultsDirectory="3be78610-d1d3-4dd8-b808-3e44320b651f" />
    <UnitTestResult executionId="558df4d5-a375-4a55-83c0-d1be1d8a578b" testId="83bdc57a-9b90-a247-f1a3-900b5e99196b" testName="Cannot_Be_Called_From_User_Without_CHGEmployee_Claim_And_Correct_Client_Scope(&quot;/api/v1/users/unconfirmed@example.com/invite&quot;)" computerName="V020705" duration="00:00:00.2030140" startTime="2025-04-30T09:13:46.2781095+02:00" endTime="2025-04-30T09:13:46.4811185+02:00" testType="13cdc9d9-ddb5-4fa4-a97d-d965ccfc6d4b" outcome="Passed" testListId="8c84fa94-04c1-424b-9868-57a2d4851a1d" relativeResultsDirectory="558df4d5-a375-4a55-83c0-d1be1d8a578b" />
    <UnitTestResult executionId="4a0914b9-8fbd-4b72-84ac-2b3e65b74942" testId="9d0e4201-de07-eff1-47da-c449d2775236" testName="Should_Return_Bad_Request(&quot;/Account/Login?ReturnUrl=-5114%27%29%20UNION%20ALL%20SELECT%20NULL%2CNULL%2CNULL%2CNULL%2CNULL%2CNULL%2CNULL%2C%27qqqjq%27%7C%7C%27BwrPtfJSTApFRatYUAfYMlLJWfpyPyQIaFbZYFMb%27%7C%7C%27qkqkq%27--%20jell&quot;)" computerName="V020705" duration="00:00:00.0003450" startTime="2025-04-30T09:15:17.6698835+02:00" endTime="2025-04-30T09:15:17.6702278+02:00" testType="13cdc9d9-ddb5-4fa4-a97d-d965ccfc6d4b" outcome="Passed" testListId="8c84fa94-04c1-424b-9868-57a2d4851a1d" relativeResultsDirectory="4a0914b9-8fbd-4b72-84ac-2b3e65b74942" />
    <UnitTestResult executionId="e03c9643-7f6c-4be5-8bb5-6c4543ea2c59" testId="e985b10f-1ee5-2c5e-247d-238f976d5c35" testName="Allows_Cors_For_Configured_Domains(&quot;http://localhost:50155&quot;,&quot;/connect/token&quot;)" computerName="V020705" duration="00:00:00.0013790" startTime="2025-04-30T09:15:17.1934099+02:00" endTime="2025-04-30T09:15:17.1947886+02:00" testType="13cdc9d9-ddb5-4fa4-a97d-d965ccfc6d4b" outcome="Passed" testListId="8c84fa94-04c1-424b-9868-57a2d4851a1d" relativeResultsDirectory="e03c9643-7f6c-4be5-8bb5-6c4543ea2c59" />
    <UnitTestResult executionId="947b7b6d-da51-42ec-86a0-c502e7f72f98" testId="1dc6b884-3433-d1da-70b6-7af27a63de6b" testName="Returns_Data" computerName="V020705" duration="00:00:00.4032810" startTime="2025-04-30T09:14:14.9756162+02:00" endTime="2025-04-30T09:14:15.3788882+02:00" testType="13cdc9d9-ddb5-4fa4-a97d-d965ccfc6d4b" outcome="Passed" testListId="8c84fa94-04c1-424b-9868-57a2d4851a1d" relativeResultsDirectory="947b7b6d-da51-42ec-86a0-c502e7f72f98" />
    <UnitTestResult executionId="065c57e6-9ec4-46a4-95ae-8a5c4f6ef38d" testId="71336bed-fb0a-db5e-3496-fbe1146c6001" testName="Returns_Unauthorized_When_Scope_Is_Not_Valid" computerName="V020705" duration="00:00:00.0308930" startTime="2025-04-30T09:12:38.2587071+02:00" endTime="2025-04-30T09:12:38.2895976+02:00" testType="13cdc9d9-ddb5-4fa4-a97d-d965ccfc6d4b" outcome="Passed" testListId="8c84fa94-04c1-424b-9868-57a2d4851a1d" relativeResultsDirectory="065c57e6-9ec4-46a4-95ae-8a5c4f6ef38d" />
    <UnitTestResult executionId="213ace56-bb13-4f5e-ae0f-ef8fe06ed2d4" testId="a9211efd-b228-c7ad-4b9d-f03b78ab078f" testName="Should_Return_Bad_Request_For_Posts(&quot;/Account/Login?ReturnUrl=-1969%25%27%20UNION%20ALL%20SELECT%20NULL%2C%27qqqjq%27%7C%7C%27rHPLLbFQNC%27%7C%7C%27qkqkq%27%2CNULL%2CNULL%2CNULL%2CNULL%2CNULL%2CNULL%2CNULL%2CNULL--%20IyWo&quot;)" computerName="V020705" duration="00:00:00.0001540" startTime="2025-04-30T09:15:17.7096753+02:00" endTime="2025-04-30T09:15:17.7098297+02:00" testType="13cdc9d9-ddb5-4fa4-a97d-d965ccfc6d4b" outcome="Passed" testListId="8c84fa94-04c1-424b-9868-57a2d4851a1d" relativeResultsDirectory="213ace56-bb13-4f5e-ae0f-ef8fe06ed2d4" />
    <UnitTestResult executionId="ec2b86fa-dab3-4bf1-b1a9-61f1a88e68a0" testId="16beffbc-41ed-cfe3-3e21-5aa951ca00a2" testName="Returns_New_User_With_Location" computerName="V020705" duration="00:00:00.0156200" startTime="2025-04-30T09:13:23.6660624+02:00" endTime="2025-04-30T09:13:23.6816809+02:00" testType="13cdc9d9-ddb5-4fa4-a97d-d965ccfc6d4b" outcome="Passed" testListId="8c84fa94-04c1-424b-9868-57a2d4851a1d" relativeResultsDirectory="ec2b86fa-dab3-4bf1-b1a9-61f1a88e68a0" />
    <UnitTestResult executionId="00f83888-07af-4113-b648-38d7243bde02" testId="21f8e87c-7a0d-6c18-28f2-6d1debb066c7" testName="Should_Return_Bad_Request_For_Posts(&quot;/Account/Login?ReturnUrl=-2662%25%27%20UNION%20ALL%20SELECT%2063%2C63%2C63%2C63%2C63%23&quot;)" computerName="V020705" duration="00:00:00.0001380" startTime="2025-04-30T09:15:17.7170579+02:00" endTime="2025-04-30T09:15:17.7171960+02:00" testType="13cdc9d9-ddb5-4fa4-a97d-d965ccfc6d4b" outcome="Passed" testListId="8c84fa94-04c1-424b-9868-57a2d4851a1d" relativeResultsDirectory="00f83888-07af-4113-b648-38d7243bde02" />
    <UnitTestResult executionId="3adc83b5-8d12-464c-bf2a-30011d88cdfc" testId="1c411039-f64f-7450-da37-583f0cf67ad2" testName="Should_Return_Bad_Request_For_Posts(&quot;/Account/Login?ReturnUrl=-6641%25%27%20UNION%20ALL%20SELECT%20NULL%2CNULL%2CNULL%2CNULL%2CNULL%2CNULL%2CNULL%2C%27qqqjq%27%7C%7C%27EtkJOeuZwV%27%7C%7C%27qkqkq%27%2CNULL%2CNULL--%20rGps&quot;)" computerName="V020705" duration="00:00:00.0001270" startTime="2025-04-30T09:15:17.7099596+02:00" endTime="2025-04-30T09:15:17.7100863+02:00" testType="13cdc9d9-ddb5-4fa4-a97d-d965ccfc6d4b" outcome="Passed" testListId="8c84fa94-04c1-424b-9868-57a2d4851a1d" relativeResultsDirectory="3adc83b5-8d12-464c-bf2a-30011d88cdfc" />
    <UnitTestResult executionId="14dab831-7630-4c07-8c24-963c0e53761b" testId="77ea25d0-31b3-63d9-26d2-44be4092b680" testName="Should_Return_Bad_Request_For_Posts(&quot;/Account/Login?ReturnUrl=-6619%27%29%20UNION%20ALL%20SELECT%2063%23&quot;)" computerName="V020705" duration="00:00:00.0001640" startTime="2025-04-30T09:15:17.7136763+02:00" endTime="2025-04-30T09:15:17.7138402+02:00" testType="13cdc9d9-ddb5-4fa4-a97d-d965ccfc6d4b" outcome="Passed" testListId="8c84fa94-04c1-424b-9868-57a2d4851a1d" relativeResultsDirectory="14dab831-7630-4c07-8c24-963c0e53761b" />
    <UnitTestResult executionId="881991e2-e517-466f-80c0-4aa92aecd9a9" testId="809d0a45-0f14-bef1-b40c-c01cb42c3a8b" testName="Should_Return_Bad_Request_For_Posts(&quot;/Account/Login?ReturnUrl=-8248%27%29%20UNION%20ALL%20SELECT%20NULL%2CNULL%2CNULL%2CNULL%2CNULL%2CNULL%2C%27qqqjq%27%7C%7C%27zctwFYNirpADLrTiCkvdNvBzocrmMfjItHDhYkSF%27%7C%7C%27qkqkq%27%2CNULL--%20tBIC&quot;)" computerName="V020705" duration="00:00:00.0001480" startTime="2025-04-30T09:15:17.7027718+02:00" endTime="2025-04-30T09:15:17.7029197+02:00" testType="13cdc9d9-ddb5-4fa4-a97d-d965ccfc6d4b" outcome="Passed" testListId="8c84fa94-04c1-424b-9868-57a2d4851a1d" relativeResultsDirectory="881991e2-e517-466f-80c0-4aa92aecd9a9" />
    <UnitTestResult executionId="2fa70bf9-861a-4e20-bed4-59c6a4705043" testId="7f12a5f1-d05d-d1a1-ea17-2a34de042cb6" testName="Returns_Security_Headers" computerName="V020705" duration="00:00:00.0857460" startTime="2025-04-30T09:15:46.6106151+02:00" endTime="2025-04-30T09:15:46.6963585+02:00" testType="13cdc9d9-ddb5-4fa4-a97d-d965ccfc6d4b" outcome="Passed" testListId="8c84fa94-04c1-424b-9868-57a2d4851a1d" relativeResultsDirectory="2fa70bf9-861a-4e20-bed4-59c6a4705043" />
    <UnitTestResult executionId="50d38d81-15a2-417b-b320-67d98731c8f4" testId="739f6c8b-ad3b-d469-bfcc-3451015441e9" testName="Updates_Existing_Users_Email_Via_AzureAD" computerName="V020705" duration="00:00:00.0223590" startTime="2025-04-30T09:13:54.2428796+02:00" endTime="2025-04-30T09:13:54.2652383+02:00" testType="13cdc9d9-ddb5-4fa4-a97d-d965ccfc6d4b" outcome="Passed" testListId="8c84fa94-04c1-424b-9868-57a2d4851a1d" relativeResultsDirectory="50d38d81-15a2-417b-b320-67d98731c8f4" />
    <UnitTestResult executionId="6a2c80a8-341b-4c44-bbbe-e55d5d8f4b14" testId="35eaae9e-31f2-5ecf-a9f0-52de7cc606b2" testName="Should_Return_Bad_Request_For_Posts(&quot;/Account/Login?ReturnUrl=-4282%27%29%20UNION%20ALL%20SELECT%2063%2C63%2C63%2C63%2C%27qqqjq%27%7C%7C%27tWthAVNcFTOjfWQKjjktkkHXPqQDBbRoFeOZtJfC%27%7C%7C%27qkqkq%27%2C63%2C63%2C63--%20mRIh&quot;)" computerName="V020705" duration="00:00:00.0001230" startTime="2025-04-30T09:15:17.7042090+02:00" endTime="2025-04-30T09:15:17.7043320+02:00" testType="13cdc9d9-ddb5-4fa4-a97d-d965ccfc6d4b" outcome="Passed" testListId="8c84fa94-04c1-424b-9868-57a2d4851a1d" relativeResultsDirectory="6a2c80a8-341b-4c44-bbbe-e55d5d8f4b14" />
    <UnitTestResult executionId="0aa5a775-28f2-458a-9a68-5e5d9fd0a8c9" testId="e3e69750-bbc9-7a2f-3b8b-8e2829ffd95b" testName="Returns_New_CHG_User_With_AzureObjectId(&quot;@chg-meridian.com&quot;)" computerName="V020705" duration="00:00:05.3582190" startTime="2025-04-30T09:13:07.6367113+02:00" endTime="2025-04-30T09:13:12.9948105+02:00" testType="13cdc9d9-ddb5-4fa4-a97d-d965ccfc6d4b" outcome="Passed" testListId="8c84fa94-04c1-424b-9868-57a2d4851a1d" relativeResultsDirectory="0aa5a775-28f2-458a-9a68-5e5d9fd0a8c9" />
    <UnitTestResult executionId="b9c4539a-ccaa-4604-a7c1-dce18d217d7e" testId="8a89959c-cd2c-026a-6636-0f9202e2f21f" testName="Should_Return_Bad_Request_For_Posts(&quot;/Account/Login?ReturnUrl=-8871%25%27%20ORDER%20BY%201%23&quot;)" computerName="V020705" duration="00:00:00.0001200" startTime="2025-04-30T09:15:17.7163862+02:00" endTime="2025-04-30T09:15:17.7165065+02:00" testType="13cdc9d9-ddb5-4fa4-a97d-d965ccfc6d4b" outcome="Passed" testListId="8c84fa94-04c1-424b-9868-57a2d4851a1d" relativeResultsDirectory="b9c4539a-ccaa-4604-a7c1-dce18d217d7e" />
    <UnitTestResult executionId="244872ca-6edf-483a-9a9d-a2ff7f9af234" testId="6100920b-4350-9c16-4554-634b56f9a864" testName="Should_Return_Bad_Request(&quot;/Account/Login?ReturnUrl=-9899%27%29%20UNION%20ALL%20SELECT%2063%2C63%2C63%2C63%2C63%2C63%23&quot;)" computerName="V020705" duration="00:00:00.0001720" startTime="2025-04-30T09:15:17.6884559+02:00" endTime="2025-04-30T09:15:17.6886283+02:00" testType="13cdc9d9-ddb5-4fa4-a97d-d965ccfc6d4b" outcome="Passed" testListId="8c84fa94-04c1-424b-9868-57a2d4851a1d" relativeResultsDirectory="244872ca-6edf-483a-9a9d-a2ff7f9af234" />
    <UnitTestResult executionId="17e07b29-c253-41c1-8b0e-fd0f3a1caedb" testId="68df9546-e6ab-22b9-f96a-fbda4ddc23c5" testName="Returns_Updated_User_When_Only_Email_Was_Given" computerName="V020705" duration="00:00:00.0134040" startTime="2025-04-30T09:13:51.9267964+02:00" endTime="2025-04-30T09:13:51.9401996+02:00" testType="13cdc9d9-ddb5-4fa4-a97d-d965ccfc6d4b" outcome="Passed" testListId="8c84fa94-04c1-424b-9868-57a2d4851a1d" relativeResultsDirectory="17e07b29-c253-41c1-8b0e-fd0f3a1caedb" />
    <UnitTestResult executionId="41500352-3306-4d3b-aa41-d4d701e6924f" testId="35402e38-fcfc-1263-256e-79d64ce0a974" testName="Should_Return_Bad_Request(&quot;/Account/Login?ReturnUrl=-9384%27%29%20UNION%20ALL%20SELECT%2063%2C63%2C63%2C63%2C63%2C%27qqqjq%27%7C%7C%27DvqgcuqaIWzJMGzIFKTmyLFUhvXPBKlDhzrFNKoX%27%7C%7C%27qkqkq%27%2C63%2C63--%20xtRv&quot;)" computerName="V020705" duration="00:00:00.0002340" startTime="2025-04-30T09:15:17.6745268+02:00" endTime="2025-04-30T09:15:17.6747601+02:00" testType="13cdc9d9-ddb5-4fa4-a97d-d965ccfc6d4b" outcome="Passed" testListId="8c84fa94-04c1-424b-9868-57a2d4851a1d" relativeResultsDirectory="41500352-3306-4d3b-aa41-d4d701e6924f" />
    <UnitTestResult executionId="8527b703-9044-4137-ac1b-2e9df1fd47f2" testId="6f7e521f-b402-afc4-d149-adf0d9073d5c" testName="Returns_Bad_Request_For_Malformed_Email(&quot;@test&quot;)" computerName="V020705" duration="00:00:05.2881859" startTime="2025-04-30T09:12:50.7115908+02:00" endTime="2025-04-30T09:12:55.9996577+02:00" testType="13cdc9d9-ddb5-4fa4-a97d-d965ccfc6d4b" outcome="Passed" testListId="8c84fa94-04c1-424b-9868-57a2d4851a1d" relativeResultsDirectory="8527b703-9044-4137-ac1b-2e9df1fd47f2" />
    <UnitTestResult executionId="aca1dc44-91df-4845-b834-9db7757d2c9c" testId="b7b71104-90b6-39b6-2870-cb798a4583e5" testName="Returns_True_For_Strong_Password(&quot;newpassword&quot;)" computerName="V020705" duration="00:00:00.0011770" startTime="2025-04-30T09:12:56.2264858+02:00" endTime="2025-04-30T09:12:56.2276628+02:00" testType="13cdc9d9-ddb5-4fa4-a97d-d965ccfc6d4b" outcome="Passed" testListId="8c84fa94-04c1-424b-9868-57a2d4851a1d" relativeResultsDirectory="aca1dc44-91df-4845-b834-9db7757d2c9c" />
    <UnitTestResult executionId="0cde4f7b-429d-4d27-be85-28a2102343bb" testId="35021be4-47b1-a92a-78a3-82013b3208f7" testName="Returns_Unauthorized_When_Not_Logged_In(&quot;/api/v1.0/users/&quot;)" computerName="V020705" duration="00:00:00.0025460" startTime="2025-04-30T09:13:34.6141132+02:00" endTime="2025-04-30T09:13:34.6166554+02:00" testType="13cdc9d9-ddb5-4fa4-a97d-d965ccfc6d4b" outcome="Passed" testListId="8c84fa94-04c1-424b-9868-57a2d4851a1d" relativeResultsDirectory="0cde4f7b-429d-4d27-be85-28a2102343bb" />
    <UnitTestResult executionId="f82f8842-d334-461c-a69b-de18dc9d5265" testId="40359d04-9b96-78cf-58c6-e161486a91a3" testName="Returns_Ok_When_User_Was_Found(&quot;/api/v1.0/users/&quot;,&quot;test.employee&quot;)" computerName="V020705" duration="00:00:00.0075800" startTime="2025-04-30T09:13:34.5907327+02:00" endTime="2025-04-30T09:13:34.5983114+02:00" testType="13cdc9d9-ddb5-4fa4-a97d-d965ccfc6d4b" outcome="Passed" testListId="8c84fa94-04c1-424b-9868-57a2d4851a1d" relativeResultsDirectory="f82f8842-d334-461c-a69b-de18dc9d5265" />
    <UnitTestResult executionId="35134417-054d-4b3e-a216-da423b2dacc7" testId="fd45f5d7-4b14-0736-4967-a810833cafd8" testName="Persists_Only_Primary_Email" computerName="V020705" duration="00:00:00.0461980" startTime="2025-04-30T09:15:23.3882054+02:00" endTime="2025-04-30T09:15:23.4344023+02:00" testType="13cdc9d9-ddb5-4fa4-a97d-d965ccfc6d4b" outcome="Passed" testListId="8c84fa94-04c1-424b-9868-57a2d4851a1d" relativeResultsDirectory="35134417-054d-4b3e-a216-da423b2dacc7" />
    <UnitTestResult executionId="17c2fd91-db18-422b-b5db-70b80b8dfee7" testId="166aeced-6bf8-8795-e3aa-c9379e93dabb" testName="Should_Return_Bad_Request_For_Posts(&quot;/Account/Login?ReturnUrl=-1561%27%29%20UNION%20ALL%20SELECT%20NULL%2CNULL%2CNULL%2C%27qqqjq%27%7C%7C%27gixApvCcroetDHpwNBKKzPquepYgdiIFBGIGecgN%27%7C%7C%27qkqkq%27%2CNULL%2CNULL%2CNULL%2CNULL--%20wUOZ&quot;)" computerName="V020705" duration="00:00:00.0001250" startTime="2025-04-30T09:15:17.7023797+02:00" endTime="2025-04-30T09:15:17.7025044+02:00" testType="13cdc9d9-ddb5-4fa4-a97d-d965ccfc6d4b" outcome="Passed" testListId="8c84fa94-04c1-424b-9868-57a2d4851a1d" relativeResultsDirectory="17c2fd91-db18-422b-b5db-70b80b8dfee7" />
    <UnitTestResult executionId="9be9e3ea-f050-412f-b59b-d2d3d7119899" testId="d44b8bc3-81b2-9401-4d4d-47ec24e62a4d" testName="Deletes_An_Existing_User" computerName="V020705" duration="00:00:05.4190680" startTime="2025-04-30T09:15:23.4707177+02:00" endTime="2025-04-30T09:15:28.8896645+02:00" testType="13cdc9d9-ddb5-4fa4-a97d-d965ccfc6d4b" outcome="Passed" testListId="8c84fa94-04c1-424b-9868-57a2d4851a1d" relativeResultsDirectory="9be9e3ea-f050-412f-b59b-d2d3d7119899" />
    <UnitTestResult executionId="97006cc6-7c17-4166-bb64-3dc26425ae28" testId="a1ea5e7c-7cb3-ac68-0314-7e52c4c19279" testName="Should_Return_Bad_Request_For_Posts(&quot;/Account/Login?ReturnUrl=-2280%25%27%20UNION%20ALL%20SELECT%20NULL%2CNULL%2CNULL%2CNULL%2CNULL%2C%27qqqjq%27%7C%7C%27fupHoDYKPxVMNLpPgYUKNPxXWpwBluQFHVjuuvqp%27%7C%7C%27qkqkq%27%2CNULL%2CNULL%2CNULL%2CNULL--%20anug&quot;)" computerName="V020705" duration="00:00:00.0001450" startTime="2025-04-30T09:15:17.7064087+02:00" endTime="2025-04-30T09:15:17.7065541+02:00" testType="13cdc9d9-ddb5-4fa4-a97d-d965ccfc6d4b" outcome="Passed" testListId="8c84fa94-04c1-424b-9868-57a2d4851a1d" relativeResultsDirectory="97006cc6-7c17-4166-bb64-3dc26425ae28" />
    <UnitTestResult executionId="ad325b6b-3367-4acf-b8b5-7d426041b03b" testId="354b7c20-21d2-f72b-90e4-f6848bab1af5" testName="Should_Return_Bad_Request(&quot;/Account/Login?ReturnUrl=-5523%25%27%20UNION%20ALL%20SELECT%20NULL%2CNULL%2CNULL%2CNULL%2CNULL%2CNULL%2CNULL%2CNULL%2C%27qqqjq%27%7C%7C%27EfgGxmKWNm%27%7C%7C%27qkqkq%27%2CNULL--%20GcCj&quot;)" computerName="V020705" duration="00:00:00.0001950" startTime="2025-04-30T09:15:17.6813292+02:00" endTime="2025-04-30T09:15:17.6815242+02:00" testType="13cdc9d9-ddb5-4fa4-a97d-d965ccfc6d4b" outcome="Passed" testListId="8c84fa94-04c1-424b-9868-57a2d4851a1d" relativeResultsDirectory="ad325b6b-3367-4acf-b8b5-7d426041b03b" />
    <UnitTestResult executionId="eced21e9-dfed-413a-8195-1149d4a89d36" testId="b6ebe7ac-d7c0-196a-dca1-09ecb3cc0b7c" testName="Should_Return_Bad_Request_For_Posts(&quot;/Account/Login?ReturnUrl=-6260%27%29%20UNION%20ALL%20SELECT%2063%2C63%2C63%23&quot;)" computerName="V020705" duration="00:00:00.0001260" startTime="2025-04-30T09:15:17.7139712+02:00" endTime="2025-04-30T09:15:17.7140970+02:00" testType="13cdc9d9-ddb5-4fa4-a97d-d965ccfc6d4b" outcome="Passed" testListId="8c84fa94-04c1-424b-9868-57a2d4851a1d" relativeResultsDirectory="eced21e9-dfed-413a-8195-1149d4a89d36" />
    <UnitTestResult executionId="26f7c602-1c4b-480a-8229-3c0242982412" testId="f165e555-b11e-d70e-83cc-9c4f6dc249bc" testName="Should_Return_Bad_Request_For_Posts(&quot;/Account/Login?ReturnUrl=-2903%25%27%20UNION%20ALL%20SELECT%20NULL%2C%27qqqjq%27%7C%7C%27lcFYJQoTZjaThtRkvtzLZsVoMWugesivHBaafWwE%27%7C%7C%27qkqkq%27%2CNULL%2CNULL%2CNULL%2CNULL%2CNULL%2CNULL%2CNULL%2CNULL--%20ZWip&quot;)" computerName="V020705" duration="00:00:00.0001230" startTime="2025-04-30T09:15:17.7069629+02:00" endTime="2025-04-30T09:15:17.7070863+02:00" testType="13cdc9d9-ddb5-4fa4-a97d-d965ccfc6d4b" outcome="Passed" testListId="8c84fa94-04c1-424b-9868-57a2d4851a1d" relativeResultsDirectory="26f7c602-1c4b-480a-8229-3c0242982412" />
    <UnitTestResult executionId="62660b53-e612-4661-932d-cfd70d16db37" testId="24e128d8-9eeb-d311-385f-db57ebf62d5a" testName="Should_Return_Bad_Request_For_Posts(&quot;/Account/Login?ReturnUrl=-8844%27%20UNION%20ALL%20SELECT%2063%2C63%2C63%2C63%2C63%2C63%23&quot;)" computerName="V020705" duration="00:00:00.0001330" startTime="2025-04-30T09:15:17.7157483+02:00" endTime="2025-04-30T09:15:17.7158814+02:00" testType="13cdc9d9-ddb5-4fa4-a97d-d965ccfc6d4b" outcome="Passed" testListId="8c84fa94-04c1-424b-9868-57a2d4851a1d" relativeResultsDirectory="62660b53-e612-4661-932d-cfd70d16db37" />
    <UnitTestResult executionId="054590fc-a431-4cc9-b34c-d2a85586dc21" testId="99e17e04-7fb9-0a0a-b24a-5707d0fe8f9c" testName="Should_Return_Bad_Request(&quot;/Account/Login?ReturnUrl=-6641%25%27%20UNION%20ALL%20SELECT%20NULL%2CNULL%2CNULL%2CNULL%2CNULL%2CNULL%2CNULL%2C%27qqqjq%27%7C%7C%27EtkJOeuZwV%27%7C%7C%27qkqkq%27%2CNULL%2CNULL--%20rGps&quot;)" computerName="V020705" duration="00:00:00.0013570" startTime="2025-04-30T09:15:17.6815337+02:00" endTime="2025-04-30T09:15:17.6828904+02:00" testType="13cdc9d9-ddb5-4fa4-a97d-d965ccfc6d4b" outcome="Passed" testListId="8c84fa94-04c1-424b-9868-57a2d4851a1d" relativeResultsDirectory="054590fc-a431-4cc9-b34c-d2a85586dc21" />
    <UnitTestResult executionId="5bda2e5d-b2cd-4929-ae41-fc9b074d83be" testId="034ef28a-f6a6-254f-c0a6-d63ab70a7f70" testName="Updates_Existing_Users_Claims_Via_AzureAD" computerName="V020705" duration="00:00:00.0389260" startTime="2025-04-30T09:13:54.2038681+02:00" endTime="2025-04-30T09:13:54.2427925+02:00" testType="13cdc9d9-ddb5-4fa4-a97d-d965ccfc6d4b" outcome="Passed" testListId="8c84fa94-04c1-424b-9868-57a2d4851a1d" relativeResultsDirectory="5bda2e5d-b2cd-4929-ae41-fc9b074d83be" />
    <UnitTestResult executionId="0d834f27-08de-4f90-8eae-83e01def20f8" testId="4282eefe-6df0-0aa8-f48d-cbcc526368f0" testName="Should_Return_Bad_Request(&quot;/Account/Login?ReturnUrl=-4721%27%20UNION%20ALL%20SELECT%2063%2C63%2C63%23&quot;)" computerName="V020705" duration="00:00:00.0001689" startTime="2025-04-30T09:15:17.6898657+02:00" endTime="2025-04-30T09:15:17.6900349+02:00" testType="13cdc9d9-ddb5-4fa4-a97d-d965ccfc6d4b" outcome="Passed" testListId="8c84fa94-04c1-424b-9868-57a2d4851a1d" relativeResultsDirectory="0d834f27-08de-4f90-8eae-83e01def20f8" />
    <UnitTestResult executionId="a3b2978e-4506-4850-aee9-50674ddc1437" testId="93656714-6626-fb72-b7b8-0ddb5a424c60" testName="Should_Return_Bad_Request(&quot;/Account/Login?ReturnUrl=-6979%27%29%20UNION%20ALL%20SELECT%2063%2C63%23&quot;)" computerName="V020705" duration="00:00:00.0002380" startTime="2025-04-30T09:15:17.6876109+02:00" endTime="2025-04-30T09:15:17.6878485+02:00" testType="13cdc9d9-ddb5-4fa4-a97d-d965ccfc6d4b" outcome="Passed" testListId="8c84fa94-04c1-424b-9868-57a2d4851a1d" relativeResultsDirectory="a3b2978e-4506-4850-aee9-50674ddc1437" />
    <UnitTestResult executionId="ed10da8f-e85e-4b58-b7c3-8793f8b58bae" testId="833dcbe4-f0ff-88ae-b9c0-db6198a833b2" testName="Returns_New_User_When_Only_Email_Was_Given" computerName="V020705" duration="00:00:00.0140640" startTime="2025-04-30T09:13:23.6519276+02:00" endTime="2025-04-30T09:13:23.6659911+02:00" testType="13cdc9d9-ddb5-4fa4-a97d-d965ccfc6d4b" outcome="Passed" testListId="8c84fa94-04c1-424b-9868-57a2d4851a1d" relativeResultsDirectory="ed10da8f-e85e-4b58-b7c3-8793f8b58bae" />
    <UnitTestResult executionId="4948763c-4488-440c-8d48-19d6f932a4f4" testId="8072a877-4ce2-a367-8767-fb309ad6db36" testName="Should_Return_Bad_Request(&quot;/Account/Login?ReturnUrl=-1925%27%29%20UNION%20ALL%20SELECT%20%27qqqjq%27%7C%7C%27KIxHyOCneOPijrlcxDIpHjSLEBWCsnXHEtFbrGMs%27%7C%7C%27qkqkq%27%2CNULL%2CNULL%2CNULL%2CNULL%2CNULL%2CNULL%2CNULL--%20gkGc&quot;)" computerName="V020705" duration="00:00:00.0003010" startTime="2025-04-30T09:15:17.6671715+02:00" endTime="2025-04-30T09:15:17.6674716+02:00" testType="13cdc9d9-ddb5-4fa4-a97d-d965ccfc6d4b" outcome="Passed" testListId="8c84fa94-04c1-424b-9868-57a2d4851a1d" relativeResultsDirectory="4948763c-4488-440c-8d48-19d6f932a4f4" />
    <UnitTestResult executionId="5cfc109a-04ec-4077-8e7f-4c52ffd2e311" testId="e0a04c8d-9b09-35cd-2c4a-640589ce90ab" testName="Returns_AccessDenied_When_Insufficent_Permissions" computerName="V020705" duration="00:00:00.3733570" startTime="2025-04-30T09:14:15.3797816+02:00" endTime="2025-04-30T09:14:15.7531296+02:00" testType="13cdc9d9-ddb5-4fa4-a97d-d965ccfc6d4b" outcome="Passed" testListId="8c84fa94-04c1-424b-9868-57a2d4851a1d" relativeResultsDirectory="5cfc109a-04ec-4077-8e7f-4c52ffd2e311" />
    <UnitTestResult executionId="f615dbc0-4d49-4549-9858-39ce4f317be5" testId="10822486-5613-712f-753d-b793e90e3e4e" testName="Does_Not_Throw_On_Empty_Import_Directory" computerName="V020705" duration="00:00:00.0015750" startTime="2025-04-30T09:14:24.2791914+02:00" endTime="2025-04-30T09:14:24.2807659+02:00" testType="13cdc9d9-ddb5-4fa4-a97d-d965ccfc6d4b" outcome="Passed" testListId="8c84fa94-04c1-424b-9868-57a2d4851a1d" relativeResultsDirectory="f615dbc0-4d49-4549-9858-39ce4f317be5" />
    <UnitTestResult executionId="3a401890-e3fa-4edb-8bff-59d0340ef574" testId="a2445d27-87a0-f54f-9806-d9478d50a912" testName="Returns_Forbidden_When_Scope_Is_Not_Valid" computerName="V020705" duration="00:00:00.0097590" startTime="2025-04-30T09:13:51.8834273+02:00" endTime="2025-04-30T09:13:51.8931856+02:00" testType="13cdc9d9-ddb5-4fa4-a97d-d965ccfc6d4b" outcome="Passed" testListId="8c84fa94-04c1-424b-9868-57a2d4851a1d" relativeResultsDirectory="3a401890-e3fa-4edb-8bff-59d0340ef574" />
    <UnitTestResult executionId="169eeb93-6fd7-402f-963b-2b565b46a613" testId="4ed60e03-01ea-6d16-8049-7c85b7fcfb38" testName="Should_Return_Bad_Request(&quot;/Account/Login?ReturnUrl=-8118%27%20UNION%20ALL%20SELECT%2063%2C63%2C63%2C63%2C63%23&quot;)" computerName="V020705" duration="00:00:00.0001670" startTime="2025-04-30T09:15:17.6902091+02:00" endTime="2025-04-30T09:15:17.6903760+02:00" testType="13cdc9d9-ddb5-4fa4-a97d-d965ccfc6d4b" outcome="Passed" testListId="8c84fa94-04c1-424b-9868-57a2d4851a1d" relativeResultsDirectory="169eeb93-6fd7-402f-963b-2b565b46a613" />
    <UnitTestResult executionId="9d902c38-fec1-452b-a950-f61c4e05d8f8" testId="fb35d0bb-5a8d-096d-7b61-9fb390e2f9a5" testName="Can_Return_LoginProvider_Metadata" computerName="V020705" duration="00:00:00.0264800" startTime="2025-04-30T09:14:25.6552878+02:00" endTime="2025-04-30T09:14:25.6817666+02:00" testType="13cdc9d9-ddb5-4fa4-a97d-d965ccfc6d4b" outcome="Passed" testListId="8c84fa94-04c1-424b-9868-57a2d4851a1d" relativeResultsDirectory="9d902c38-fec1-452b-a950-f61c4e05d8f8" />
    <UnitTestResult executionId="8796ffc4-8ed7-4511-ba52-507b8b1d0d03" testId="80c5ed7a-1f86-279e-0d1c-89b2a2bd0493" testName="Can_Be_Called_With_UserName_V3" computerName="V020705" duration="00:00:00.0157050" startTime="2025-04-30T09:13:46.0643295+02:00" endTime="2025-04-30T09:13:46.0800334+02:00" testType="13cdc9d9-ddb5-4fa4-a97d-d965ccfc6d4b" outcome="Passed" testListId="8c84fa94-04c1-424b-9868-57a2d4851a1d" relativeResultsDirectory="8796ffc4-8ed7-4511-ba52-507b8b1d0d03" />
    <UnitTestResult executionId="385ca9f4-525f-43f0-83aa-a063203b267f" testId="dfa1f390-cef9-2aa5-4518-c78b8336ab29" testName="Should_Return_Bad_Request_For_Posts(&quot;/Account/Login?ReturnUrl=-4263%20UNION%20ALL%20SELECT%2063%2C63%23&quot;)" computerName="V020705" duration="00:00:00.0015730" startTime="2025-04-30T09:15:17.7191458+02:00" endTime="2025-04-30T09:15:17.7207190+02:00" testType="13cdc9d9-ddb5-4fa4-a97d-d965ccfc6d4b" outcome="Passed" testListId="8c84fa94-04c1-424b-9868-57a2d4851a1d" relativeResultsDirectory="385ca9f4-525f-43f0-83aa-a063203b267f" />
    <UnitTestResult executionId="fceb923c-fe16-4a2f-b182-d3f09a901f35" testId="ed455bfc-c11d-1302-39a1-efbf1d3eb764" testName="Should_Return_Bad_Request_For_Posts(&quot;/Account/Login?ReturnUrl=-9926%25%27%20UNION%20ALL%20SELECT%20%27qqqjq%27%7C%7C%27zMFMfGpdyq%27%7C%7C%27qkqkq%27%2CNULL%2CNULL%2CNULL%2CNULL%2CNULL%2CNULL%2CNULL%2CNULL%2CNULL--%20AraL&quot;)" computerName="V020705" duration="00:00:00.0001240" startTime="2025-04-30T09:15:17.7095488+02:00" endTime="2025-04-30T09:15:17.7096728+02:00" testType="13cdc9d9-ddb5-4fa4-a97d-d965ccfc6d4b" outcome="Passed" testListId="8c84fa94-04c1-424b-9868-57a2d4851a1d" relativeResultsDirectory="fceb923c-fe16-4a2f-b182-d3f09a901f35" />
    <UnitTestResult executionId="01cfc69a-3b86-41d2-a159-ab45fa9f8480" testId="fba1b6c6-e6e6-f4b5-e966-383bd13eb6bd" testName="Returns_Found_User_With_All_Properties" computerName="V020705" duration="00:00:00.0825550" startTime="2025-04-30T09:15:34.3076917+02:00" endTime="2025-04-30T09:15:34.3902451+02:00" testType="13cdc9d9-ddb5-4fa4-a97d-d965ccfc6d4b" outcome="Passed" testListId="8c84fa94-04c1-424b-9868-57a2d4851a1d" relativeResultsDirectory="01cfc69a-3b86-41d2-a159-ab45fa9f8480" />
    <UnitTestResult executionId="425ae0fb-e0a4-4a03-a382-7d2ed0a55f64" testId="9a87d413-c6b3-9ad7-7032-29cd0562cb72" testName="Should_Return_Bad_Request(&quot;/Account/Login?ReturnUrl=-6870%27%29%20UNION%20ALL%20SELECT%20NULL%2CNULL%2CNULL%2CNULL%2CNULL%2C%27qqqjq%27%7C%7C%27ZwoQylpQOz%27%7C%7C%27qkqkq%27%2CNULL%2CNULL--%20nPgu&quot;)" computerName="V020705" duration="00:00:00.0003740" startTime="2025-04-30T09:15:17.6706178+02:00" endTime="2025-04-30T09:15:17.6709920+02:00" testType="13cdc9d9-ddb5-4fa4-a97d-d965ccfc6d4b" outcome="Passed" testListId="8c84fa94-04c1-424b-9868-57a2d4851a1d" relativeResultsDirectory="425ae0fb-e0a4-4a03-a382-7d2ed0a55f64" />
    <UnitTestResult executionId="0a86d2e0-afda-4be6-b018-14256e70a5d5" testId="1f742154-6861-6578-9414-0e9a3eece60e" testName="Should_Return_Bad_Request(&quot;/Account/Login?ReturnUrl=-2065%25%27%20UNION%20ALL%20SELECT%2063%2C63%2C63%2C63%2C63%2C63%2C63%23&quot;)" computerName="V020705" duration="00:00:00.0001150" startTime="2025-04-30T09:15:17.6921308+02:00" endTime="2025-04-30T09:15:17.6922462+02:00" testType="13cdc9d9-ddb5-4fa4-a97d-d965ccfc6d4b" outcome="Passed" testListId="8c84fa94-04c1-424b-9868-57a2d4851a1d" relativeResultsDirectory="0a86d2e0-afda-4be6-b018-14256e70a5d5" />
    <UnitTestResult executionId="0bb69664-e8d9-4786-862a-a49b046699a3" testId="346a06e8-264a-f2f0-f29c-725865e4afb7" testName="Should_Return_Bad_Request_For_Posts(&quot;/Account/Login?ReturnUrl=-6870%27%29%20UNION%20ALL%20SELECT%20NULL%2CNULL%2CNULL%2CNULL%2CNULL%2C%27qqqjq%27%7C%7C%27ZwoQylpQOz%27%7C%7C%27qkqkq%27%2CNULL%2CNULL--%20nPgu&quot;)" computerName="V020705" duration="00:00:00.0001280" startTime="2025-04-30T09:15:17.7031810+02:00" endTime="2025-04-30T09:15:17.7033091+02:00" testType="13cdc9d9-ddb5-4fa4-a97d-d965ccfc6d4b" outcome="Passed" testListId="8c84fa94-04c1-424b-9868-57a2d4851a1d" relativeResultsDirectory="0bb69664-e8d9-4786-862a-a49b046699a3" />
    <UnitTestResult executionId="5214ad0e-42bb-42fd-9478-305cfb54e777" testId="baf93a6c-301d-2e66-c971-d67ed7e2f83a" testName="Should_Return_Bad_Request(&quot;/Account/Login?ReturnUrl=-4002%25%27%20UNION%20ALL%20SELECT%20NULL%2CNULL%2CNULL%2C%27qqqjq%27%7C%7C%27frUklYEMDw%27%7C%7C%27qkqkq%27%2CNULL%2CNULL%2CNULL%2CNULL%2CNULL%2CNULL--%20wXIx&quot;)" computerName="V020705" duration="00:00:00.0002120" startTime="2025-04-30T09:15:17.6828964+02:00" endTime="2025-04-30T09:15:17.6831083+02:00" testType="13cdc9d9-ddb5-4fa4-a97d-d965ccfc6d4b" outcome="Passed" testListId="8c84fa94-04c1-424b-9868-57a2d4851a1d" relativeResultsDirectory="5214ad0e-42bb-42fd-9478-305cfb54e777" />
    <UnitTestResult executionId="71296b6f-fa11-4868-bad4-5d9a477dec49" testId="f68d4791-0915-e353-4209-2a4498755aee" testName="Returns_False_For_Weak_Password(&quot;password&quot;)" computerName="V020705" duration="00:00:00.0094220" startTime="2025-04-30T09:12:56.2077752+02:00" endTime="2025-04-30T09:12:56.2171969+02:00" testType="13cdc9d9-ddb5-4fa4-a97d-d965ccfc6d4b" outcome="Passed" testListId="8c84fa94-04c1-424b-9868-57a2d4851a1d" relativeResultsDirectory="71296b6f-fa11-4868-bad4-5d9a477dec49" />
    <UnitTestResult executionId="1d3c555e-2662-4187-a31a-bfd9e44c7213" testId="71d7e133-8ecf-861e-c62c-fb338ed22887" testName="Returns_Api_Operations" computerName="V020705" duration="00:00:00.1539090" startTime="2025-04-30T09:13:01.8472509+02:00" endTime="2025-04-30T09:13:02.0011556+02:00" testType="13cdc9d9-ddb5-4fa4-a97d-d965ccfc6d4b" outcome="Passed" testListId="8c84fa94-04c1-424b-9868-57a2d4851a1d" relativeResultsDirectory="1d3c555e-2662-4187-a31a-bfd9e44c7213" />
    <UnitTestResult executionId="da89d47e-1ef5-482b-8624-8fb2a21d09fe" testId="4fa6929e-1f20-12f7-92d3-ae61d5ba1aab" testName="Returns_An_IsError_TokenResult_For_Invalid_Client_Secret" computerName="V020705" duration="00:00:00.0032420" startTime="2025-04-30T09:14:36.1195073+02:00" endTime="2025-04-30T09:14:36.1227489+02:00" testType="13cdc9d9-ddb5-4fa4-a97d-d965ccfc6d4b" outcome="Passed" testListId="8c84fa94-04c1-424b-9868-57a2d4851a1d" relativeResultsDirectory="da89d47e-1ef5-482b-8624-8fb2a21d09fe" />
    <UnitTestResult executionId="f9e67758-611d-448a-829e-9d430e169854" testId="168bdac7-ed76-0c99-ba1a-1ee5b2fb09eb" testName="Should_Return_Bad_Request_For_Posts(&quot;/Account/Login?ReturnUrl=-4963%27%29%20UNION%20ALL%20SELECT%20NULL%2C%27qqqjq%27%7C%7C%27EgxvZACSTRhenboNBEGBKvLzvaeCJCZRPaoHjmIC%27%7C%7C%27qkqkq%27%2CNULL%2CNULL%2CNULL%2CNULL%2CNULL%2CNULL--%20Yhfy&quot;)" computerName="V020705" duration="00:00:00.0001299" startTime="2025-04-30T09:15:17.7026350+02:00" endTime="2025-04-30T09:15:17.7027645+02:00" testType="13cdc9d9-ddb5-4fa4-a97d-d965ccfc6d4b" outcome="Passed" testListId="8c84fa94-04c1-424b-9868-57a2d4851a1d" relativeResultsDirectory="f9e67758-611d-448a-829e-9d430e169854" />
    <UnitTestResult executionId="68e3aa6c-571e-40a7-8981-6b0ba53b1f0f" testId="c3d1cbe1-843e-8338-2b87-86070a2c1686" testName="EDGE_80_WIN" computerName="V020705" duration="00:00:00.1181590" startTime="2025-04-30T09:14:20.5614284+02:00" endTime="2025-04-30T09:14:20.6795848+02:00" testType="13cdc9d9-ddb5-4fa4-a97d-d965ccfc6d4b" outcome="Passed" testListId="8c84fa94-04c1-424b-9868-57a2d4851a1d" relativeResultsDirectory="68e3aa6c-571e-40a7-8981-6b0ba53b1f0f" />
    <UnitTestResult executionId="213b9967-135e-4c1e-82d9-57392d4fb416" testId="40d08105-b5ba-a355-5271-fb7b67b6c196" testName="Should_Return_Bad_Request_For_Posts(&quot;/Account/Login?ReturnUrl=-5014%25%27%20UNION%20ALL%20SELECT%20NULL%2CNULL%2CNULL%2C%27qqqjq%27%7C%7C%27kUFcmXNEkeOpKSyUKjpILAGxPlyyxMdmYckCDLnT%27%7C%7C%27qkqkq%27%2CNULL%2CNULL%2CNULL%2CNULL%2CNULL%2CNULL--%20IFmi&quot;)" computerName="V020705" duration="00:00:00.0001220" startTime="2025-04-30T09:15:17.7073469+02:00" endTime="2025-04-30T09:15:17.7074691+02:00" testType="13cdc9d9-ddb5-4fa4-a97d-d965ccfc6d4b" outcome="Passed" testListId="8c84fa94-04c1-424b-9868-57a2d4851a1d" relativeResultsDirectory="213b9967-135e-4c1e-82d9-57392d4fb416" />
    <UnitTestResult executionId="ac3afdee-ce06-49d7-87b3-ef73a2da97f5" testId="12ffe511-80a0-52b6-10ce-221b8ca4aae8" testName="Can_Login_With_Username_And_Password" computerName="V020705" duration="00:00:00.4384190" startTime="2025-04-30T09:13:52.3585764+02:00" endTime="2025-04-30T09:13:52.7969853+02:00" testType="13cdc9d9-ddb5-4fa4-a97d-d965ccfc6d4b" outcome="Passed" testListId="8c84fa94-04c1-424b-9868-57a2d4851a1d" relativeResultsDirectory="ac3afdee-ce06-49d7-87b3-ef73a2da97f5" />
    <UnitTestResult executionId="fe03e9e6-a55d-4d57-a3df-86416eb00b98" testId="4fd6fb4c-863d-f8cd-f812-225910ffdefc" testName="Should_Return_Bad_Request(&quot;/Account/Login?ReturnUrl=-3174%27%20UNION%20ALL%20SELECT%2063%2C63%2C63%2C63%2C63%2C63%2C63%2C63%23&quot;)" computerName="V020705" duration="00:00:00.0001820" startTime="2025-04-30T09:15:17.6906695+02:00" endTime="2025-04-30T09:15:17.6908516+02:00" testType="13cdc9d9-ddb5-4fa4-a97d-d965ccfc6d4b" outcome="Passed" testListId="8c84fa94-04c1-424b-9868-57a2d4851a1d" relativeResultsDirectory="fe03e9e6-a55d-4d57-a3df-86416eb00b98" />
    <UnitTestResult executionId="95c3e9a7-32c7-4345-9939-4078c3e06868" testId="60d4882e-0eb1-2857-5dd3-8731209595a7" testName="Should_Return_Bad_Request_For_Posts(&quot;/Account/Login?ReturnUrl=%28SELECT%20%28CASE%20WHEN%20%287282%3D2714%29%20THEN%207282%20ELSE%207282%2A%28SELECT%207282%20FROM%20INFORMATION_SCHEMA.CHARACTER_SETS%29%20END%29%29&quot;)" computerName="V020705" duration="00:00:00.0061110" startTime="2025-04-30T09:15:17.6947454+02:00" endTime="2025-04-30T09:15:17.7008560+02:00" testType="13cdc9d9-ddb5-4fa4-a97d-d965ccfc6d4b" outcome="Passed" testListId="8c84fa94-04c1-424b-9868-57a2d4851a1d" relativeResultsDirectory="95c3e9a7-32c7-4345-9939-4078c3e06868" />
    <UnitTestResult executionId="e0aab919-3668-484a-829a-2cc7fc08f8a9" testId="6ce1d546-6d7e-5acc-a7db-612bdfe1b4cf" testName="Should_Return_Bad_Request_For_Posts(&quot;/Account/Login?ReturnUrl=-6979%27%29%20UNION%20ALL%20SELECT%2063%2C63%23&quot;)" computerName="V020705" duration="00:00:00.0001250" startTime="2025-04-30T09:15:17.7138428+02:00" endTime="2025-04-30T09:15:17.7139674+02:00" testType="13cdc9d9-ddb5-4fa4-a97d-d965ccfc6d4b" outcome="Passed" testListId="8c84fa94-04c1-424b-9868-57a2d4851a1d" relativeResultsDirectory="e0aab919-3668-484a-829a-2cc7fc08f8a9" />
    <UnitTestResult executionId="3fcbf5c6-9d47-4868-8fc4-d1950b139855" testId="cc968c06-abd9-a3c7-ba17-62116c41d074" testName="Returns_Ok_When_Using_UsersApi_Scope(&quot;/api/v1.0/users/&quot;,&quot;test.employee@test.com&quot;)" computerName="V020705" duration="00:00:00.0154720" startTime="2025-04-30T09:13:34.5985458+02:00" endTime="2025-04-30T09:13:34.6140167+02:00" testType="13cdc9d9-ddb5-4fa4-a97d-d965ccfc6d4b" outcome="Passed" testListId="8c84fa94-04c1-424b-9868-57a2d4851a1d" relativeResultsDirectory="3fcbf5c6-9d47-4868-8fc4-d1950b139855" />
    <UnitTestResult executionId="d3731884-4ecb-483a-8705-f3b56d64363c" testId="7a6429b5-bc6b-18ab-0cf2-05c5b08e51d2" testName="Should_Return_Bad_Request(&quot;/Account/Login?ReturnUrl=-8871%25%27%20ORDER%20BY%201%23&quot;)" computerName="V020705" duration="00:00:00.0001170" startTime="2025-04-30T09:15:17.6911452+02:00" endTime="2025-04-30T09:15:17.6912621+02:00" testType="13cdc9d9-ddb5-4fa4-a97d-d965ccfc6d4b" outcome="Passed" testListId="8c84fa94-04c1-424b-9868-57a2d4851a1d" relativeResultsDirectory="d3731884-4ecb-483a-8705-f3b56d64363c" />
    <UnitTestResult executionId="4a216442-5dc7-4e89-b68d-5e286c2a4177" testId="7591c074-9cd8-3c7d-e6a8-c2df4243fa16" testName="Should_Return_Bad_Request(&quot;/Account/Login?ReturnUrl=-5515%27%29%20UNION%20ALL%20SELECT%2063%2C63%2C63%2C63%2C63%2C%27qqqjq%27%7C%7C%27JLVkePqtfS%27%7C%7C%27qkqkq%27%2C63%2C63--%20XgQQ&quot;)" computerName="V020705" duration="00:00:00.0001800" startTime="2025-04-30T09:15:17.6774707+02:00" endTime="2025-04-30T09:15:17.6776502+02:00" testType="13cdc9d9-ddb5-4fa4-a97d-d965ccfc6d4b" outcome="Passed" testListId="8c84fa94-04c1-424b-9868-57a2d4851a1d" relativeResultsDirectory="4a216442-5dc7-4e89-b68d-5e286c2a4177" />
    <UnitTestResult executionId="61a7e116-5492-46ee-b7b5-890e9e09cde6" testId="a605ccf7-a496-070e-2d7c-96a16cb211db" testName="Should_Return_Bad_Request_For_Posts(&quot;/Account/Login?ReturnUrl=-7346%25%27%20UNION%20ALL%20SELECT%20NULL%2CNULL%2CNULL%2CNULL%2CNULL%2CNULL%2CNULL%2CNULL%2CNULL%2C%27qqqjq%27%7C%7C%27yDNFyVzIOvOWAYHmTlQYhNNdIbkMyMbCJdsmnnyb%27%7C%7C%27qkqkq%27--%20kDsO&quot;)" computerName="V020705" duration="00:00:00.0001370" startTime="2025-04-30T09:15:17.7066930+02:00" endTime="2025-04-30T09:15:17.7068301+02:00" testType="13cdc9d9-ddb5-4fa4-a97d-d965ccfc6d4b" outcome="Passed" testListId="8c84fa94-04c1-424b-9868-57a2d4851a1d" relativeResultsDirectory="61a7e116-5492-46ee-b7b5-890e9e09cde6" />
    <UnitTestResult executionId="95e2ed04-bd52-4c71-93ff-35532ca18678" testId="fb445222-bdd6-560a-35fc-528236a75eb3" testName="Should_Return_Bad_Request(&quot;/Account/Login?ReturnUrl=-9320%20UNION%20ALL%20SELECT%2063%2C63%2C63%2C63%2C63%2C63%2C63%23&quot;)" computerName="V020705" duration="00:00:00.0001180" startTime="2025-04-30T09:15:17.6865908+02:00" endTime="2025-04-30T09:15:17.6867084+02:00" testType="13cdc9d9-ddb5-4fa4-a97d-d965ccfc6d4b" outcome="Passed" testListId="8c84fa94-04c1-424b-9868-57a2d4851a1d" relativeResultsDirectory="95e2ed04-bd52-4c71-93ff-35532ca18678" />
    <UnitTestResult executionId="32e7716a-164d-4bb3-ad4a-b6181eabe8f3" testId="473feee2-6634-1b7c-58da-ae579e737838" testName="Returns_Valid_View" computerName="V020705" duration="00:00:00.0674510" startTime="2025-04-30T09:13:59.8119321+02:00" endTime="2025-04-30T09:13:59.8793807+02:00" testType="13cdc9d9-ddb5-4fa4-a97d-d965ccfc6d4b" outcome="Passed" testListId="8c84fa94-04c1-424b-9868-57a2d4851a1d" relativeResultsDirectory="32e7716a-164d-4bb3-ad4a-b6181eabe8f3" />
    <UnitTestResult executionId="29b09d8a-ad19-4708-8878-880ffea29a9f" testId="e8aaab42-0bea-237a-5e22-458fa32cc9b0" testName="Should_Return_Bad_Request_For_Posts(&quot;/Account/Login?ReturnUrl=-6070%27%29%20UNION%20ALL%20SELECT%20%27qqqjq%27%7C%7C%27HNyzojVPZh%27%7C%7C%27qkqkq%27%2CNULL%2CNULL%2CNULL%2CNULL%2CNULL%2CNULL%2CNULL--%20GyGw&quot;)" computerName="V020705" duration="00:00:00.0001270" startTime="2025-04-30T09:15:17.7033128+02:00" endTime="2025-04-30T09:15:17.7034396+02:00" testType="13cdc9d9-ddb5-4fa4-a97d-d965ccfc6d4b" outcome="Passed" testListId="8c84fa94-04c1-424b-9868-57a2d4851a1d" relativeResultsDirectory="29b09d8a-ad19-4708-8878-880ffea29a9f" />
    <UnitTestResult executionId="4c4be177-bd87-4c20-9c91-4acd6a4343a4" testId="a116e619-7648-754f-f407-32b958247704" testName="External_User_Can_Login_Successfully_With_Azure" computerName="V020705" duration="00:00:00.1016500" startTime="2025-04-30T09:14:47.5692720+02:00" endTime="2025-04-30T09:14:47.6709191+02:00" testType="13cdc9d9-ddb5-4fa4-a97d-d965ccfc6d4b" outcome="Passed" testListId="8c84fa94-04c1-424b-9868-57a2d4851a1d" relativeResultsDirectory="4c4be177-bd87-4c20-9c91-4acd6a4343a4" />
    <UnitTestResult executionId="13e5512b-3aa1-4fd5-a69f-b3cbd3c588d0" testId="0f1a973f-5c73-215e-4d52-5cd1899691c6" testName="Should_Return_Bad_Request_For_Posts(&quot;/Account/Login?ReturnUrl=-7896%20UNION%20ALL%20SELECT%2063%2C63%2C63%23&quot;)" computerName="V020705" duration="00:00:00.0001450" startTime="2025-04-30T09:15:17.7207241+02:00" endTime="2025-04-30T09:15:17.7208692+02:00" testType="13cdc9d9-ddb5-4fa4-a97d-d965ccfc6d4b" outcome="Passed" testListId="8c84fa94-04c1-424b-9868-57a2d4851a1d" relativeResultsDirectory="13e5512b-3aa1-4fd5-a69f-b3cbd3c588d0" />
    <UnitTestResult executionId="7a2443b8-39c5-4502-8abf-6ee1eb55a32e" testId="90fe66ae-0614-e16e-dd90-d71d9cf4420a" testName="Should_Return_Bad_Request(&quot;/Account/Login?ReturnUrl=-1630%25%27%20UNION%20ALL%20SELECT%20NULL%2CNULL%2CNULL%2CNULL%2CNULL%2CNULL%2CNULL%2C%27qqqjq%27%7C%7C%27GnrWvrRvKAcUuqNbMWwZQMsSkkHYuGjHZpFrWKRU%27%7C%7C%27qkqkq%27%2CNULL%2CNULL--%20eYMm&quot;)" computerName="V020705" duration="00:00:00.0001970" startTime="2025-04-30T09:15:17.6791546+02:00" endTime="2025-04-30T09:15:17.6793516+02:00" testType="13cdc9d9-ddb5-4fa4-a97d-d965ccfc6d4b" outcome="Passed" testListId="8c84fa94-04c1-424b-9868-57a2d4851a1d" relativeResultsDirectory="7a2443b8-39c5-4502-8abf-6ee1eb55a32e" />
    <UnitTestResult executionId="f1e01950-63f5-477d-a8c9-4bf72ba6087a" testId="83e45a16-f635-f150-6c17-563fe2c73a1e" testName="Accepts_Json_That_Is_Also_Used_For_Initialization_Of_Docker_Containers_For_ProtectedResource" computerName="V020705" duration="00:00:05.5204050" startTime="2025-04-30T09:12:45.1611454+02:00" endTime="2025-04-30T09:12:50.6814243+02:00" testType="13cdc9d9-ddb5-4fa4-a97d-d965ccfc6d4b" outcome="Passed" testListId="8c84fa94-04c1-424b-9868-57a2d4851a1d" relativeResultsDirectory="f1e01950-63f5-477d-a8c9-4bf72ba6087a" />
    <UnitTestResult executionId="de7a5646-d6af-4bf3-b024-44a0a416a4d3" testId="05d90b63-1386-d522-40f1-f2643ab40cf2" testName="Returns_BadRequest_If_UserName_Already_Exists" computerName="V020705" duration="00:00:00.0357700" startTime="2025-04-30T09:13:51.8476150+02:00" endTime="2025-04-30T09:13:51.8833844+02:00" testType="13cdc9d9-ddb5-4fa4-a97d-d965ccfc6d4b" outcome="Passed" testListId="8c84fa94-04c1-424b-9868-57a2d4851a1d" relativeResultsDirectory="de7a5646-d6af-4bf3-b024-44a0a416a4d3" />
    <UnitTestResult executionId="09556594-0f0e-4e68-8246-1ee0bf293f55" testId="59241aae-f425-c839-244f-7de0dbc28132" testName="Returns_LoginRequest_When_Not_Logged_In" computerName="V020705" duration="00:00:00.0038420" startTime="2025-04-30T09:14:18.6015934+02:00" endTime="2025-04-30T09:14:18.6054351+02:00" testType="13cdc9d9-ddb5-4fa4-a97d-d965ccfc6d4b" outcome="Passed" testListId="8c84fa94-04c1-424b-9868-57a2d4851a1d" relativeResultsDirectory="09556594-0f0e-4e68-8246-1ee0bf293f55" />
    <UnitTestResult executionId="5cd26097-c2e7-42f7-8e26-7f9ae1211955" testId="379e7fb0-fbca-9174-e7b1-dae3e999eb11" testName="Should_Return_Bad_Request_For_Posts(&quot;/Account/Login?ReturnUrl=-3316%25%27%20UNION%20ALL%20SELECT%20NULL%2CNULL%2CNULL%2CNULL%2CNULL%2CNULL%2CNULL%2CNULL%2C%27qqqjq%27%7C%7C%27kHqVdbPUigmFOqphGtASbRzsNrhdroorbVtzEyjq%27%7C%7C%27qkqkq%27%2CNULL--%20Ppiv&quot;)" computerName="V020705" duration="00:00:00.0001250" startTime="2025-04-30T09:15:17.7070891+02:00" endTime="2025-04-30T09:15:17.7072140+02:00" testType="13cdc9d9-ddb5-4fa4-a97d-d965ccfc6d4b" outcome="Passed" testListId="8c84fa94-04c1-424b-9868-57a2d4851a1d" relativeResultsDirectory="5cd26097-c2e7-42f7-8e26-7f9ae1211955" />
    <UnitTestResult executionId="439827b0-cf91-4e7c-8aac-41b64e35edb1" testId="fe5bbc6e-217a-72d7-4dc2-06ca8f448582" testName="External_User_Can_Logout_Successfully" computerName="V020705" duration="00:00:05.5776610" startTime="2025-04-30T09:14:47.7738192+02:00" endTime="2025-04-30T09:14:53.3513555+02:00" testType="13cdc9d9-ddb5-4fa4-a97d-d965ccfc6d4b" outcome="Passed" testListId="8c84fa94-04c1-424b-9868-57a2d4851a1d" relativeResultsDirectory="439827b0-cf91-4e7c-8aac-41b64e35edb1" />
    <UnitTestResult executionId="8a4625c1-6ae3-4aa9-9c84-43cbbb58e64c" testId="19019f78-31e0-9903-3bc1-26540e1e1d8f" testName="Should_Return_Bad_Request(&quot;/Account/Login?ReturnUrl=%28SELECT%20CHAR%28113%29%2BCHAR%28113%29%2BCHAR%28113%29%2BCHAR%28106%29%2BCHAR%28113%29%2B%28SELECT%20%28CASE%20WHEN%20%282804%3D2804%29%20THEN%20CHAR%2849%29%20ELSE%20CHAR%2848%29%20END%29%29%2BCHAR%28113%29%2BCHAR%28107%29%2BCHAR%28113%29%2BCHAR%28107%29%2BCHAR%28113%29%&quot;)" computerName="V020705" duration="00:00:00.0004010" startTime="2025-04-30T09:15:17.6664506+02:00" endTime="2025-04-30T09:15:17.6668518+02:00" testType="13cdc9d9-ddb5-4fa4-a97d-d965ccfc6d4b" outcome="Passed" testListId="8c84fa94-04c1-424b-9868-57a2d4851a1d" relativeResultsDirectory="8a4625c1-6ae3-4aa9-9c84-43cbbb58e64c" />
    <UnitTestResult executionId="84af22e1-d23b-45f1-9270-42af477d1a82" testId="ba00db06-87b1-e8de-ac25-4a95e7b556da" testName="Allows_Cors_For_Configured_Domains(&quot;https://integrationtest2.com&quot;,&quot;/connect/token&quot;)" computerName="V020705" duration="00:00:00.0023560" startTime="2025-04-30T09:15:17.1910186+02:00" endTime="2025-04-30T09:15:17.1933747+02:00" testType="13cdc9d9-ddb5-4fa4-a97d-d965ccfc6d4b" outcome="Passed" testListId="8c84fa94-04c1-424b-9868-57a2d4851a1d" relativeResultsDirectory="84af22e1-d23b-45f1-9270-42af477d1a82" />
    <UnitTestResult executionId="62552cd4-7f51-4e46-a130-8672b1f44872" testId="e79acf17-3359-a11b-1a80-e6f5db86549c" testName="Returns_Unauthorized_When_Not_Logged_In(&quot;/api/v1.0/import/client&quot;)" computerName="V020705" duration="00:00:00.0085159" startTime="2025-04-30T09:12:45.1516685+02:00" endTime="2025-04-30T09:12:45.1601840+02:00" testType="13cdc9d9-ddb5-4fa4-a97d-d965ccfc6d4b" outcome="Passed" testListId="8c84fa94-04c1-424b-9868-57a2d4851a1d" relativeResultsDirectory="62552cd4-7f51-4e46-a130-8672b1f44872" />
    <UnitTestResult executionId="2c789871-bde9-4747-9a01-203140f8da8a" testId="af1a2b29-a331-d591-e302-488b732af050" testName="Updates_An_Existing_User_Via_Patch" computerName="V020705" duration="00:00:00.0155410" startTime="2025-04-30T09:15:39.9600016+02:00" endTime="2025-04-30T09:15:39.9755418+02:00" testType="13cdc9d9-ddb5-4fa4-a97d-d965ccfc6d4b" outcome="Passed" testListId="8c84fa94-04c1-424b-9868-57a2d4851a1d" relativeResultsDirectory="2c789871-bde9-4747-9a01-203140f8da8a" />
    <UnitTestResult executionId="43a104d5-5d21-4e25-9a16-be75cad7039a" testId="27445f14-8b5f-a165-c493-b7da2f5a36b6" testName="Should_Return_Bad_Request_For_Posts(&quot;/Account/Login?ReturnUrl=-8373%27%29%20UNION%20ALL%20SELECT%20NULL%2C%27qqqjq%27%7C%7C%27pWBBOrbAbA%27%7C%7C%27qkqkq%27%2CNULL%2CNULL%2CNULL%2CNULL%2CNULL%2CNULL--%20SlPH&quot;)" computerName="V020705" duration="00:00:00.0001310" startTime="2025-04-30T09:15:17.7036952+02:00" endTime="2025-04-30T09:15:17.7038262+02:00" testType="13cdc9d9-ddb5-4fa4-a97d-d965ccfc6d4b" outcome="Passed" testListId="8c84fa94-04c1-424b-9868-57a2d4851a1d" relativeResultsDirectory="43a104d5-5d21-4e25-9a16-be75cad7039a" />
    <UnitTestResult executionId="3fe9c696-2e10-4f7e-851c-76bfbb15b95b" testId="75419b35-dc91-9671-fbf3-be8565de2714" testName="Returns_Updated_User" computerName="V020705" duration="00:00:00.0210430" startTime="2025-04-30T09:13:51.9057229+02:00" endTime="2025-04-30T09:13:51.9267648+02:00" testType="13cdc9d9-ddb5-4fa4-a97d-d965ccfc6d4b" outcome="Passed" testListId="8c84fa94-04c1-424b-9868-57a2d4851a1d" relativeResultsDirectory="3fe9c696-2e10-4f7e-851c-76bfbb15b95b" />
    <UnitTestResult executionId="84b4b71e-5aab-4be3-977a-298bc81a01df" testId="21b2066e-ba5a-adf8-4260-948c2c058cc6" testName="Should_Return_Bad_Request_For_Posts(&quot;/Account/Login?ReturnUrl=-7360%20UNION%20ALL%20SELECT%2063%2C63%2C63%2C63%23&quot;)" computerName="V020705" duration="00:00:00.0001280" startTime="2025-04-30T09:15:17.7208733+02:00" endTime="2025-04-30T09:15:17.7210013+02:00" testType="13cdc9d9-ddb5-4fa4-a97d-d965ccfc6d4b" outcome="Passed" testListId="8c84fa94-04c1-424b-9868-57a2d4851a1d" relativeResultsDirectory="84b4b71e-5aab-4be3-977a-298bc81a01df" />
    <UnitTestResult executionId="1c84d7fd-5bd5-4a00-86fd-d98c62e7f830" testId="8a04d347-559d-dbb1-aab2-93ff26985f69" testName="Returns_CSP_Headers" computerName="V020705" duration="00:00:00.2271940" startTime="2025-04-30T09:15:46.3833340+02:00" endTime="2025-04-30T09:15:46.6105218+02:00" testType="13cdc9d9-ddb5-4fa4-a97d-d965ccfc6d4b" outcome="Passed" testListId="8c84fa94-04c1-424b-9868-57a2d4851a1d" relativeResultsDirectory="1c84d7fd-5bd5-4a00-86fd-d98c62e7f830" />
    <UnitTestResult executionId="ec97ab85-3eba-44bb-ac2b-8f58e54e2515" testId="c64493c0-cebb-3162-1020-dc67b8c54e04" testName="Should_Return_Bad_Request(&quot;/Account/Login?ReturnUrl=-7936%25%27%20UNION%20ALL%20SELECT%2063%2C63%2C63%2C63%2C63%2C63%2C63%2C63%2C63%2C63%23&quot;)" computerName="V020705" duration="00:00:00.0002560" startTime="2025-04-30T09:15:17.6929264+02:00" endTime="2025-04-30T09:15:17.6931823+02:00" testType="13cdc9d9-ddb5-4fa4-a97d-d965ccfc6d4b" outcome="Passed" testListId="8c84fa94-04c1-424b-9868-57a2d4851a1d" relativeResultsDirectory="ec97ab85-3eba-44bb-ac2b-8f58e54e2515" />
    <UnitTestResult executionId="548fb566-c68f-48c8-9676-f1bbca0f5af2" testId="d8f70ef9-920b-5c8f-06be-6980bce81dfb" testName="Should_Return_Bad_Request(&quot;/Account/Login?ReturnUrl=-3039%27%20UNION%20ALL%20SELECT%2063%2C63%2C63%2C63%23&quot;)" computerName="V020705" duration="00:00:00.0001670" startTime="2025-04-30T09:15:17.6900394+02:00" endTime="2025-04-30T09:15:17.6902062+02:00" testType="13cdc9d9-ddb5-4fa4-a97d-d965ccfc6d4b" outcome="Passed" testListId="8c84fa94-04c1-424b-9868-57a2d4851a1d" relativeResultsDirectory="548fb566-c68f-48c8-9676-f1bbca0f5af2" />
    <UnitTestResult executionId="165c3db5-21bc-489b-8513-a280448a5e31" testId="e631db54-a4d9-ebe5-0623-54192d39abba" testName="Should_Return_Bad_Request(&quot;/Account/Login?ReturnUrl=-2662%25%27%20UNION%20ALL%20SELECT%2063%2C63%2C63%2C63%2C63%23&quot;)" computerName="V020705" duration="00:00:00.0001180" startTime="2025-04-30T09:15:17.6918400+02:00" endTime="2025-04-30T09:15:17.6919581+02:00" testType="13cdc9d9-ddb5-4fa4-a97d-d965ccfc6d4b" outcome="Passed" testListId="8c84fa94-04c1-424b-9868-57a2d4851a1d" relativeResultsDirectory="165c3db5-21bc-489b-8513-a280448a5e31" />
    <UnitTestResult executionId="6441fbdc-d1ed-4426-a436-1706114ae750" testId="967b1eaf-7981-cfd5-a513-e7c8c68292c7" testName="Can_Login" computerName="V020705" duration="00:00:00.3680069" startTime="2025-04-30T09:14:24.2829723+02:00" endTime="2025-04-30T09:14:24.6509707+02:00" testType="13cdc9d9-ddb5-4fa4-a97d-d965ccfc6d4b" outcome="Passed" testListId="8c84fa94-04c1-424b-9868-57a2d4851a1d" relativeResultsDirectory="6441fbdc-d1ed-4426-a436-1706114ae750" />
    <UnitTestResult executionId="1d76a4ac-8018-4f6b-8902-4c2b2c131bca" testId="6a2ad398-163f-5780-74bc-df4eb9dc1499" testName="ANDROID_S9" computerName="V020705" duration="00:00:00.1184420" startTime="2025-04-30T09:14:21.7403950+02:00" endTime="2025-04-30T09:14:21.8588340+02:00" testType="13cdc9d9-ddb5-4fa4-a97d-d965ccfc6d4b" outcome="Passed" testListId="8c84fa94-04c1-424b-9868-57a2d4851a1d" relativeResultsDirectory="1d76a4ac-8018-4f6b-8902-4c2b2c131bca" />
    <UnitTestResult executionId="97ab9299-6fc1-4d9e-a4c4-e766037fe46f" testId="0cb1a4ee-873b-32d2-1b2d-73480a78836f" testName="Returned_Html_Form_Contains_Correct_Input_Length_Constraints" computerName="V020705" duration="00:00:00.0244410" startTime="2025-04-30T09:13:53.6153889+02:00" endTime="2025-04-30T09:13:53.6398287+02:00" testType="13cdc9d9-ddb5-4fa4-a97d-d965ccfc6d4b" outcome="Passed" testListId="8c84fa94-04c1-424b-9868-57a2d4851a1d" relativeResultsDirectory="97ab9299-6fc1-4d9e-a4c4-e766037fe46f" />
    <UnitTestResult executionId="03038862-c668-4688-9b77-435dc77c59c0" testId="4f772c6d-6e64-15de-49c3-9864cd8591e0" testName="Can_Import_Users_With_Roles" computerName="V020705" duration="00:00:00.0372090" startTime="2025-04-30T09:14:22.8296605+02:00" endTime="2025-04-30T09:14:22.8668688+02:00" testType="13cdc9d9-ddb5-4fa4-a97d-d965ccfc6d4b" outcome="Passed" testListId="8c84fa94-04c1-424b-9868-57a2d4851a1d" relativeResultsDirectory="03038862-c668-4688-9b77-435dc77c59c0" />
    <UnitTestResult executionId="e22b7745-6c3f-4b12-91d6-317ee82e1388" testId="0a4f67ec-ed90-1820-cde8-d03a96637005" testName="Should_Return_Bad_Request_For_Posts(&quot;/Account/Login?ReturnUrl=-3174%27%20UNION%20ALL%20SELECT%2063%2C63%2C63%2C63%2C63%2C63%2C63%2C63%23&quot;)" computerName="V020705" duration="00:00:00.0001200" startTime="2025-04-30T09:15:17.7160121+02:00" endTime="2025-04-30T09:15:17.7161316+02:00" testType="13cdc9d9-ddb5-4fa4-a97d-d965ccfc6d4b" outcome="Passed" testListId="8c84fa94-04c1-424b-9868-57a2d4851a1d" relativeResultsDirectory="e22b7745-6c3f-4b12-91d6-317ee82e1388" />
    <UnitTestResult executionId="8a5cf2ac-7295-4a72-8777-79b7c5666999" testId="97550b44-752a-1dc1-7b88-beab746a35f6" testName="Should_Return_Bad_Request(&quot;/Account/Login?ReturnUrl=-2876%20UNION%20ALL%20SELECT%2063%2C63%2C63%2C63%2C63%2C63%23&quot;)" computerName="V020705" duration="00:00:00.0001689" startTime="2025-04-30T09:15:17.6864185+02:00" endTime="2025-04-30T09:15:17.6865875+02:00" testType="13cdc9d9-ddb5-4fa4-a97d-d965ccfc6d4b" outcome="Passed" testListId="8c84fa94-04c1-424b-9868-57a2d4851a1d" relativeResultsDirectory="8a5cf2ac-7295-4a72-8777-79b7c5666999" />
    <UnitTestResult executionId="770dd068-78e3-42df-ad45-b4c227b7e253" testId="65e94095-42ff-bd8f-4ed8-f88b435f2de9" testName="Should_Return_Bad_Request_For_Posts(&quot;/Account/Login?ReturnUrl=-2065%25%27%20UNION%20ALL%20SELECT%2063%2C63%2C63%2C63%2C63%2C63%2C63%23&quot;)" computerName="V020705" duration="00:00:00.0003420" startTime="2025-04-30T09:15:17.7173272+02:00" endTime="2025-04-30T09:15:17.7176689+02:00" testType="13cdc9d9-ddb5-4fa4-a97d-d965ccfc6d4b" outcome="Passed" testListId="8c84fa94-04c1-424b-9868-57a2d4851a1d" relativeResultsDirectory="770dd068-78e3-42df-ad45-b4c227b7e253" />
    <UnitTestResult executionId="105caad1-ff17-4429-bbc4-fa1d78894687" testId="05257a4e-071c-1ebe-57b4-bc8f7523f670" testName="Should_Return_Bad_Request(&quot;/Account/Login?ReturnUrl=-1012%25%27%20UNION%20ALL%20SELECT%20NULL%2CNULL%2C%27qqqjq%27%7C%7C%27yoOovMdGGhUgDWxKuXkrgjUYOFBBaofZxLKcnAKl%27%7C%7C%27qkqkq%27%2CNULL%2CNULL%2CNULL%2CNULL%2CNULL%2CNULL%2CNULL--%20cScx&quot;)" computerName="V020705" duration="00:00:00.0001990" startTime="2025-04-30T09:15:17.6795562+02:00" endTime="2025-04-30T09:15:17.6797548+02:00" testType="13cdc9d9-ddb5-4fa4-a97d-d965ccfc6d4b" outcome="Passed" testListId="8c84fa94-04c1-424b-9868-57a2d4851a1d" relativeResultsDirectory="105caad1-ff17-4429-bbc4-fa1d78894687" />
    <UnitTestResult executionId="eb7b9ec6-3d4f-4689-8ae9-2e1c6f8aa9f7" testId="10d5437c-7580-b5e5-ef15-7099161ebbb9" testName="Should_Return_Bad_Request(&quot;/Account/Login?ReturnUrl=-8373%27%29%20UNION%20ALL%20SELECT%20NULL%2C%27qqqjq%27%7C%7C%27pWBBOrbAbA%27%7C%7C%27qkqkq%27%2CNULL%2CNULL%2CNULL%2CNULL%2CNULL%2CNULL--%20SlPH&quot;)" computerName="V020705" duration="00:00:00.0003379" startTime="2025-04-30T09:15:17.6722001+02:00" endTime="2025-04-30T09:15:17.6725378+02:00" testType="13cdc9d9-ddb5-4fa4-a97d-d965ccfc6d4b" outcome="Passed" testListId="8c84fa94-04c1-424b-9868-57a2d4851a1d" relativeResultsDirectory="eb7b9ec6-3d4f-4689-8ae9-2e1c6f8aa9f7" />
    <UnitTestResult executionId="01eee2a1-f30a-4f33-96fe-f41b408a6887" testId="bd04fd98-3c3f-fb59-a5ef-f099e55f0503" testName="Can_Import_Clients" computerName="V020705" duration="00:00:00.1460060" startTime="2025-04-30T09:14:22.4282563+02:00" endTime="2025-04-30T09:14:22.5742592+02:00" testType="13cdc9d9-ddb5-4fa4-a97d-d965ccfc6d4b" outcome="Passed" testListId="8c84fa94-04c1-424b-9868-57a2d4851a1d" relativeResultsDirectory="01eee2a1-f30a-4f33-96fe-f41b408a6887" />
    <UnitTestResult executionId="f779aae6-5536-4943-9d96-967a30b3d83f" testId="83f8e9a6-049e-58fc-b73e-87995d2e4000" testName="CHROME_80_WIN" computerName="V020705" duration="00:00:00.1224070" startTime="2025-04-30T09:14:20.2049783+02:00" endTime="2025-04-30T09:14:20.3273825+02:00" testType="13cdc9d9-ddb5-4fa4-a97d-d965ccfc6d4b" outcome="Passed" testListId="8c84fa94-04c1-424b-9868-57a2d4851a1d" relativeResultsDirectory="f779aae6-5536-4943-9d96-967a30b3d83f" />
[...]
    <TestEntry testId="41a890aa-18d7-3f04-390f-6a24e560df6a" executionId="01094f6d-7bd7-4750-876e-f23637ba0505" testListId="8c84fa94-04c1-424b-9868-57a2d4851a1d" />
    <TestEntry testId="58233bfc-0f04-5bab-fe65-43a04dd13a5e" executionId="f3404c67-9a95-4bba-82a1-a1b187018a71" testListId="8c84fa94-04c1-424b-9868-57a2d4851a1d" />
    <TestEntry testId="faf74f6a-093e-493d-11ce-924804876b9c" executionId="251eb5f1-c59a-48d8-8c96-3b25ef388ac6" testListId="8c84fa94-04c1-424b-9868-57a2d4851a1d" />
    <TestEntry testId="e4cd1592-0972-ce84-8878-d0b9d777d9b4" executionId="af31225e-56d7-41bd-b81f-751627b21813" testListId="8c84fa94-04c1-424b-9868-57a2d4851a1d" />
    <TestEntry testId="adcefaf7-ab45-f9c6-3cdf-a5f6b20e1b5f" executionId="c97f6517-3cf7-4982-8722-d61517c773d4" testListId="8c84fa94-04c1-424b-9868-57a2d4851a1d" />
    <TestEntry testId="57a68603-21d4-3541-a953-2b4363f4861b" executionId="696cc79f-0c3c-4938-98ac-22c56650a042" testListId="8c84fa94-04c1-424b-9868-57a2d4851a1d" />
    <TestEntry testId="db033ebe-1bb6-3b1b-97c3-2b0571c5eb5f" executionId="8edeb355-35c4-4661-9805-fac5b7a84ffe" testListId="8c84fa94-04c1-424b-9868-57a2d4851a1d" />
    <TestEntry testId="8eecc25f-5179-2e41-48f6-db431cd61baf" executionId="7acfc27d-7625-455e-b0d2-c8270023645c" testListId="8c84fa94-04c1-424b-9868-57a2d4851a1d" />
    <TestEntry testId="d06720ee-86fe-234d-dbce-df0203b846ac" executionId="df89244f-b010-47ca-8dcc-bb9a5dd20ea6" testListId="8c84fa94-04c1-424b-9868-57a2d4851a1d" />
    <TestEntry testId="bd7f3c81-03c6-8257-cd86-9e384cd8d973" executionId="16f8f831-efe8-41e0-b830-a549d4e3a2fb" testListId="8c84fa94-04c1-424b-9868-57a2d4851a1d" />
    <TestEntry testId="dc8b7cd5-f031-c58d-e8a3-c8af59278ef5" executionId="a74de248-e4df-4637-b0d0-17152534e59f" testListId="8c84fa94-04c1-424b-9868-57a2d4851a1d" />
    <TestEntry testId="9d34c968-85a6-0d5a-a878-0f27f33ada64" executionId="0745e8d0-2d6f-4e6b-bdd2-8110b8feac2a" testListId="8c84fa94-04c1-424b-9868-57a2d4851a1d" />
    <TestEntry testId="211f692d-1762-76f8-16fe-308a70e899a3" executionId="b7f5fae5-d04b-4f8e-a1b3-d533daef72b1" testListId="8c84fa94-04c1-424b-9868-57a2d4851a1d" />
    <TestEntry testId="17cb7256-7e0b-239c-3cc7-b37dfdef587f" executionId="45020984-9b20-4964-a8bb-ce87f7208f9d" testListId="8c84fa94-04c1-424b-9868-57a2d4851a1d" />
    <TestEntry testId="d6952eb3-89c9-eb6c-b910-f1640022412d" executionId="d7903512-a430-4a34-b683-c2549e697cd8" testListId="8c84fa94-04c1-424b-9868-57a2d4851a1d" />
    <TestEntry testId="3f34ef50-bb79-4495-1a81-f48ae0d622ae" executionId="2adba262-0358-4d0a-b321-a1c60670cb78" testListId="8c84fa94-04c1-424b-9868-57a2d4851a1d" />
    <TestEntry testId="13d96743-d877-4fb5-6a98-7443840a93d9" executionId="f63aec69-a35b-4a73-85cc-cb7feea5bbbf" testListId="8c84fa94-04c1-424b-9868-57a2d4851a1d" />
    <TestEntry testId="85c8e351-f097-acc5-999b-468a744cfd2d" executionId="395f27c1-0f9b-45d4-a586-912a8797b76b" testListId="8c84fa94-04c1-424b-9868-57a2d4851a1d" />
    <TestEntry testId="b14ae126-29a8-02ef-8bb6-f4b983b7eab6" executionId="dcafd3f8-e041-4971-a1cc-47898ed5df0e" testListId="8c84fa94-04c1-424b-9868-57a2d4851a1d" />
    <TestEntry testId="11f546b1-5357-ac08-fd5b-86d7a15313da" executionId="fbe66acf-8e02-4810-be1a-5b5309476ab8" testListId="8c84fa94-04c1-424b-9868-57a2d4851a1d" />
    <TestEntry testId="80e00623-bc5c-89a2-001f-17a9b982fd05" executionId="c1ef9c07-b0e2-4fb6-861b-9eb9aaef2a03" testListId="8c84fa94-04c1-424b-9868-57a2d4851a1d" />
    <TestEntry testId="d79c60ff-d826-deed-b612-483e32a40d96" executionId="ebb5f3cd-0ed5-4c41-b986-393b3c68f025" testListId="8c84fa94-04c1-424b-9868-57a2d4851a1d" />
    <TestEntry testId="d318b7da-e3a9-9507-61bb-af6c32ee447f" executionId="5371ac5a-1c10-47db-b3d9-b9295650fa01" testListId="8c84fa94-04c1-424b-9868-57a2d4851a1d" />
    <TestEntry testId="24379f02-7b26-3fc1-bee8-ae6b0b649dce" executionId="3fa86e14-7a53-4eb0-a1a9-7e46b2a34779" testListId="8c84fa94-04c1-424b-9868-57a2d4851a1d" />
    <TestEntry testId="b9d60111-e4f5-a33f-0081-8202ab2cdb4a" executionId="16b24e8a-a733-40ef-a385-42fc3fcfae16" testListId="8c84fa94-04c1-424b-9868-57a2d4851a1d" />
    <TestEntry testId="b9c30e59-4e90-8fa1-9a4d-5ca917bdd58b" executionId="c9a7d164-4e86-4808-93ac-eb63570008d8" testListId="8c84fa94-04c1-424b-9868-57a2d4851a1d" />
    <TestEntry testId="77dc6503-66c3-712f-08b6-82492a74514e" executionId="837efce5-c4d8-464f-8d02-d30451bce3a4" testListId="8c84fa94-04c1-424b-9868-57a2d4851a1d" />
    <TestEntry testId="c89fdd40-8ead-a981-fa92-71573ed4ba93" executionId="7175f98e-f224-4f99-9109-db3c50711547" testListId="8c84fa94-04c1-424b-9868-57a2d4851a1d" />
    <TestEntry testId="513d6124-5dfd-7948-49b8-ffbed6a63cf8" executionId="f384ea68-b198-44ee-97c2-5ec624fc71a6" testListId="8c84fa94-04c1-424b-9868-57a2d4851a1d" />
    <TestEntry testId="c39ca1f2-25d5-d73e-b395-020f79f76ceb" executionId="631e8209-61a3-4436-a03c-aa68f19a1381" testListId="8c84fa94-04c1-424b-9868-57a2d4851a1d" />
    <TestEntry testId="487cc9b8-40a7-34b3-63e9-762951e9ba9a" executionId="e99e186f-058a-409d-ad2c-9b157f564c50" testListId="8c84fa94-04c1-424b-9868-57a2d4851a1d" />
    <TestEntry testId="40fd44ee-0dc8-5563-51cb-2ab50086d81e" executionId="79942d2b-3d9a-43b5-8b7a-a97b2aa98c21" testListId="8c84fa94-04c1-424b-9868-57a2d4851a1d" />
    <TestEntry testId="f92abef5-2802-4e6b-3a13-f9b7d6a3263a" executionId="6d6a6014-26ab-4a4c-9ea2-bcbd26dfb33d" testListId="8c84fa94-04c1-424b-9868-57a2d4851a1d" />
    <TestEntry testId="b6e6f5b5-6d2b-b877-928d-b15112c99fbc" executionId="8e50fe7e-afb6-46fa-89b1-3656eb97b806" testListId="8c84fa94-04c1-424b-9868-57a2d4851a1d" />
    <TestEntry testId="bbe68399-45ae-5927-4adb-9ba6498279ae" executionId="f0099920-3983-410b-bea4-0a78cb13b560" testListId="8c84fa94-04c1-424b-9868-57a2d4851a1d" />
    <TestEntry testId="6c5e0585-be2a-b081-026c-5b40f4bf4c50" executionId="4982bbd5-8320-4b70-943b-c1b0a05fefc1" testListId="8c84fa94-04c1-424b-9868-57a2d4851a1d" />
    <TestEntry testId="00e0c05b-bb8e-d0db-3acd-860d8100b340" executionId="443b71ff-3bde-4e4e-8222-5e4170106f61" testListId="8c84fa94-04c1-424b-9868-57a2d4851a1d" />
    <TestEntry testId="d5d0b4b2-3cce-474a-62bb-e03b1282d25e" executionId="15525edc-c2c8-427b-b726-7ca96ae7bb63" testListId="8c84fa94-04c1-424b-9868-57a2d4851a1d" />
    <TestEntry testId="dfc99b2c-e1e8-1c66-421a-61eb2e04fedc" executionId="d1e25d3f-157d-494a-9faa-d4b6f7b36bed" testListId="8c84fa94-04c1-424b-9868-57a2d4851a1d" />
    <TestEntry testId="94375359-bdca-70e5-67b3-2c58255bb652" executionId="4534b47f-8905-463b-ab21-1b620815c7d3" testListId="8c84fa94-04c1-424b-9868-57a2d4851a1d" />
    <TestEntry testId="e87596c4-7129-65b7-9c7f-02902f571f29" executionId="82c9d926-e0f2-4572-99f1-a983f7e7fa88" testListId="8c84fa94-04c1-424b-9868-57a2d4851a1d" />
    <TestEntry testId="bd52ef11-6126-1a7c-a9f6-440378777b2a" executionId="4b2b5ed8-0305-4304-96e9-ef769a896258" testListId="8c84fa94-04c1-424b-9868-57a2d4851a1d" />
    <TestEntry testId="036ad9e1-e2ba-8ada-5796-ca87d2251a21" executionId="131f39b1-b21c-4c1a-9b90-b5ca4c31db13" testListId="8c84fa94-04c1-424b-9868-57a2d4851a1d" />
    <TestEntry testId="1fa88c29-9dad-a828-9a8e-85175475dcd1" executionId="11bdaa8e-3df7-4c2e-a687-28dd9bb17cf2" testListId="8c84fa94-04c1-424b-9868-57a2d4851a1d" />
    <TestEntry testId="c5f46999-f13f-af61-3234-499026d62f3d" executionId="1198e739-089f-4ce9-937b-df76626a54e5" testListId="8c84fa94-04c1-424b-9868-57a2d4851a1d" />
    <TestEntry testId="e34b5303-106d-fcf5-8d38-a3b10082c162" executionId="0c57cdd7-c3ab-40c1-b91e-a97fb5c72000" testListId="8c84fa94-04c1-424b-9868-57a2d4851a1d" />
    <TestEntry testId="f4b56e5d-1dde-feba-8349-9700c8de3346" executionId="25280dd9-899c-4873-b6b1-53c2ba1436fd" testListId="8c84fa94-04c1-424b-9868-57a2d4851a1d" />
    <TestEntry testId="ce222fbf-671f-d186-1e02-afb998328605" executionId="2e0bd179-949d-4319-b7d0-46e7b363e0a8" testListId="8c84fa94-04c1-424b-9868-57a2d4851a1d" />
    <TestEntry testId="ca0715ca-0b4b-facb-c705-f14143277c6d" executionId="3b16db89-8ad5-4358-a311-51440d6aa018" testListId="8c84fa94-04c1-424b-9868-57a2d4851a1d" />
    <TestEntry testId="c4d7bc74-582e-61e3-e249-ae3019ee221b" executionId="4cea5f98-320f-426d-9970-b40038d13d03" testListId="8c84fa94-04c1-424b-9868-57a2d4851a1d" />
    <TestEntry testId="2e816ab0-5d7b-6f41-e4ad-db9154e4e8fe" executionId="6224bbdc-b965-470e-a711-7918e8140f8f" testListId="8c84fa94-04c1-424b-9868-57a2d4851a1d" />
    <TestEntry testId="0df2bc86-f3da-63a8-0b5b-62c9869ddd28" executionId="feb60723-2774-413f-9877-e39b639bed57" testListId="8c84fa94-04c1-424b-9868-57a2d4851a1d" />
    <TestEntry testId="2cea4ec0-f2c6-ce2f-3bef-c7211b8f0f5b" executionId="4adc5d80-9833-4b80-a213-f2414355eee1" testListId="8c84fa94-04c1-424b-9868-57a2d4851a1d" />
    <TestEntry testId="5c5b95c3-774a-3163-6bfc-ad309efd850c" executionId="443bd4c1-3390-4e13-8534-c99914ad13cc" testListId="8c84fa94-04c1-424b-9868-57a2d4851a1d" />
    <TestEntry testId="bc470a7e-b4db-f453-706f-3568058b9b9b" executionId="d1644bda-7e83-4efc-87cf-ac14152311a3" testListId="8c84fa94-04c1-424b-9868-57a2d4851a1d" />
    <TestEntry testId="0e84acca-1c9e-bbf9-29a5-797affaf10e5" executionId="e4a6b77e-0588-49a9-b7e7-89cea62769ee" testListId="8c84fa94-04c1-424b-9868-57a2d4851a1d" />
    <TestEntry testId="faff4a80-d1cf-8290-f4b8-f56558e80956" executionId="780d6438-f361-4fa6-aa4b-366ddffa4172" testListId="8c84fa94-04c1-424b-9868-57a2d4851a1d" />
    <TestEntry testId="e6c15663-ce7a-eba0-e744-f302a41e88e2" executionId="c0295f6a-3e05-46b3-9d5a-41bb234aba64" testListId="8c84fa94-04c1-424b-9868-57a2d4851a1d" />
    <TestEntry testId="a797a648-1996-2ab5-efa9-ed0ddcf73ab7" executionId="8297a536-eea6-4aa3-9cc0-9ba318452474" testListId="8c84fa94-04c1-424b-9868-57a2d4851a1d" />
    <TestEntry testId="895cd94b-1f5c-823e-fff9-e3625a25b241" executionId="d989da3f-5967-44c2-963d-da0ec48eea48" testListId="8c84fa94-04c1-424b-9868-57a2d4851a1d" />
    <TestEntry testId="7de5355c-37f9-a12a-081b-666031a710d9" executionId="ff3c123c-0590-4ba7-95f1-df9d3c20427e" testListId="8c84fa94-04c1-424b-9868-57a2d4851a1d" />
    <TestEntry testId="296e1af6-c944-9534-4a65-54bebaf5b21d" executionId="e60c72f8-97b9-47d8-8cd3-05292e0e1982" testListId="8c84fa94-04c1-424b-9868-57a2d4851a1d" />
    <TestEntry testId="9df01e1b-c00a-f338-f3ba-d123a6845a92" executionId="e6abb2b2-be78-45fd-a2c1-9cb5f4bf003b" testListId="8c84fa94-04c1-424b-9868-57a2d4851a1d" />
    <TestEntry testId="88540a27-f110-fc06-6f36-dab1a3b682ef" executionId="be798621-262b-4f71-a7f9-c91f2bc6f81c" testListId="8c84fa94-04c1-424b-9868-57a2d4851a1d" />
    <TestEntry testId="79d1ad11-4317-9cb9-d53a-56580459b1f3" executionId="412f15c6-c471-43af-9d7e-7e143b48ea7a" testListId="8c84fa94-04c1-424b-9868-57a2d4851a1d" />
    <TestEntry testId="eb2e0656-e3bf-e7b3-f8be-a9265f5a6733" executionId="ba5321df-ac5b-4916-92e6-9b2b0d30cdab" testListId="8c84fa94-04c1-424b-9868-57a2d4851a1d" />
    <TestEntry testId="cd94254d-288e-e3f0-d9d5-96a0732bd483" executionId="559a05b9-c4b8-4520-be5b-80048748e3b8" testListId="8c84fa94-04c1-424b-9868-57a2d4851a1d" />
    <TestEntry testId="3fc9aa15-2866-4123-71ea-90d12d718c82" executionId="933a17af-bf38-47e9-902b-45ac11f952b4" testListId="8c84fa94-04c1-424b-9868-57a2d4851a1d" />
    <TestEntry testId="7afce9cd-6177-35cc-c86f-2e3d4ef6767a" executionId="1978d12c-aa5d-4127-bf85-35fa3836bf18" testListId="8c84fa94-04c1-424b-9868-57a2d4851a1d" />
    <TestEntry testId="2e3ced9c-b80f-be6a-0f49-81324069ecda" executionId="ee7b6325-ec03-4a77-877c-6a8937d9aff9" testListId="8c84fa94-04c1-424b-9868-57a2d4851a1d" />
    <TestEntry testId="b38c32db-987b-3be2-c384-4b3e6698026e" executionId="79bc2402-6805-4e24-accb-efed2ddfe388" testListId="8c84fa94-04c1-424b-9868-57a2d4851a1d" />
    <TestEntry testId="e1908f5b-d9d9-b345-5d9e-86bd001be3a7" executionId="4dc29c9f-ccae-4e9b-be27-f5cf103d209f" testListId="8c84fa94-04c1-424b-9868-57a2d4851a1d" />
    <TestEntry testId="9f154f18-5c1b-3a1f-9db5-e1fa29d8b4a4" executionId="d2dc689c-5a5a-4ef5-b10f-8abe8842653d" testListId="8c84fa94-04c1-424b-9868-57a2d4851a1d" />
    <TestEntry testId="cbf97faf-404a-d8ff-bd39-0f817c65e2af" executionId="c5de10d8-98d4-442c-8824-9db3e5ef8ea6" testListId="8c84fa94-04c1-424b-9868-57a2d4851a1d" />
    <TestEntry testId="def66ac5-b226-61e4-567d-9d7e30af43c2" executionId="2366ecb5-f467-422d-93c7-d9617ed6408b" testListId="8c84fa94-04c1-424b-9868-57a2d4851a1d" />
    <TestEntry testId="f5638ed7-e44d-2099-e554-60a73c569fe1" executionId="3300a205-92ef-4f37-b442-1e74081021e2" testListId="8c84fa94-04c1-424b-9868-57a2d4851a1d" />
    <TestEntry testId="c912bcb3-42cc-9f1c-27e9-076685f63c50" executionId="8ac3471f-2b85-472f-8a27-97091bcabf8a" testListId="8c84fa94-04c1-424b-9868-57a2d4851a1d" />
    <TestEntry testId="6de7da96-699f-13be-0292-54aa3333e122" executionId="7d1a9ac6-d443-4744-9128-835a0c7b9247" testListId="8c84fa94-04c1-424b-9868-57a2d4851a1d" />
    <TestEntry testId="654fc1f8-1f97-ee1e-b7a3-664a0c15a635" executionId="7efaaa62-4136-47b8-ab0e-9f388690c015" testListId="8c84fa94-04c1-424b-9868-57a2d4851a1d" />
    <TestEntry testId="73a034fe-8a09-7e62-9686-a06bbe0a7620" executionId="d15840a7-49a6-417a-8994-e0c80b7c194a" testListId="8c84fa94-04c1-424b-9868-57a2d4851a1d" />
    <TestEntry testId="c3be62ab-c1c7-7136-55b3-ff95665b9d21" executionId="efca4c3a-ca05-47f6-bbc7-e7c028e46bca" testListId="8c84fa94-04c1-424b-9868-57a2d4851a1d" />
    <TestEntry testId="ed257f29-cc3b-8b26-caf9-47e956a6c319" executionId="6ce26d3b-9815-475c-9442-75ca7afd3cc3" testListId="8c84fa94-04c1-424b-9868-57a2d4851a1d" />
    <TestEntry testId="6b2e59b5-97a9-a5ea-d009-7f41ae26f100" executionId="1019ba00-fc79-48a4-8c19-08b0bfd6ce3e" testListId="8c84fa94-04c1-424b-9868-57a2d4851a1d" />
    <TestEntry testId="28b76b0e-a91b-b613-581f-64e7ac01e365" executionId="98d7690d-2242-4d98-b65d-e9d0b2ffb1c5" testListId="8c84fa94-04c1-424b-9868-57a2d4851a1d" />
    <TestEntry testId="dbb82413-0ecb-7fc4-d324-f9d302be4d88" executionId="488891b3-d95e-4bab-8a8c-631174686c36" testListId="8c84fa94-04c1-424b-9868-57a2d4851a1d" />
    <TestEntry testId="ce0e132c-7b2a-ad6d-3317-915962bdb3ec" executionId="4f1cd23f-37aa-4b9f-86ff-d1cddef0000d" testListId="8c84fa94-04c1-424b-9868-57a2d4851a1d" />
    <TestEntry testId="41900e25-9a83-0436-0736-8b0a88f3056e" executionId="40162817-dde0-49b6-810a-be00a414d7c3" testListId="8c84fa94-04c1-424b-9868-57a2d4851a1d" />
    <TestEntry testId="035a98dc-b85e-8adc-35bc-deae1bc1af73" executionId="3fba5f78-921d-4e64-ab39-7c35b38e6e38" testListId="8c84fa94-04c1-424b-9868-57a2d4851a1d" />
    <TestEntry testId="7fded9d1-d50e-4e0a-c3e6-145642123e11" executionId="851418a9-bc6c-4c0e-84d2-0ed8bfe09cc7" testListId="8c84fa94-04c1-424b-9868-57a2d4851a1d" />
    <TestEntry testId="73bfc82f-a853-07f1-8414-1f9db0fa53ae" executionId="053fc741-2fea-496c-8e14-70b7edb9e67d" testListId="8c84fa94-04c1-424b-9868-57a2d4851a1d" />
    <TestEntry testId="c199284e-1ebf-e01f-8ce6-280e6ae7e75d" executionId="e9df0a72-b5f2-4af2-8185-16c69d7556d4" testListId="8c84fa94-04c1-424b-9868-57a2d4851a1d" />
    <TestEntry testId="a783ed32-8674-fbdb-e1db-6b1465d7ab58" executionId="f671276d-d79e-4cb4-b08b-59cdccd07838" testListId="8c84fa94-04c1-424b-9868-57a2d4851a1d" />
    <TestEntry testId="7f1be293-0553-f725-941c-750ef63b7bb1" executionId="0978f78c-727a-4231-8f85-e6451ba0c062" testListId="8c84fa94-04c1-424b-9868-57a2d4851a1d" />
    <TestEntry testId="e8cac3a7-01ce-8799-dc38-148c30fb3212" executionId="47ff80f5-0295-4f22-b63a-349f713bca61" testListId="8c84fa94-04c1-424b-9868-57a2d4851a1d" />
    <TestEntry testId="6808f9fa-035e-fc92-6291-eee962ccf183" executionId="a61360dd-a080-41b1-a21f-7082f82c14d3" testListId="8c84fa94-04c1-424b-9868-57a2d4851a1d" />
    <TestEntry testId="39f86884-a27e-1b42-a160-2baa84820898" executionId="10890268-c627-4131-9055-e754acc850de" testListId="8c84fa94-04c1-424b-9868-57a2d4851a1d" />
    <TestEntry testId="8f5a0cc4-da4f-2de2-5124-c6fc7364ff61" executionId="d14df1b5-8312-4abb-ba81-0ea521823cca" testListId="8c84fa94-04c1-424b-9868-57a2d4851a1d" />
    <TestEntry testId="cdc0688f-8f21-7c2f-55c3-87e234ef1ab5" executionId="97baaba9-7ac0-4c8b-80dd-d338a981a401" testListId="8c84fa94-04c1-424b-9868-57a2d4851a1d" />
    <TestEntry testId="f499663d-6b55-4421-c8b1-dea64056f777" executionId="bb54b0b4-08ff-407e-a77b-92bf2bae4744" testListId="8c84fa94-04c1-424b-9868-57a2d4851a1d" />
    <TestEntry testId="d25ea8e5-c4f3-6614-b89c-b9ae76687618" executionId="079d09d8-490b-422e-aea8-f782fe7202d4" testListId="8c84fa94-04c1-424b-9868-57a2d4851a1d" />
    <TestEntry testId="18c6618e-f64a-777a-05d8-a2afa5e24885" executionId="c38bfadd-7b9b-4561-9657-e17c40387336" testListId="8c84fa94-04c1-424b-9868-57a2d4851a1d" />
    <TestEntry testId="0eaba773-c39a-a95c-695c-3867c543129c" executionId="cf6b2df8-0cec-4ca4-b307-24a39efebd8a" testListId="8c84fa94-04c1-424b-9868-57a2d4851a1d" />
    <TestEntry testId="853bfc1a-a298-777c-a2ad-f6de66842305" executionId="685dc130-f872-4f3d-a5d5-65e69b12a344" testListId="8c84fa94-04c1-424b-9868-57a2d4851a1d" />
    <TestEntry testId="b5a8738b-c6cd-e065-7ca4-e5b601b70141" executionId="4104bda1-40d5-45a2-9ad8-195d7a4af0b0" testListId="8c84fa94-04c1-424b-9868-57a2d4851a1d" />
    <TestEntry testId="87903446-906c-c8d1-a570-d959b064087a" executionId="5355f0cd-a8fb-4e36-8472-47bb76cb23b3" testListId="8c84fa94-04c1-424b-9868-57a2d4851a1d" />
    <TestEntry testId="d3661bb8-3cfa-2283-e55e-a756bf528a36" executionId="1eda4079-c6aa-49ca-85aa-1915fca3b75a" testListId="8c84fa94-04c1-424b-9868-57a2d4851a1d" />
    <TestEntry testId="497aeab1-8164-268d-f87b-5c277e7193fc" executionId="14d75526-cf8a-4991-843f-42391a7cce19" testListId="8c84fa94-04c1-424b-9868-57a2d4851a1d" />
    <TestEntry testId="4d685ef3-38e0-5352-8084-3a3d46d7cf83" executionId="1b7a2f13-9091-4d3d-a464-01b6a76d96b0" testListId="8c84fa94-04c1-424b-9868-57a2d4851a1d" />
    <TestEntry testId="d828facc-df87-039c-0093-77e4b904b325" executionId="1a75420d-8363-47cd-a5aa-7aec3a93fa71" testListId="8c84fa94-04c1-424b-9868-57a2d4851a1d" />
    <TestEntry testId="83b4c1ce-5f84-6efc-d19f-a2254e14c370" executionId="eb29d6a0-5335-48c6-b746-e6ac84323af5" testListId="8c84fa94-04c1-424b-9868-57a2d4851a1d" />
    <TestEntry testId="f85f6a2c-4dee-b835-2e11-c6ecd821c404" executionId="9400a2d2-0749-443b-af80-5f273c8cc731" testListId="8c84fa94-04c1-424b-9868-57a2d4851a1d" />
    <TestEntry testId="926302fc-dbb4-4217-1377-69decae88826" executionId="366d5279-e34e-4c7f-a102-af3916290e9c" testListId="8c84fa94-04c1-424b-9868-57a2d4851a1d" />
    <TestEntry testId="a49ffbdc-3e06-a1f6-0a57-713b0b85fb09" executionId="6ea07be2-3590-4fe6-a3f5-5d1b6918f689" testListId="8c84fa94-04c1-424b-9868-57a2d4851a1d" />
  </TestEntries>
  <TestLists>
    <TestList name="Results Not in a List" id="8c84fa94-04c1-424b-9868-57a2d4851a1d" />
    <TestList name="All Loaded Results" id="19431567-8539-422a-85d7-44ee4e166bda" />
  </TestLists>
  <ResultSummary outcome="Completed">
    <Counters total="497" executed="497" passed="497" failed="0" error="0" timeout="0" aborted="0" inconclusive="0" passedButRunAborted="0" notRunnable="0" notExecuted="0" disconnected="0" warning="0" completed="0" inProgress="0" pending="0" />
    <Output>
      <StdOut>NUnit Adapter 5.0.0.0: Test execution started&#xD;
Running selected tests in D:\Agents\smith05.01\_work\257\s\tests\CHG.IdentityProvider.IntegrationTests\bin\Release\net9.0\CHG.IdentityProvider.IntegrationTests.dll&#xD;
   NUnit3TestExecutor discovered 497 of 497 NUnit test cases using Current Discovery mode, Non-Explicit run&#xD;
NUnit Adapter 5.0.0.0: Test execution complete&#xD;
</StdOut>
    </Output>
    <CollectorDataEntries>
      <Collector agentName="V020705" uri="datacollector://microsoft/CodeCoverage/2.0" collectorDisplayName="Code Coverage">
        <UriAttachments>
          <UriAttachment>
            <A href="V020705\coverage.xml"></A>
          </UriAttachment>
        </UriAttachments>
      </Collector>
    </CollectorDataEntries>
  </ResultSummary>
</TestRun>