<?xml version="1.0" encoding="utf-8"?>
<TestRun id="ea4f5b4b-09ac-425a-a7dc-1e0beb6dfb5f" name="BobTheBuilder@V020705 2025-04-30 09:12:20" runUser="CHG201\BobTheBuilder" xmlns="http://microsoft.com/schemas/VisualStudio/TeamTest/2010">
  <Times creation="2025-04-30T09:12:20.4998610+02:00" queuing="2025-04-30T09:12:20.4998612+02:00" start="2025-04-30T09:12:18.5463968+02:00" finish="2025-04-30T09:12:24.5954709+02:00" />
  <TestSettings name="default" id="d0ec9b74-11e1-4517-8588-8fd562ed4224">
    <Deployment runDeploymentRoot="BobTheBuilder_V020705_2025-04-30_09_12_20" />
  </TestSettings>
  <Results>
    <UnitTestResult executionId="c0336cca-3e19-433a-8daf-d1d4229b4db5" testId="09896e50-d198-1ccd-4238-1f480b60b38a" testName="Unsets_Blocked_Flag(True)" computerName="V020705" duration="00:00:00.0009720" startTime="2025-04-30T09:12:21.1754726+02:00" endTime="2025-04-30T09:12:21.1764438+02:00" testType="13cdc9d9-ddb5-4fa4-a97d-d965ccfc6d4b" outcome="Passed" testListId="8c84fa94-04c1-424b-9868-57a2d4851a1d" relativeResultsDirectory="c0336cca-3e19-433a-8daf-d1d4229b4db5" />
    <UnitTestResult executionId="f81dbe0c-7e38-4323-ba43-84b5057f1de5" testId="b12e6dd3-66e9-1cd4-5bb3-5eedccebd0f4" testName="Maps_Roles_To_Model" computerName="V020705" duration="00:00:00.0005970" startTime="2025-04-30T09:12:22.8743692+02:00" endTime="2025-04-30T09:12:22.8749656+02:00" testType="13cdc9d9-ddb5-4fa4-a97d-d965ccfc6d4b" outcome="Passed" testListId="8c84fa94-04c1-424b-9868-57a2d4851a1d" relativeResultsDirectory="f81dbe0c-7e38-4323-ba43-84b5057f1de5" />
    <UnitTestResult executionId="79f32244-7d8c-438d-99d3-42774218a373" testId="05fd93f4-4e9d-1781-090d-565f60960e72" testName="Returns_LoginProviders_That_Are_About_To_Expire_Within_The_Requested_Period(14)" computerName="V020705" duration="00:00:00.0013670" startTime="2025-04-30T09:12:23.5205821+02:00" endTime="2025-04-30T09:12:23.5219482+02:00" testType="13cdc9d9-ddb5-4fa4-a97d-d965ccfc6d4b" outcome="Passed" testListId="8c84fa94-04c1-424b-9868-57a2d4851a1d" relativeResultsDirectory="79f32244-7d8c-438d-99d3-42774218a373" />
    <UnitTestResult executionId="ff387c4d-1167-4ad4-876a-52c6ad43feb4" testId="9937d459-b1f0-f24e-b64e-ffc5a43c759b" testName="User_Without_Password_Dont_Retrieve_ResetPassword_Mails" computerName="V020705" duration="00:00:00.0016700" startTime="2025-04-30T09:12:21.4614808+02:00" endTime="2025-04-30T09:12:21.4631510+02:00" testType="13cdc9d9-ddb5-4fa4-a97d-d965ccfc6d4b" outcome="Passed" testListId="8c84fa94-04c1-424b-9868-57a2d4851a1d" relativeResultsDirectory="ff387c4d-1167-4ad4-876a-52c6ad43feb4" />
    <UnitTestResult executionId="59d1c01f-014d-4644-aaa4-a0a7e66665ad" testId="7d62aa6d-5935-1b42-ac2c-79262496f302" testName="Gets_No_Client_By_Client_Id_Query_Parameter_When_Id_Is_Unknown" computerName="V020705" duration="00:00:00.0008140" startTime="2025-04-30T09:12:20.9563818+02:00" endTime="2025-04-30T09:12:20.9571954+02:00" testType="13cdc9d9-ddb5-4fa4-a97d-d965ccfc6d4b" outcome="Passed" testListId="8c84fa94-04c1-424b-9868-57a2d4851a1d" relativeResultsDirectory="59d1c01f-014d-4644-aaa4-a0a7e66665ad" />
    <UnitTestResult executionId="526de93a-960f-4ff0-bb06-ed8c64d940b8" testId="2090ac96-fa57-5ba5-b7df-fcaa8ba6493f" testName="Calls_Next(&quot;https://localhost/saml/metadata&quot;)" computerName="V020705" duration="00:00:00.0002030" startTime="2025-04-30T09:12:22.9133519+02:00" endTime="2025-04-30T09:12:22.9135546+02:00" testType="13cdc9d9-ddb5-4fa4-a97d-d965ccfc6d4b" outcome="Passed" testListId="8c84fa94-04c1-424b-9868-57a2d4851a1d" relativeResultsDirectory="526de93a-960f-4ff0-bb06-ed8c64d940b8" />
    <UnitTestResult executionId="577f17ec-ef0c-47a4-be5b-88e37df075ca" testId="25a08192-8a7f-a010-19a5-4409f671351b" testName="Returns_InternetExplorer(&quot;Mozilla/5.0 (Windows NT 10.0; Trident/7.0; rv:11.0) like Gecko&quot;)" computerName="V020705" duration="00:00:00.0198330" startTime="2025-04-30T09:12:23.2370722+02:00" endTime="2025-04-30T09:12:23.2569045+02:00" testType="13cdc9d9-ddb5-4fa4-a97d-d965ccfc6d4b" outcome="Passed" testListId="8c84fa94-04c1-424b-9868-57a2d4851a1d" relativeResultsDirectory="577f17ec-ef0c-47a4-be5b-88e37df075ca" />
    <UnitTestResult executionId="6ba1d6ee-585c-4c63-b1d0-ec1bb9fe6233" testId="e54eeb60-6215-36c6-4cdd-5042e6e49475" testName="Returns_Lastname_Only_If_Firstname_Is_Empty" computerName="V020705" duration="00:00:00.0001030" startTime="2025-04-30T09:12:20.4183162+02:00" endTime="2025-04-30T09:12:20.4184188+02:00" testType="13cdc9d9-ddb5-4fa4-a97d-d965ccfc6d4b" outcome="Passed" testListId="8c84fa94-04c1-424b-9868-57a2d4851a1d" relativeResultsDirectory="6ba1d6ee-585c-4c63-b1d0-ec1bb9fe6233" />
    <UnitTestResult executionId="cb8e820d-d5ae-4a3f-9d7c-25a98c9afe7c" testId="f4bd6e41-23d1-bd7a-aa66-582ea298697d" testName="Returns_User" computerName="V020705" duration="00:00:00.0011840" startTime="2025-04-30T09:12:21.6467444+02:00" endTime="2025-04-30T09:12:21.6479285+02:00" testType="13cdc9d9-ddb5-4fa4-a97d-d965ccfc6d4b" outcome="Passed" testListId="8c84fa94-04c1-424b-9868-57a2d4851a1d" relativeResultsDirectory="cb8e820d-d5ae-4a3f-9d7c-25a98c9afe7c" />
    <UnitTestResult executionId="c37b583e-a339-4926-b7de-efaeaf7a200f" testId="a4718197-c0ed-6fe8-0a56-f4edd2a40670" testName="Returns_Not_Found_If_Invalid_ClientId_Given" computerName="V020705" duration="00:00:00.0008770" startTime="2025-04-30T09:12:22.4987692+02:00" endTime="2025-04-30T09:12:22.4996457+02:00" testType="13cdc9d9-ddb5-4fa4-a97d-d965ccfc6d4b" outcome="Passed" testListId="8c84fa94-04c1-424b-9868-57a2d4851a1d" relativeResultsDirectory="c37b583e-a339-4926-b7de-efaeaf7a200f" />
    <UnitTestResult executionId="98128f31-716f-4e35-9e7b-b9d4119449fe" testId="03476a55-c12f-b3d9-e316-baa4f5d45dbc" testName="Returns_Redirect_To_SAML_Component" computerName="V020705" duration="00:00:00.0006740" startTime="2025-04-30T09:12:22.3890191+02:00" endTime="2025-04-30T09:12:22.3896922+02:00" testType="13cdc9d9-ddb5-4fa4-a97d-d965ccfc6d4b" outcome="Passed" testListId="8c84fa94-04c1-424b-9868-57a2d4851a1d" relativeResultsDirectory="98128f31-716f-4e35-9e7b-b9d4119449fe" />
    <UnitTestResult executionId="cf9e3e7b-93d0-4208-a835-1ec732f8aed6" testId="49694405-c75e-7d6c-5924-3ff582f776c6" testName="Converts_Grant_Types" computerName="V020705" duration="00:00:00.0002620" startTime="2025-04-30T09:12:22.8542294+02:00" endTime="2025-04-30T09:12:22.8544916+02:00" testType="13cdc9d9-ddb5-4fa4-a97d-d965ccfc6d4b" outcome="Passed" testListId="8c84fa94-04c1-424b-9868-57a2d4851a1d" relativeResultsDirectory="cf9e3e7b-93d0-4208-a835-1ec732f8aed6" />
    <UnitTestResult executionId="2ce5b653-fd30-4c07-8de5-7f3c51b4015c" testId="fc97df24-8375-c672-1182-f6b61f1a6eb2" testName="Does_Not_Add_External_Claims_To_UserInfoEndpoint_When_Allowed_Scope_Not_Set" computerName="V020705" duration="00:00:00.0009710" startTime="2025-04-30T09:12:23.4609301+02:00" endTime="2025-04-30T09:12:23.4619010+02:00" testType="13cdc9d9-ddb5-4fa4-a97d-d965ccfc6d4b" outcome="Passed" testListId="8c84fa94-04c1-424b-9868-57a2d4851a1d" relativeResultsDirectory="2ce5b653-fd30-4c07-8de5-7f3c51b4015c" />
    <UnitTestResult executionId="54ea7a47-8ccf-4d97-876c-855849ff6f73" testId="375999a8-2b4a-1229-5233-782fe8a4c779" testName="Persist_Success_Events" computerName="V020705" duration="00:00:00.0010910" startTime="2025-04-30T09:12:23.0155616+02:00" endTime="2025-04-30T09:12:23.0166524+02:00" testType="13cdc9d9-ddb5-4fa4-a97d-d965ccfc6d4b" outcome="Passed" testListId="8c84fa94-04c1-424b-9868-57a2d4851a1d" relativeResultsDirectory="54ea7a47-8ccf-4d97-876c-855849ff6f73" />
    <UnitTestResult executionId="ec937e11-df36-4726-ba33-13b1f4d3ef5a" testId="68b32425-9a58-d694-a679-bc3f03275913" testName="Maps_Properties_Of_LoginProviderViewModel_To_A_LoginProvider" computerName="V020705" duration="00:00:00.0011450" startTime="2025-04-30T09:12:22.8690667+02:00" endTime="2025-04-30T09:12:22.8702111+02:00" testType="13cdc9d9-ddb5-4fa4-a97d-d965ccfc6d4b" outcome="Passed" testListId="8c84fa94-04c1-424b-9868-57a2d4851a1d" relativeResultsDirectory="ec937e11-df36-4726-ba33-13b1f4d3ef5a" />
    <UnitTestResult executionId="d3d36cb3-004b-4562-9c52-1d8dd70b2ce2" testId="59fd8155-f76c-7163-811f-39a4c31d0f57" testName="Returns_Increments(1)" computerName="V020705" duration="00:00:00.0006960" startTime="2025-04-30T09:12:23.0302306+02:00" endTime="2025-04-30T09:12:23.0309268+02:00" testType="13cdc9d9-ddb5-4fa4-a97d-d965ccfc6d4b" outcome="Passed" testListId="8c84fa94-04c1-424b-9868-57a2d4851a1d" relativeResultsDirectory="d3d36cb3-004b-4562-9c52-1d8dd70b2ce2" />
    <UnitTestResult executionId="5f33c2e1-0b97-4a77-8997-1dadf3147dcf" testId="e7fcd723-bda6-7cc4-b07f-e447199834d4" testName="Imports_The_Provided_ProtectedResource" computerName="V020705" duration="00:00:00.0022580" startTime="2025-04-30T09:12:21.5889231+02:00" endTime="2025-04-30T09:12:21.5911806+02:00" testType="13cdc9d9-ddb5-4fa4-a97d-d965ccfc6d4b" outcome="Passed" testListId="8c84fa94-04c1-424b-9868-57a2d4851a1d" relativeResultsDirectory="5f33c2e1-0b97-4a77-8997-1dadf3147dcf" />
    <UnitTestResult executionId="11e0a04d-be31-4170-a3a7-96462567b40b" testId="97def961-3de1-37d8-48a2-bb172efd0f75" testName="Throws_ArgumentException_When_TemplateEngine_Is_Null" computerName="V020705" duration="00:00:00.0006020" startTime="2025-04-30T09:12:23.6114513+02:00" endTime="2025-04-30T09:12:23.6120525+02:00" testType="13cdc9d9-ddb5-4fa4-a97d-d965ccfc6d4b" outcome="Passed" testListId="8c84fa94-04c1-424b-9868-57a2d4851a1d" relativeResultsDirectory="11e0a04d-be31-4170-a3a7-96462567b40b" />
    <UnitTestResult executionId="c56e2224-e100-4c88-bd59-18ab8d335bee" testId="d3362389-3c62-c765-dbac-ee3f8eea43c3" testName="Updates_Nothing" computerName="V020705" duration="00:00:00.0018570" startTime="2025-04-30T09:12:21.6555023+02:00" endTime="2025-04-30T09:12:21.6573588+02:00" testType="13cdc9d9-ddb5-4fa4-a97d-d965ccfc6d4b" outcome="Passed" testListId="8c84fa94-04c1-424b-9868-57a2d4851a1d" relativeResultsDirectory="c56e2224-e100-4c88-bd59-18ab8d335bee" />
    <UnitTestResult executionId="aefca31c-f7ea-46a2-87cc-a21d04c96691" testId="6326ca31-7430-de0e-d521-5d19fcf70993" testName="Converts_Postlogout" computerName="V020705" duration="00:00:00.0002690" startTime="2025-04-30T09:12:22.8547109+02:00" endTime="2025-04-30T09:12:22.8549793+02:00" testType="13cdc9d9-ddb5-4fa4-a97d-d965ccfc6d4b" outcome="Passed" testListId="8c84fa94-04c1-424b-9868-57a2d4851a1d" relativeResultsDirectory="aefca31c-f7ea-46a2-87cc-a21d04c96691" />
    <UnitTestResult executionId="7c07f40b-06f3-49ed-8cf1-ef6093c4cab4" testId="f0b7926d-7dd6-9e7c-4cd5-66f652f55614" testName="Does_Not_Log_Non_Private_IPv6_Addresses(&quot;2001:4860:4860::8888&quot;)" computerName="V020705" duration="00:00:00.0000950" startTime="2025-04-30T09:12:22.6414744+02:00" endTime="2025-04-30T09:12:22.6415696+02:00" testType="13cdc9d9-ddb5-4fa4-a97d-d965ccfc6d4b" outcome="Passed" testListId="8c84fa94-04c1-424b-9868-57a2d4851a1d" relativeResultsDirectory="7c07f40b-06f3-49ed-8cf1-ef6093c4cab4" />
    <UnitTestResult executionId="9311107f-57c6-4f0a-82d9-a2f0a9409f3a" testId="728a10f8-1b9a-7447-336a-051599b35827" testName="ThrowsException_With_Null" computerName="V020705" duration="00:00:00.0029420" startTime="2025-04-30T09:12:21.3260988+02:00" endTime="2025-04-30T09:12:21.3290400+02:00" testType="13cdc9d9-ddb5-4fa4-a97d-d965ccfc6d4b" outcome="Passed" testListId="8c84fa94-04c1-424b-9868-57a2d4851a1d" relativeResultsDirectory="9311107f-57c6-4f0a-82d9-a2f0a9409f3a" />
    <UnitTestResult executionId="ae4c2eef-ee1b-4b1b-bc56-2589f6c80132" testId="9ddc2f64-2396-acca-4d87-204e3824e376" testName="Publishes_UserDeleted_Event" computerName="V020705" duration="00:00:00.0042390" startTime="2025-04-30T09:12:21.0894293+02:00" endTime="2025-04-30T09:12:21.0936683+02:00" testType="13cdc9d9-ddb5-4fa4-a97d-d965ccfc6d4b" outcome="Passed" testListId="8c84fa94-04c1-424b-9868-57a2d4851a1d" relativeResultsDirectory="ae4c2eef-ee1b-4b1b-bc56-2589f6c80132" />
    <UnitTestResult executionId="6184cb51-2d74-45fe-a5ee-67888f330c48" testId="4d73ec33-0333-8b84-2ce3-918cc509bbef" testName="IsValid_For_Valid_AzureProvider" computerName="V020705" duration="00:00:00.0035660" startTime="2025-04-30T09:12:22.8241892+02:00" endTime="2025-04-30T09:12:22.8277547+02:00" testType="13cdc9d9-ddb5-4fa4-a97d-d965ccfc6d4b" outcome="Passed" testListId="8c84fa94-04c1-424b-9868-57a2d4851a1d" relativeResultsDirectory="6184cb51-2d74-45fe-a5ee-67888f330c48" />
    <UnitTestResult executionId="a37e8fb9-ade4-49f4-b77b-6701b519b038" testId="280b2df7-bff6-1df8-8536-f731bdd148fe" testName="Returns_Failure_If_Password_Contains_FirstName(&quot;Hans&quot;,&quot;hans123&quot;)" computerName="V020705" duration="00:00:00.0009440" startTime="2025-04-30T09:12:21.3520140+02:00" endTime="2025-04-30T09:12:21.3529573+02:00" testType="13cdc9d9-ddb5-4fa4-a97d-d965ccfc6d4b" outcome="Passed" testListId="8c84fa94-04c1-424b-9868-57a2d4851a1d" relativeResultsDirectory="a37e8fb9-ade4-49f4-b77b-6701b519b038" />
    <UnitTestResult executionId="f37246d4-4b28-4165-acb1-a45e9a9c0fdf" testId="a0a73295-3914-7666-7268-a4dd67d2e2db" testName="Returns_False_When_Hash_Is_Not_Listed" computerName="V020705" duration="00:00:00.0012840" startTime="2025-04-30T09:12:22.6682472+02:00" endTime="2025-04-30T09:12:22.6695305+02:00" testType="13cdc9d9-ddb5-4fa4-a97d-d965ccfc6d4b" outcome="Passed" testListId="8c84fa94-04c1-424b-9868-57a2d4851a1d" relativeResultsDirectory="f37246d4-4b28-4165-acb1-a45e9a9c0fdf" />
    <UnitTestResult executionId="0d579789-b8ee-4bd8-887c-127b28a4aeda" testId="69bbef12-2abf-30f3-6ada-b3cea46e716a" testName="Gets_Test_Client_By_returnUrl" computerName="V020705" duration="00:00:00.0008370" startTime="2025-04-30T09:12:20.9596415+02:00" endTime="2025-04-30T09:12:20.9604781+02:00" testType="13cdc9d9-ddb5-4fa4-a97d-d965ccfc6d4b" outcome="Passed" testListId="8c84fa94-04c1-424b-9868-57a2d4851a1d" relativeResultsDirectory="0d579789-b8ee-4bd8-887c-127b28a4aeda" />
    <UnitTestResult executionId="3ff68543-7d62-4b50-bb36-a96db56f9b1b" testId="c8e992df-c450-2e3a-9654-847aa6ec3da1" testName="Returns_False_When_Password_Is_NullOrEmpty(&quot;&quot;)" computerName="V020705" duration="00:00:00.0019719" startTime="2025-04-30T09:12:22.6695798+02:00" endTime="2025-04-30T09:12:22.6715510+02:00" testType="13cdc9d9-ddb5-4fa4-a97d-d965ccfc6d4b" outcome="Passed" testListId="8c84fa94-04c1-424b-9868-57a2d4851a1d" relativeResultsDirectory="3ff68543-7d62-4b50-bb36-a96db56f9b1b" />
    <UnitTestResult executionId="e2f2640c-12f5-4d47-bd8f-aab009fa09f9" testId="7bde7718-297e-bc2d-cb7d-07ac83a320f1" testName="Throws_Exception_When_No_SingOnEndpoint_Is_Available" computerName="V020705" duration="00:00:00.0025380" startTime="2025-04-30T09:12:20.5336409+02:00" endTime="2025-04-30T09:12:20.5361786+02:00" testType="13cdc9d9-ddb5-4fa4-a97d-d965ccfc6d4b" outcome="Passed" testListId="8c84fa94-04c1-424b-9868-57a2d4851a1d" relativeResultsDirectory="e2f2640c-12f5-4d47-bd8f-aab009fa09f9" />
    <UnitTestResult executionId="a7e59c31-aef2-491f-a4a5-54d65fd84e7c" testId="f72bd708-3f3d-8f31-7c19-a47cec5a18f7" testName="Maps_Resource_Information_Properly" computerName="V020705" duration="00:00:00.0005940" startTime="2025-04-30T09:12:22.8621855+02:00" endTime="2025-04-30T09:12:22.8627791+02:00" testType="13cdc9d9-ddb5-4fa4-a97d-d965ccfc6d4b" outcome="Passed" testListId="8c84fa94-04c1-424b-9868-57a2d4851a1d" relativeResultsDirectory="a7e59c31-aef2-491f-a4a5-54d65fd84e7c" />
    <UnitTestResult executionId="09938e3b-49ef-4bab-97d5-69ab2edb2379" testId="42597a55-4790-0b26-43cf-77df09acfe88" testName="Does_Not_Add_Input_Element_If_Client_Context_Does_Not_Exist" computerName="V020705" duration="00:00:00.0010760" startTime="2025-04-30T09:12:23.9315005+02:00" endTime="2025-04-30T09:12:23.9325760+02:00" testType="13cdc9d9-ddb5-4fa4-a97d-d965ccfc6d4b" outcome="Passed" testListId="8c84fa94-04c1-424b-9868-57a2d4851a1d" relativeResultsDirectory="09938e3b-49ef-4bab-97d5-69ab2edb2379" />
    <UnitTestResult executionId="9ed5f04f-1d96-49b8-b38b-20112240bb8f" testId="6901a177-d02f-f912-156d-15677beeebdd" testName="Sends_Link_To_Client_Endpoint" computerName="V020705" duration="00:00:00.0009020" startTime="2025-04-30T09:12:21.2668398+02:00" endTime="2025-04-30T09:12:21.2677419+02:00" testType="13cdc9d9-ddb5-4fa4-a97d-d965ccfc6d4b" outcome="Passed" testListId="8c84fa94-04c1-424b-9868-57a2d4851a1d" relativeResultsDirectory="9ed5f04f-1d96-49b8-b38b-20112240bb8f" />
    <UnitTestResult executionId="b8a23957-2b84-4be1-a535-ce6afe76550f" testId="b8cba6bf-94f1-b286-51cc-1410f173b416" testName="Finds_User_By_Username" computerName="V020705" duration="00:00:00.0006680" startTime="2025-04-30T09:12:21.6275857+02:00" endTime="2025-04-30T09:12:21.6282537+02:00" testType="13cdc9d9-ddb5-4fa4-a97d-d965ccfc6d4b" outcome="Passed" testListId="8c84fa94-04c1-424b-9868-57a2d4851a1d" relativeResultsDirectory="b8a23957-2b84-4be1-a535-ce6afe76550f" />
    <UnitTestResult executionId="aaa11e82-b532-47d4-ae62-8dae90f89f1f" testId="8de22654-8cd1-3b20-aaf9-55dbabeb4bdf" testName="Calls_Inner" computerName="V020705" duration="00:00:00.0034550" startTime="2025-04-30T09:12:23.3946054+02:00" endTime="2025-04-30T09:12:23.3980607+02:00" testType="13cdc9d9-ddb5-4fa4-a97d-d965ccfc6d4b" outcome="Passed" testListId="8c84fa94-04c1-424b-9868-57a2d4851a1d" relativeResultsDirectory="aaa11e82-b532-47d4-ae62-8dae90f89f1f" />
    <UnitTestResult executionId="dded9ca1-892b-47b7-8677-f6d6b5937cee" testId="b7c46daa-d592-f886-ca2e-e569f4d9d755" testName="Logs_The_Entire_IP_Address_If_It_Is_A_Local_Address(&quot;::1&quot;)" computerName="V020705" duration="00:00:00.0012480" startTime="2025-04-30T09:12:22.6425606+02:00" endTime="2025-04-30T09:12:22.6438079+02:00" testType="13cdc9d9-ddb5-4fa4-a97d-d965ccfc6d4b" outcome="Passed" testListId="8c84fa94-04c1-424b-9868-57a2d4851a1d" relativeResultsDirectory="dded9ca1-892b-47b7-8677-f6d6b5937cee" />
    <UnitTestResult executionId="e11e8784-7b09-4254-bffd-144e4a870a4c" testId="0b6bd3f3-61cb-be0c-dabf-1be82d95b588" testName="Returns_Function_Result_For_Successful_Operation" computerName="V020705" duration="00:00:00.0001520" startTime="2025-04-30T09:12:20.4277304+02:00" endTime="2025-04-30T09:12:20.4278821+02:00" testType="13cdc9d9-ddb5-4fa4-a97d-d965ccfc6d4b" outcome="Passed" testListId="8c84fa94-04c1-424b-9868-57a2d4851a1d" relativeResultsDirectory="e11e8784-7b09-4254-bffd-144e4a870a4c" />
    <UnitTestResult executionId="4a5f67af-3d0b-48f2-8eec-11842cc08442" testId="0dc29b05-4d7f-373b-fe90-4f39349acdf9" testName="Returns_Information_For_AzureAD_With_Legacy_Uris" computerName="V020705" duration="00:00:00.0004550" startTime="2025-04-30T09:12:23.4989879+02:00" endTime="2025-04-30T09:12:23.4994423+02:00" testType="13cdc9d9-ddb5-4fa4-a97d-d965ccfc6d4b" outcome="Passed" testListId="8c84fa94-04c1-424b-9868-57a2d4851a1d" relativeResultsDirectory="4a5f67af-3d0b-48f2-8eec-11842cc08442" />
    <UnitTestResult executionId="360e43fa-e9e0-4092-9561-66fa68f3b235" testId="33260c40-bb67-b857-3bab-2ad5b7b48ddc" testName="Returns_Inverted_JsonResult_From_Provider(True)" computerName="V020705" duration="00:00:00.0007570" startTime="2025-04-30T09:12:21.5945496+02:00" endTime="2025-04-30T09:12:21.5953063+02:00" testType="13cdc9d9-ddb5-4fa4-a97d-d965ccfc6d4b" outcome="Passed" testListId="8c84fa94-04c1-424b-9868-57a2d4851a1d" relativeResultsDirectory="360e43fa-e9e0-4092-9561-66fa68f3b235" />
    <UnitTestResult executionId="935a3456-27b0-4384-8d49-422d02a4779a" testId="709a0677-10e5-0075-7ddb-7f4f578757c5" testName="Use_Fallback_When_SenderType_Is_Unknown" computerName="V020705" duration="00:00:00.0012320" startTime="2025-04-30T09:12:21.3129278+02:00" endTime="2025-04-30T09:12:21.3141594+02:00" testType="13cdc9d9-ddb5-4fa4-a97d-d965ccfc6d4b" outcome="Passed" testListId="8c84fa94-04c1-424b-9868-57a2d4851a1d" relativeResultsDirectory="935a3456-27b0-4384-8d49-422d02a4779a" />
    <UnitTestResult executionId="081d9758-7414-49ae-bbb5-f041593749eb" testId="6f5c7799-f764-7d93-d984-a20dada63708" testName="Set_NormalizedLastName_When_LastName_Is_Set" computerName="V020705" duration="00:00:00.0015470" startTime="2025-04-30T09:12:21.0853388+02:00" endTime="2025-04-30T09:12:21.0868859+02:00" testType="13cdc9d9-ddb5-4fa4-a97d-d965ccfc6d4b" outcome="Passed" testListId="8c84fa94-04c1-424b-9868-57a2d4851a1d" relativeResultsDirectory="081d9758-7414-49ae-bbb5-f041593749eb" />
    <UnitTestResult executionId="1a9949c0-b051-4152-b7c8-b73ba138f13b" testId="37c5dff9-37b8-3950-667c-cbcdba1ef397" testName="Fails_If_The_User_Is_Not_Locked" computerName="V020705" duration="00:00:00.0017250" startTime="2025-04-30T09:12:21.2136830+02:00" endTime="2025-04-30T09:12:21.2154078+02:00" testType="13cdc9d9-ddb5-4fa4-a97d-d965ccfc6d4b" outcome="Passed" testListId="8c84fa94-04c1-424b-9868-57a2d4851a1d" relativeResultsDirectory="1a9949c0-b051-4152-b7c8-b73ba138f13b" />
    <UnitTestResult executionId="0684e805-d536-48f1-bc82-7f0a98a89dc9" testId="26ce0d7e-3441-033d-e534-6ee10a62a782" testName="Returns_Firstname_Only_If_Lastname_Is_Empty" computerName="V020705" duration="00:00:00.0000980" startTime="2025-04-30T09:12:20.4182118+02:00" endTime="2025-04-30T09:12:20.4183099+02:00" testType="13cdc9d9-ddb5-4fa4-a97d-d965ccfc6d4b" outcome="Passed" testListId="8c84fa94-04c1-424b-9868-57a2d4851a1d" relativeResultsDirectory="0684e805-d536-48f1-bc82-7f0a98a89dc9" />
    <UnitTestResult executionId="6c036d37-d39b-4bad-9990-dc491dad796f" testId="af702030-3313-7046-94c1-a8d218936618" testName="Sends_Link_To_Email_Sender" computerName="V020705" duration="00:00:00.0090030" startTime="2025-04-30T09:12:21.2758744+02:00" endTime="2025-04-30T09:12:21.2848773+02:00" testType="13cdc9d9-ddb5-4fa4-a97d-d965ccfc6d4b" outcome="Passed" testListId="8c84fa94-04c1-424b-9868-57a2d4851a1d" relativeResultsDirectory="6c036d37-d39b-4bad-9990-dc491dad796f" />
    <UnitTestResult executionId="9796cbe0-c3f8-4c95-900a-47e8f78abb39" testId="5d3589d3-d40b-ee90-a9f1-46294b97d9d0" testName="Logs_UserName(&quot;https://localhost/connect/authorize/callback?test=1&amp;login_hint=hans.peter@test.com&amp;test2=2&quot;)" computerName="V020705" duration="00:00:00.0000580" startTime="2025-04-30T09:12:22.9489234+02:00" endTime="2025-04-30T09:12:22.9489815+02:00" testType="13cdc9d9-ddb5-4fa4-a97d-d965ccfc6d4b" outcome="Passed" testListId="8c84fa94-04c1-424b-9868-57a2d4851a1d" relativeResultsDirectory="9796cbe0-c3f8-4c95-900a-47e8f78abb39" />
    <UnitTestResult executionId="16a22bd3-5aad-4fd1-bedd-f3eb296cdcd9" testId="72471dd4-f1f4-a12b-30b2-8361ca6385b6" testName="Returns_Content_From_Renderer" computerName="V020705" duration="00:00:00.0009820" startTime="2025-04-30T09:12:21.5981944+02:00" endTime="2025-04-30T09:12:21.5991760+02:00" testType="13cdc9d9-ddb5-4fa4-a97d-d965ccfc6d4b" outcome="Passed" testListId="8c84fa94-04c1-424b-9868-57a2d4851a1d" relativeResultsDirectory="16a22bd3-5aad-4fd1-bedd-f3eb296cdcd9" />
    <UnitTestResult executionId="2927a8b0-f320-403b-84ac-4a46ea7d3354" testId="d386b01e-4f07-b78c-bfff-eafb79791a48" testName="Returns_UI_Actor_Idp_Page" computerName="V020705" duration="00:00:00.0002270" startTime="2025-04-30T09:12:22.9822933+02:00" endTime="2025-04-30T09:12:22.9825203+02:00" testType="13cdc9d9-ddb5-4fa4-a97d-d965ccfc6d4b" outcome="Passed" testListId="8c84fa94-04c1-424b-9868-57a2d4851a1d" relativeResultsDirectory="2927a8b0-f320-403b-84ac-4a46ea7d3354" />
    <UnitTestResult executionId="5c0bb400-2765-4250-8956-5bd5a679dcaa" testId="4ecf1314-dade-c124-f74f-320edb42294b" testName="Can_Read_File" computerName="V020705" duration="00:00:00.0004440" startTime="2025-04-30T09:12:22.9522693+02:00" endTime="2025-04-30T09:12:22.9527129+02:00" testType="13cdc9d9-ddb5-4fa4-a97d-d965ccfc6d4b" outcome="Passed" testListId="8c84fa94-04c1-424b-9868-57a2d4851a1d" relativeResultsDirectory="5c0bb400-2765-4250-8956-5bd5a679dcaa" />
    <UnitTestResult executionId="7d4fce81-1380-414f-ad6f-658fd7d5ccad" testId="18caa7c6-b85f-4ee2-043d-43053045d61a" testName="Throws_UserNotFoundException_When_Azure_User_Not_Found" computerName="V020705" duration="00:00:00.0021700" startTime="2025-04-30T09:12:23.6450304+02:00" endTime="2025-04-30T09:12:23.6472004+02:00" testType="13cdc9d9-ddb5-4fa4-a97d-d965ccfc6d4b" outcome="Passed" testListId="8c84fa94-04c1-424b-9868-57a2d4851a1d" relativeResultsDirectory="7d4fce81-1380-414f-ad6f-658fd7d5ccad" />
    <UnitTestResult executionId="09206504-b94a-42a5-8d2d-f15f44720029" testId="aec7e3e0-c114-3c4c-d70e-45af9fa2ab20" testName="Maps_ExtendedClient_With_ClientType_By_GrantType(&quot;client_credentials&quot;,Machine)" computerName="V020705" duration="00:00:00.0003110" startTime="2025-04-30T09:12:22.8589930+02:00" endTime="2025-04-30T09:12:22.8593038+02:00" testType="13cdc9d9-ddb5-4fa4-a97d-d965ccfc6d4b" outcome="Passed" testListId="8c84fa94-04c1-424b-9868-57a2d4851a1d" relativeResultsDirectory="09206504-b94a-42a5-8d2d-f15f44720029" />
    <UnitTestResult executionId="5941b93f-a8e5-4274-b73d-d8227674a792" testId="c6d25c77-eac9-bead-533a-8e6d69e9e2cc" testName="Logs_The_Entire_IP_Address_If_It_Is_A_Local_Address(&quot;fec0::1&quot;)" computerName="V020705" duration="00:00:00.0003900" startTime="2025-04-30T09:12:22.6438418+02:00" endTime="2025-04-30T09:12:22.6442320+02:00" testType="13cdc9d9-ddb5-4fa4-a97d-d965ccfc6d4b" outcome="Passed" testListId="8c84fa94-04c1-424b-9868-57a2d4851a1d" relativeResultsDirectory="5941b93f-a8e5-4274-b73d-d8227674a792" />
    <UnitTestResult executionId="18ded5b6-ed8b-4848-89bd-a8a0d9e843a2" testId="9c69c548-9d07-b352-d694-451d8eaffce7" testName="Returns_First_And_Lastname" computerName="V020705" duration="00:00:00.0031780" startTime="2025-04-30T09:12:20.4150172+02:00" endTime="2025-04-30T09:12:20.4181950+02:00" testType="13cdc9d9-ddb5-4fa4-a97d-d965ccfc6d4b" outcome="Passed" testListId="8c84fa94-04c1-424b-9868-57a2d4851a1d" relativeResultsDirectory="18ded5b6-ed8b-4848-89bd-a8a0d9e843a2" />
    <UnitTestResult executionId="4c6228c4-4734-443f-962a-5b30a679f089" testId="a7b6efdc-405d-3ccf-a8a1-925ed14ae644" testName="Redirects_To_External_Challenge_When_External_Login_Only" computerName="V020705" duration="00:00:00.0022970" startTime="2025-04-30T09:12:21.4749795+02:00" endTime="2025-04-30T09:12:21.4772764+02:00" testType="13cdc9d9-ddb5-4fa4-a97d-d965ccfc6d4b" outcome="Passed" testListId="8c84fa94-04c1-424b-9868-57a2d4851a1d" relativeResultsDirectory="4c6228c4-4734-443f-962a-5b30a679f089" />
    <UnitTestResult executionId="480b5cfe-1440-4736-8547-3732a919a955" testId="b78cb72f-9966-f61b-7bee-eaae4a10486c" testName="Logs_UserName(&quot;https://localhost/Account/Login?ReturnUrl=%2Fconnect%2Fauthorize%2Fcallback%3Fresponse_type%3Dcode%26nonce%3DTcYRg3ly9PxiTLvK4y3b-g%26state%3DBPb4upgHZjrUKSPdQH9UlA%26code_challenge%3DBrY_dAF4pTJ2oWWXblA8p81WWCKQYJN0L0k7GCsxQfs%26code_challenge_method%3DS256%26client_id%3Dlas_desktop%26scope%3Dopenid%2520profile%2520offline_access%2520chgprofile%2520email%2520dms_appserver_api%26redirect_uri%3Dhttp%253A%252F%252Flocalhost%252Flas_desktop%26acr_values%3Didp%253ACHGAzureAD%26login_hint%3Dhans.peter@test.com&quot;)" computerName="V020705" duration="00:00:00.0001820" startTime="2025-04-30T09:12:22.9486187+02:00" endTime="2025-04-30T09:12:22.9488003+02:00" testType="13cdc9d9-ddb5-4fa4-a97d-d965ccfc6d4b" outcome="Passed" testListId="8c84fa94-04c1-424b-9868-57a2d4851a1d" relativeResultsDirectory="480b5cfe-1440-4736-8547-3732a919a955" />
    <UnitTestResult executionId="76cd3f6f-5852-4919-bf17-7585e3859cef" testId="631be063-dc2c-21be-7330-fe3ecfc31b95" testName="Concats_The_Events_Path_And_Filters_To_The_Test_Run_Id(&quot;https://someBaseUrl//&quot;)" computerName="V020705" duration="00:00:00.0001460" startTime="2025-04-30T09:12:23.5496536+02:00" endTime="2025-04-30T09:12:23.5497999+02:00" testType="13cdc9d9-ddb5-4fa4-a97d-d965ccfc6d4b" outcome="Passed" testListId="8c84fa94-04c1-424b-9868-57a2d4851a1d" relativeResultsDirectory="76cd3f6f-5852-4919-bf17-7585e3859cef" />
    <UnitTestResult executionId="104d713b-ae61-48fe-acb2-058e03283504" testId="2416a40c-f6aa-a483-ce2a-56630b6e1dc7" testName="Does_Not_Log_Non_Private_IPv6_Addresses(&quot;2607:f0d0:1002:51::4&quot;)" computerName="V020705" duration="00:00:00.0013699" startTime="2025-04-30T09:12:22.6397539+02:00" endTime="2025-04-30T09:12:22.6411231+02:00" testType="13cdc9d9-ddb5-4fa4-a97d-d965ccfc6d4b" outcome="Passed" testListId="8c84fa94-04c1-424b-9868-57a2d4851a1d" relativeResultsDirectory="104d713b-ae61-48fe-acb2-058e03283504" />
    <UnitTestResult executionId="c6529b29-12ad-47cf-ab01-9e6d598ed89e" testId="527d01eb-73ef-9570-f17c-2de519074e24" testName="Returns_True_For_File_Call(&quot;https://localhost/js/site.js?v=2yW9W2jjd-ZgGewWZvGiDtVLyaCnXbM31nFlXSzVdbU&amp;v=2yW9W2jjd-ZgGewWZvGiDtV&quot;)" computerName="V020705" duration="00:00:00.0000860" startTime="2025-04-30T09:12:22.5486315+02:00" endTime="2025-04-30T09:12:22.5487176+02:00" testType="13cdc9d9-ddb5-4fa4-a97d-d965ccfc6d4b" outcome="Passed" testListId="8c84fa94-04c1-424b-9868-57a2d4851a1d" relativeResultsDirectory="c6529b29-12ad-47cf-ab01-9e6d598ed89e" />
    <UnitTestResult executionId="53f14c68-2998-4eb0-b5c0-82406e45e47c" testId="ac69674e-f148-34f8-83cf-539d5244297e" testName="Does_Not_Send_Mail_If_No_Providers_Are_Expired_Or_Expiring" computerName="V020705" duration="00:00:00.0020520" startTime="2025-04-30T09:12:23.5323839+02:00" endTime="2025-04-30T09:12:23.5344358+02:00" testType="13cdc9d9-ddb5-4fa4-a97d-d965ccfc6d4b" outcome="Passed" testListId="8c84fa94-04c1-424b-9868-57a2d4851a1d" relativeResultsDirectory="53f14c68-2998-4eb0-b5c0-82406e45e47c" />
    <UnitTestResult executionId="4cdc3b92-2023-4c68-9ebd-2d52d6895928" testId="220b4593-150b-fe76-a302-f83526252f17" testName="Returns_Success_If_Passwort_IsNot_Listed" computerName="V020705" duration="00:00:00.0009840" startTime="2025-04-30T09:12:21.3250730+02:00" endTime="2025-04-30T09:12:21.3260567+02:00" testType="13cdc9d9-ddb5-4fa4-a97d-d965ccfc6d4b" outcome="Passed" testListId="8c84fa94-04c1-424b-9868-57a2d4851a1d" relativeResultsDirectory="4cdc3b92-2023-4c68-9ebd-2d52d6895928" />
    <UnitTestResult executionId="5071b3b9-4718-43b3-8d4c-ec2cf592d3dc" testId="2c9a9d87-8e23-1cd4-016b-a60ead601e45" testName="Returns_Default_Value_For_Failed_Operation" computerName="V020705" duration="00:00:00.0003200" startTime="2025-04-30T09:12:20.4264513+02:00" endTime="2025-04-30T09:12:20.4267714+02:00" testType="13cdc9d9-ddb5-4fa4-a97d-d965ccfc6d4b" outcome="Passed" testListId="8c84fa94-04c1-424b-9868-57a2d4851a1d" relativeResultsDirectory="5071b3b9-4718-43b3-8d4c-ec2cf592d3dc" />
    <UnitTestResult executionId="8ae9caf7-65d7-4201-b2bb-7e48201b3dfa" testId="94f07a82-fcae-3859-6172-92bbe0dc5448" testName="Removes_Record_From_Repository" computerName="V020705" duration="00:00:00.0011770" startTime="2025-04-30T09:12:23.0387575+02:00" endTime="2025-04-30T09:12:23.0399344+02:00" testType="13cdc9d9-ddb5-4fa4-a97d-d965ccfc6d4b" outcome="Passed" testListId="8c84fa94-04c1-424b-9868-57a2d4851a1d" relativeResultsDirectory="8ae9caf7-65d7-4201-b2bb-7e48201b3dfa" />
    <UnitTestResult executionId="0fe5ad31-9e87-4858-a4ff-c249ff0619f5" testId="6fe0a9e0-571f-0529-78ed-f233918a28b7" testName="Logs_Warning_If_ClientName_Is_Missing" computerName="V020705" duration="00:00:00.0014490" startTime="2025-04-30T09:12:22.6179549+02:00" endTime="2025-04-30T09:12:22.6194032+02:00" testType="13cdc9d9-ddb5-4fa4-a97d-d965ccfc6d4b" outcome="Passed" testListId="8c84fa94-04c1-424b-9868-57a2d4851a1d" relativeResultsDirectory="0fe5ad31-9e87-4858-a4ff-c249ff0619f5" />
    <UnitTestResult executionId="31e4680d-fb1d-4456-aa4b-fa0e8d879fb2" testId="3af9a356-a041-05c6-a123-76ebd3c865c7" testName="Unset_NormalizedFirstName_When_LastName_Is_Null" computerName="V020705" duration="00:00:00.0011700" startTime="2025-04-30T09:12:21.0881648+02:00" endTime="2025-04-30T09:12:21.0893341+02:00" testType="13cdc9d9-ddb5-4fa4-a97d-d965ccfc6d4b" outcome="Passed" testListId="8c84fa94-04c1-424b-9868-57a2d4851a1d" relativeResultsDirectory="31e4680d-fb1d-4456-aa4b-fa0e8d879fb2" />
    <UnitTestResult executionId="12d6cce4-0867-40d5-bdec-8af164d90f56" testId="60e41c05-463f-cde1-082c-790b13250f20" testName="Appends_To_The_List_Of_Test_Result_Messages" computerName="V020705" duration="00:00:00.0082930" startTime="2025-04-30T09:12:23.5345596+02:00" endTime="2025-04-30T09:12:23.5428525+02:00" testType="13cdc9d9-ddb5-4fa4-a97d-d965ccfc6d4b" outcome="Passed" testListId="8c84fa94-04c1-424b-9868-57a2d4851a1d" relativeResultsDirectory="12d6cce4-0867-40d5-bdec-8af164d90f56" />
    <UnitTestResult executionId="21a1f43f-8f10-47ae-b826-bea8be317a2f" testId="55b53e34-e4b0-eaeb-2cdc-a1160ea0520d" testName="Does_Not_Publish_UserEmailChanged_Event_When_Email_Was_Not_Changed" computerName="V020705" duration="00:00:00.0059640" startTime="2025-04-30T09:12:21.1773009+02:00" endTime="2025-04-30T09:12:21.1832648+02:00" testType="13cdc9d9-ddb5-4fa4-a97d-d965ccfc6d4b" outcome="Passed" testListId="8c84fa94-04c1-424b-9868-57a2d4851a1d" relativeResultsDirectory="21a1f43f-8f10-47ae-b826-bea8be317a2f" />
    <UnitTestResult executionId="58f54203-df6e-4699-8e5a-9e4e7ec5d41c" testId="1351a454-00c8-fb77-c6cd-9883d8fcc8b7" testName="Gets_Test_Client_By_Client_Id_Query_Parameter" computerName="V020705" duration="00:00:00.0008420" startTime="2025-04-30T09:12:20.9379609+02:00" endTime="2025-04-30T09:12:20.9388024+02:00" testType="13cdc9d9-ddb5-4fa4-a97d-d965ccfc6d4b" outcome="Passed" testListId="8c84fa94-04c1-424b-9868-57a2d4851a1d" relativeResultsDirectory="58f54203-df6e-4699-8e5a-9e4e7ec5d41c" />
    <UnitTestResult executionId="c991d7b5-ce17-47ce-89b0-adcc6fcec9d0" testId="54f204db-bc4f-ada0-8c7d-1602734fdeb8" testName="Does_Not_Publish_UserFullNameChanged_Event_When_LastName_Was_Not_Changed" computerName="V020705" duration="00:00:00.0027670" startTime="2025-04-30T09:12:21.1956208+02:00" endTime="2025-04-30T09:12:21.1983879+02:00" testType="13cdc9d9-ddb5-4fa4-a97d-d965ccfc6d4b" outcome="Passed" testListId="8c84fa94-04c1-424b-9868-57a2d4851a1d" relativeResultsDirectory="c991d7b5-ce17-47ce-89b0-adcc6fcec9d0" />
    <UnitTestResult executionId="200d2e72-6452-447f-8a9b-504f35d034cf" testId="85558b84-5d63-b61d-ecb9-d1c21343bb50" testName="Gets_Test_Client_By_LoginProcess" computerName="V020705" duration="00:00:00.0020480" startTime="2025-04-30T09:12:20.9388319+02:00" endTime="2025-04-30T09:12:20.9408792+02:00" testType="13cdc9d9-ddb5-4fa4-a97d-d965ccfc6d4b" outcome="Passed" testListId="8c84fa94-04c1-424b-9868-57a2d4851a1d" relativeResultsDirectory="200d2e72-6452-447f-8a9b-504f35d034cf" />
    <UnitTestResult executionId="d2cbd6b9-5fdb-42b2-9445-a69baf57c9a3" testId="dc54bb54-da07-33bf-a843-a759e90bfa3f" testName="Throws_ArgumentNull_Exception_When_Inner_Is_Null" computerName="V020705" duration="00:00:00.0015200" startTime="2025-04-30T09:12:23.5806318+02:00" endTime="2025-04-30T09:12:23.5821517+02:00" testType="13cdc9d9-ddb5-4fa4-a97d-d965ccfc6d4b" outcome="Passed" testListId="8c84fa94-04c1-424b-9868-57a2d4851a1d" relativeResultsDirectory="d2cbd6b9-5fdb-42b2-9445-a69baf57c9a3" />
    <UnitTestResult executionId="6de2b760-fe9f-46a1-8214-14f0fff5ee21" testId="e3ada9eb-3b3f-870a-5773-cd9c66a12a0d" testName="Calls_Next_If_Handler_Failed" computerName="V020705" duration="00:00:00.0014150" startTime="2025-04-30T09:12:22.9135732+02:00" endTime="2025-04-30T09:12:22.9149881+02:00" testType="13cdc9d9-ddb5-4fa4-a97d-d965ccfc6d4b" outcome="Passed" testListId="8c84fa94-04c1-424b-9868-57a2d4851a1d" relativeResultsDirectory="6de2b760-fe9f-46a1-8214-14f0fff5ee21" />
    <UnitTestResult executionId="f959c35e-e26f-45b6-afc3-ee5b70c8154a" testId="4e006f18-4d0f-2a33-a46a-8c41502e2eb1" testName="Returns_Default_Value_For_Failed_AsyncOperation" computerName="V020705" duration="00:00:00.0078150" startTime="2025-04-30T09:12:20.4186209+02:00" endTime="2025-04-30T09:12:20.4264353+02:00" testType="13cdc9d9-ddb5-4fa4-a97d-d965ccfc6d4b" outcome="Passed" testListId="8c84fa94-04c1-424b-9868-57a2d4851a1d" relativeResultsDirectory="f959c35e-e26f-45b6-afc3-ee5b70c8154a" />
    <UnitTestResult executionId="d2b4f640-bd15-40ec-aed2-a18ceaa8f212" testId="a9a72500-bb75-3315-4955-4cf6dc2b8bc3" testName="Returns_Enabled" computerName="V020705" duration="00:00:00.0037210" startTime="2025-04-30T09:12:23.4390234+02:00" endTime="2025-04-30T09:12:23.4427436+02:00" testType="13cdc9d9-ddb5-4fa4-a97d-d965ccfc6d4b" outcome="Passed" testListId="8c84fa94-04c1-424b-9868-57a2d4851a1d" relativeResultsDirectory="d2b4f640-bd15-40ec-aed2-a18ceaa8f212" />
    <UnitTestResult executionId="33525ec9-29e4-45ee-904c-fd9dbea1cd3d" testId="7f73b874-5a3e-9b9a-b956-94e46a5b4a32" testName="Calls_Authentication_Handler_For_Saml_Metadata(&quot;https://localhost/saml/testazure/metadata&quot;)" computerName="V020705" duration="00:00:00.0020310" startTime="2025-04-30T09:12:22.9086398+02:00" endTime="2025-04-30T09:12:22.9106701+02:00" testType="13cdc9d9-ddb5-4fa4-a97d-d965ccfc6d4b" outcome="Passed" testListId="8c84fa94-04c1-424b-9868-57a2d4851a1d" relativeResultsDirectory="33525ec9-29e4-45ee-904c-fd9dbea1cd3d" />
    <UnitTestResult executionId="52197073-529f-469c-9118-d6c31c3640b3" testId="ef2d8054-b82a-4dff-ff11-afaf28e09283" testName="Logs_Message_When_GroupsClaims_Exceeds_Amount" computerName="V020705" duration="00:00:00.0025980" startTime="2025-04-30T09:12:22.7885812+02:00" endTime="2025-04-30T09:12:22.7911787+02:00" testType="13cdc9d9-ddb5-4fa4-a97d-d965ccfc6d4b" outcome="Passed" testListId="8c84fa94-04c1-424b-9868-57a2d4851a1d" relativeResultsDirectory="52197073-529f-469c-9118-d6c31c3640b3" />
    <UnitTestResult executionId="c2438f10-35ea-43b0-8f33-e863c3313a4f" testId="607359d5-ada5-9eba-f85c-f986eca681bf" testName="Ensure_LoginProviderTypes_Either_Support_ClientSecret_Expiration_Or_Are_Excluded_From_The_Check" computerName="V020705" duration="00:00:00.0030200" startTime="2025-04-30T09:12:23.5156840+02:00" endTime="2025-04-30T09:12:23.5187033+02:00" testType="13cdc9d9-ddb5-4fa4-a97d-d965ccfc6d4b" outcome="Passed" testListId="8c84fa94-04c1-424b-9868-57a2d4851a1d" relativeResultsDirectory="c2438f10-35ea-43b0-8f33-e863c3313a4f" />
    <UnitTestResult executionId="a3d5a64b-4602-4817-a0a3-84725c190788" testId="a15042c3-12ca-9105-0797-7232479efd1c" testName="Not_Valid_For_Invalid_OidcProvider_Missing_Authority" computerName="V020705" duration="00:00:00.0042730" startTime="2025-04-30T09:12:22.8304671+02:00" endTime="2025-04-30T09:12:22.8347400+02:00" testType="13cdc9d9-ddb5-4fa4-a97d-d965ccfc6d4b" outcome="Passed" testListId="8c84fa94-04c1-424b-9868-57a2d4851a1d" relativeResultsDirectory="a3d5a64b-4602-4817-a0a3-84725c190788" />
    <UnitTestResult executionId="35cc29d3-be1c-47c2-8934-90c0aa59a814" testId="80acaac2-acca-a957-759f-c2162d20a6d1" testName="Imports_The_Provided_Client" computerName="V020705" duration="00:00:00.0038920" startTime="2025-04-30T09:12:21.5829383+02:00" endTime="2025-04-30T09:12:21.5868305+02:00" testType="13cdc9d9-ddb5-4fa4-a97d-d965ccfc6d4b" outcome="Passed" testListId="8c84fa94-04c1-424b-9868-57a2d4851a1d" relativeResultsDirectory="35cc29d3-be1c-47c2-8934-90c0aa59a814" />
    <UnitTestResult executionId="cb50ede7-096f-49b8-bd7e-9a0bab9f9298" testId="36678689-fed3-daf7-51ec-33e64d06b045" testName="All_Api_Controllers_Should_Have_Defined_Suffix" computerName="V020705" duration="00:00:00.0003570" startTime="2025-04-30T09:12:22.1145507+02:00" endTime="2025-04-30T09:12:22.1149073+02:00" testType="13cdc9d9-ddb5-4fa4-a97d-d965ccfc6d4b" outcome="Passed" testListId="8c84fa94-04c1-424b-9868-57a2d4851a1d" relativeResultsDirectory="cb50ede7-096f-49b8-bd7e-9a0bab9f9298" />
    <UnitTestResult executionId="5c0b4a15-4787-4bd4-b2ef-eb1cc4c0c4e4" testId="d7393904-760f-6b9d-e65b-e373455bfc56" testName="Updates_Username_When_Username_Was_Equal" computerName="V020705" duration="00:00:00.0011150" startTime="2025-04-30T09:12:21.1892116+02:00" endTime="2025-04-30T09:12:21.1903265+02:00" testType="13cdc9d9-ddb5-4fa4-a97d-d965ccfc6d4b" outcome="Passed" testListId="8c84fa94-04c1-424b-9868-57a2d4851a1d" relativeResultsDirectory="5c0b4a15-4787-4bd4-b2ef-eb1cc4c0c4e4" />
    <UnitTestResult executionId="748af268-ff2e-4a2b-b6c9-7da046e834d4" testId="963bef49-3e7a-3202-d0a6-544b0466d548" testName="External_User_Cannot_Change_Password_When_No_Password_Set(&quot;&quot;)" computerName="V020705" duration="00:00:00.0008750" startTime="2025-04-30T09:12:21.0725563+02:00" endTime="2025-04-30T09:12:21.0734306+02:00" testType="13cdc9d9-ddb5-4fa4-a97d-d965ccfc6d4b" outcome="Passed" testListId="8c84fa94-04c1-424b-9868-57a2d4851a1d" relativeResultsDirectory="748af268-ff2e-4a2b-b6c9-7da046e834d4" />
    <UnitTestResult executionId="fd59f9c5-9c76-4238-8e9f-7c85757804d0" testId="c72e4ecd-30a8-d07f-563b-4381cc636317" testName="Can_Write_Saml_Data_With_Certificate" computerName="V020705" duration="00:00:00.0266080" startTime="2025-04-30T09:12:22.2910576+02:00" endTime="2025-04-30T09:12:22.3176646+02:00" testType="13cdc9d9-ddb5-4fa4-a97d-d965ccfc6d4b" outcome="Passed" testListId="8c84fa94-04c1-424b-9868-57a2d4851a1d" relativeResultsDirectory="fd59f9c5-9c76-4238-8e9f-7c85757804d0" />
    <UnitTestResult executionId="32dd48da-cb15-4acd-be11-fbd8f8304f45" testId="77bd0d4e-11eb-86d3-acbd-f3c6d4735fd1" testName="Does_Nothing_If_Href_Is_Not_Current_Action" computerName="V020705" duration="00:00:00.0014170" startTime="2025-04-30T09:12:23.9036176+02:00" endTime="2025-04-30T09:12:23.9050339+02:00" testType="13cdc9d9-ddb5-4fa4-a97d-d965ccfc6d4b" outcome="Passed" testListId="8c84fa94-04c1-424b-9868-57a2d4851a1d" relativeResultsDirectory="32dd48da-cb15-4acd-be11-fbd8f8304f45" />
    <UnitTestResult executionId="142a65e8-cb62-43a2-b204-6f71533f41f9" testId="4da7138c-5e1b-e461-72ef-b4d4be6e4650" testName="Creates_CHG_User" computerName="V020705" duration="00:00:00.0083830" startTime="2025-04-30T09:12:23.6195813+02:00" endTime="2025-04-30T09:12:23.6279640+02:00" testType="13cdc9d9-ddb5-4fa4-a97d-d965ccfc6d4b" outcome="Passed" testListId="8c84fa94-04c1-424b-9868-57a2d4851a1d" relativeResultsDirectory="142a65e8-cb62-43a2-b204-6f71533f41f9" />
    <UnitTestResult executionId="24dc3279-f8ae-4c65-ac2e-d30da650b576" testId="a6cf5247-0209-e6e9-03e9-5fb63c9bdd8a" testName="Calls_TemplateEngine_And_Sender" computerName="V020705" duration="00:00:00.0024300" startTime="2025-04-30T09:12:23.6121583+02:00" endTime="2025-04-30T09:12:23.6145878+02:00" testType="13cdc9d9-ddb5-4fa4-a97d-d965ccfc6d4b" outcome="Passed" testListId="8c84fa94-04c1-424b-9868-57a2d4851a1d" relativeResultsDirectory="24dc3279-f8ae-4c65-ac2e-d30da650b576" />
    <UnitTestResult executionId="df95b9b2-aed8-40e0-bcb7-dc8cae2071e6" testId="d70b0748-16af-c7f0-6bb6-546b28f10dea" testName="Throws_Exception_If_Helper_Output_Is_Null" computerName="V020705" duration="00:00:00.0014400" startTime="2025-04-30T09:12:23.9276914+02:00" endTime="2025-04-30T09:12:23.9291305+02:00" testType="13cdc9d9-ddb5-4fa4-a97d-d965ccfc6d4b" outcome="Passed" testListId="8c84fa94-04c1-424b-9868-57a2d4851a1d" relativeResultsDirectory="df95b9b2-aed8-40e0-bcb7-dc8cae2071e6" />
    <UnitTestResult executionId="f2fdb277-d25b-45b9-9247-fb948cac8b7c" testId="b2685e0d-75c8-2abb-a126-ec06ec995b55" testName="Calls_TemplateEngine_And_Sender" computerName="V020705" duration="00:00:00.0015860" startTime="2025-04-30T09:12:23.6178645+02:00" endTime="2025-04-30T09:12:23.6194500+02:00" testType="13cdc9d9-ddb5-4fa4-a97d-d965ccfc6d4b" outcome="Passed" testListId="8c84fa94-04c1-424b-9868-57a2d4851a1d" relativeResultsDirectory="f2fdb277-d25b-45b9-9247-fb948cac8b7c" />
    <UnitTestResult executionId="9a934346-7e13-466d-953b-a1edc199978b" testId="35aca1ca-64af-6b93-5fa2-0b3a315deb75" testName="Create_New_Entry" computerName="V020705" duration="00:00:00.0106430" startTime="2025-04-30T09:12:22.5271259+02:00" endTime="2025-04-30T09:12:22.5377685+02:00" testType="13cdc9d9-ddb5-4fa4-a97d-d965ccfc6d4b" outcome="Passed" testListId="8c84fa94-04c1-424b-9868-57a2d4851a1d" relativeResultsDirectory="9a934346-7e13-466d-953b-a1edc199978b" />
    <UnitTestResult executionId="6043da7e-b445-456b-8aae-484199dd5a84" testId="adba23eb-435b-03a7-d6eb-6d4f6a270950" testName="Sends_Link_To_Customized_Sender_Of_Factory" computerName="V020705" duration="00:00:00.0088200" startTime="2025-04-30T09:12:21.2870262+02:00" endTime="2025-04-30T09:12:21.2958454+02:00" testType="13cdc9d9-ddb5-4fa4-a97d-d965ccfc6d4b" outcome="Passed" testListId="8c84fa94-04c1-424b-9868-57a2d4851a1d" relativeResultsDirectory="6043da7e-b445-456b-8aae-484199dd5a84" />
    <UnitTestResult executionId="794303fd-5e61-4128-af8f-eff59e5b73be" testId="5ec0e2e9-7e79-16b0-2c50-8da35ab7ede3" testName="Not_Valid_For_Invalid_AzureProvider_Missing_Instance" computerName="V020705" duration="00:00:00.0005480" startTime="2025-04-30T09:12:22.8293343+02:00" endTime="2025-04-30T09:12:22.8298823+02:00" testType="13cdc9d9-ddb5-4fa4-a97d-d965ccfc6d4b" outcome="Passed" testListId="8c84fa94-04c1-424b-9868-57a2d4851a1d" relativeResultsDirectory="794303fd-5e61-4128-af8f-eff59e5b73be" />
    <UnitTestResult executionId="872c0219-5287-470d-a087-09e1e79481f0" testId="d81023dc-190f-768d-e71b-78a565ac84d1" testName="Returns_BadRequest_For_Non_Saml_Providers" computerName="V020705" duration="00:00:00.0007760" startTime="2025-04-30T09:12:22.4037848+02:00" endTime="2025-04-30T09:12:22.4045600+02:00" testType="13cdc9d9-ddb5-4fa4-a97d-d965ccfc6d4b" outcome="Passed" testListId="8c84fa94-04c1-424b-9868-57a2d4851a1d" relativeResultsDirectory="872c0219-5287-470d-a087-09e1e79481f0" />
    <UnitTestResult executionId="6d3b6210-794c-4252-bf64-01ca59ab4663" testId="00b42fa7-53ad-c6f3-978c-2d296c0bf149" testName="Configures_DbContext" computerName="V020705" duration="00:00:00.0263180" startTime="2025-04-30T09:12:22.5493632+02:00" endTime="2025-04-30T09:12:22.5756799+02:00" testType="13cdc9d9-ddb5-4fa4-a97d-d965ccfc6d4b" outcome="Passed" testListId="8c84fa94-04c1-424b-9868-57a2d4851a1d" relativeResultsDirectory="6d3b6210-794c-4252-bf64-01ca59ab4663" />
    <UnitTestResult executionId="d437b83f-12e5-4b40-af51-8401cf3b2300" testId="c01f1d50-d13c-40d7-5e92-0c17ee7fd22d" testName="Unsets_Deleted_Flag" computerName="V020705" duration="00:00:00.0011869" startTime="2025-04-30T09:12:21.1676363+02:00" endTime="2025-04-30T09:12:21.1688225+02:00" testType="13cdc9d9-ddb5-4fa4-a97d-d965ccfc6d4b" outcome="Passed" testListId="8c84fa94-04c1-424b-9868-57a2d4851a1d" relativeResultsDirectory="d437b83f-12e5-4b40-af51-8401cf3b2300" />
    <UnitTestResult executionId="1013a685-769c-4064-8992-76b8b706badc" testId="1b77e547-9397-94fe-9a03-435c39c7de08" testName="Dispatches_StatusMessage_To_Model" computerName="V020705" duration="00:00:00.0010680" startTime="2025-04-30T09:12:22.2584641+02:00" endTime="2025-04-30T09:12:22.2595323+02:00" testType="13cdc9d9-ddb5-4fa4-a97d-d965ccfc6d4b" outcome="Passed" testListId="8c84fa94-04c1-424b-9868-57a2d4851a1d" relativeResultsDirectory="1013a685-769c-4064-8992-76b8b706badc" />
    <UnitTestResult executionId="b48dcd29-6cb8-4daa-9ea0-060722d25d5c" testId="d0ed9315-9511-09fe-8df7-dd9ccfa6a5f9" testName="Logs_Warning_If_ClientId_Is_Missing" computerName="V020705" duration="00:00:00.0022860" startTime="2025-04-30T09:12:22.6156292+02:00" endTime="2025-04-30T09:12:22.6179147+02:00" testType="13cdc9d9-ddb5-4fa4-a97d-d965ccfc6d4b" outcome="Passed" testListId="8c84fa94-04c1-424b-9868-57a2d4851a1d" relativeResultsDirectory="b48dcd29-6cb8-4daa-9ea0-060722d25d5c" />
    <UnitTestResult executionId="83461765-c719-4bd2-826e-6d30185833bb" testId="f3abeff3-077e-8359-b4db-73f9c10cba49" testName="Calls_Service_To_Retrieve_Entity" computerName="V020705" duration="00:00:00.0172580" startTime="2025-04-30T09:12:22.3695238+02:00" endTime="2025-04-30T09:12:22.3867810+02:00" testType="13cdc9d9-ddb5-4fa4-a97d-d965ccfc6d4b" outcome="Passed" testListId="8c84fa94-04c1-424b-9868-57a2d4851a1d" relativeResultsDirectory="83461765-c719-4bd2-826e-6d30185833bb" />
    <UnitTestResult executionId="95700a2b-43b2-4458-a3f4-5cd5a36f1491" testId="d30e77f6-2014-76a0-7956-b2eeaddb9743" testName="Returns_Correct_Type(&quot;Mozilla/5.0 (Windows NT 10.0; WOW64) AppleWebKit/537.36 (KHTML, like Gecko) Chrome/110.0.0.0 Safari/537.36&quot;,Chrome)" computerName="V020705" duration="00:00:00.0204710" startTime="2025-04-30T09:12:23.1028101+02:00" endTime="2025-04-30T09:12:23.1232806+02:00" testType="13cdc9d9-ddb5-4fa4-a97d-d965ccfc6d4b" outcome="Passed" testListId="8c84fa94-04c1-424b-9868-57a2d4851a1d" relativeResultsDirectory="95700a2b-43b2-4458-a3f4-5cd5a36f1491" />
    <UnitTestResult executionId="2192a63b-aa63-4165-823b-b63e22794184" testId="dfc7f103-5300-4308-9cfb-c9ca1e7d7bd0" testName="Updates_Existing_From_Repository" computerName="V020705" duration="00:00:00.0064260" startTime="2025-04-30T09:12:22.4893923+02:00" endTime="2025-04-30T09:12:22.4958180+02:00" testType="13cdc9d9-ddb5-4fa4-a97d-d965ccfc6d4b" outcome="Passed" testListId="8c84fa94-04c1-424b-9868-57a2d4851a1d" relativeResultsDirectory="2192a63b-aa63-4165-823b-b63e22794184" />
    <UnitTestResult executionId="459efc2d-2fc5-4868-863e-2c6aff8a658b" testId="1a3171ff-1e68-9bb1-ca97-d63094492fd2" testName="Return_NotFound_For_Invalid_Id" computerName="V020705" duration="00:00:00.0010219" startTime="2025-04-30T09:12:22.3868138+02:00" endTime="2025-04-30T09:12:22.3878356+02:00" testType="13cdc9d9-ddb5-4fa4-a97d-d965ccfc6d4b" outcome="Passed" testListId="8c84fa94-04c1-424b-9868-57a2d4851a1d" relativeResultsDirectory="459efc2d-2fc5-4868-863e-2c6aff8a658b" />
    <UnitTestResult executionId="582ef780-f547-42cc-b589-351b2d680426" testId="9aee0814-6236-9a8f-193f-7f54af23c20a" testName="Configures_Logging_For_Development" computerName="V020705" duration="00:00:00.0005310" startTime="2025-04-30T09:12:22.5783004+02:00" endTime="2025-04-30T09:12:22.5788311+02:00" testType="13cdc9d9-ddb5-4fa4-a97d-d965ccfc6d4b" outcome="Passed" testListId="8c84fa94-04c1-424b-9868-57a2d4851a1d" relativeResultsDirectory="582ef780-f547-42cc-b589-351b2d680426" />
    <UnitTestResult executionId="b0ab0a26-c932-4966-a31a-e31459a79421" testId="0b2ffe04-fd7e-f7f0-4e2d-f6464d97402c" testName="Unknown_User_Dont_Retrieve_ResetPassword_Mails" computerName="V020705" duration="00:00:00.0015299" startTime="2025-04-30T09:12:21.4599175+02:00" endTime="2025-04-30T09:12:21.4614471+02:00" testType="13cdc9d9-ddb5-4fa4-a97d-d965ccfc6d4b" outcome="Passed" testListId="8c84fa94-04c1-424b-9868-57a2d4851a1d" relativeResultsDirectory="b0ab0a26-c932-4966-a31a-e31459a79421" />
    <UnitTestResult executionId="016c7df5-51b4-4db2-ba9c-f6e1a7cdaff1" testId="12f95759-7425-e71e-d80a-0585d1cd58a0" testName="Removes_Cached_Domains" computerName="V020705" duration="00:00:00.0038640" startTime="2025-04-30T09:12:23.3980941+02:00" endTime="2025-04-30T09:12:23.4019582+02:00" testType="13cdc9d9-ddb5-4fa4-a97d-d965ccfc6d4b" outcome="Passed" testListId="8c84fa94-04c1-424b-9868-57a2d4851a1d" relativeResultsDirectory="016c7df5-51b4-4db2-ba9c-f6e1a7cdaff1" />
    <UnitTestResult executionId="0a0efbd7-596a-43ef-b9ff-e1f686069b0a" testId="a3290529-0780-7631-13af-63df49322e69" testName="Generates_A_New_UserInvite_Token_By_UserId" computerName="V020705" duration="00:00:00.0102090" startTime="2025-04-30T09:12:21.6574834+02:00" endTime="2025-04-30T09:12:21.6676919+02:00" testType="13cdc9d9-ddb5-4fa4-a97d-d965ccfc6d4b" outcome="Passed" testListId="8c84fa94-04c1-424b-9868-57a2d4851a1d" relativeResultsDirectory="0a0efbd7-596a-43ef-b9ff-e1f686069b0a" />
    <UnitTestResult executionId="834fe0a9-41a3-4dc0-a3af-839699b5337d" testId="6a2eba53-b48f-ef4b-3dc4-2d9b8e201182" testName="ThrowsException_With_Null" computerName="V020705" duration="00:00:00.0008920" startTime="2025-04-30T09:12:21.3440681+02:00" endTime="2025-04-30T09:12:21.3449602+02:00" testType="13cdc9d9-ddb5-4fa4-a97d-d965ccfc6d4b" outcome="Passed" testListId="8c84fa94-04c1-424b-9868-57a2d4851a1d" relativeResultsDirectory="834fe0a9-41a3-4dc0-a3af-839699b5337d" />
    <UnitTestResult executionId="6c707af5-81dd-4c83-af9b-2da5730046c0" testId="7fb5ecec-a1f0-3e04-43dc-3b5e458d9903" testName="Adds_Default_Claims_Of_A_LoginProvider_To_A_User" computerName="V020705" duration="00:00:00.0195050" startTime="2025-04-30T09:12:21.2168223+02:00" endTime="2025-04-30T09:12:21.2363265+02:00" testType="13cdc9d9-ddb5-4fa4-a97d-d965ccfc6d4b" outcome="Passed" testListId="8c84fa94-04c1-424b-9868-57a2d4851a1d" relativeResultsDirectory="6c707af5-81dd-4c83-af9b-2da5730046c0" />
    <UnitTestResult executionId="aee2bb05-b24f-4b4f-8a28-d324f190abed" testId="97f66e90-154f-725a-272e-cd5523e5af09" testName="Returns_Increments(0)" computerName="V020705" duration="00:00:00.0017590" startTime="2025-04-30T09:12:23.0284356+02:00" endTime="2025-04-30T09:12:23.0301947+02:00" testType="13cdc9d9-ddb5-4fa4-a97d-d965ccfc6d4b" outcome="Passed" testListId="8c84fa94-04c1-424b-9868-57a2d4851a1d" relativeResultsDirectory="aee2bb05-b24f-4b4f-8a28-d324f190abed" />
    <UnitTestResult executionId="a04b57e6-042d-45b9-8eea-ba2e5fc513ba" testId="1a8d51e1-9109-ba95-ff04-d295a2bc5191" testName="Returns_True_For_Successful_Operation" computerName="V020705" duration="00:00:00.0001550" startTime="2025-04-30T09:12:20.4278897+02:00" endTime="2025-04-30T09:12:20.4280443+02:00" testType="13cdc9d9-ddb5-4fa4-a97d-d965ccfc6d4b" outcome="Passed" testListId="8c84fa94-04c1-424b-9868-57a2d4851a1d" relativeResultsDirectory="a04b57e6-042d-45b9-8eea-ba2e5fc513ba" />
    <UnitTestResult executionId="e5c80d7d-94b7-4ac5-a68a-3dea8eff71ae" testId="b5fb2ee5-8b11-1bdf-1101-85b43a4ed131" testName="Return_NotFound_For_Invalid_Scheme" computerName="V020705" duration="00:00:00.0008100" startTime="2025-04-30T09:12:22.2604978+02:00" endTime="2025-04-30T09:12:22.2613076+02:00" testType="13cdc9d9-ddb5-4fa4-a97d-d965ccfc6d4b" outcome="Passed" testListId="8c84fa94-04c1-424b-9868-57a2d4851a1d" relativeResultsDirectory="e5c80d7d-94b7-4ac5-a68a-3dea8eff71ae" />
    <UnitTestResult executionId="2619be09-1fd6-429a-92df-15154bf8d0f2" testId="4ea8473f-4e72-4040-8365-d9483a022441" testName="Does_Not_Change_LogLevel_Of_Any_Other" computerName="V020705" duration="00:00:00.0002799" startTime="2025-04-30T09:12:21.3845346+02:00" endTime="2025-04-30T09:12:21.3848145+02:00" testType="13cdc9d9-ddb5-4fa4-a97d-d965ccfc6d4b" outcome="Passed" testListId="8c84fa94-04c1-424b-9868-57a2d4851a1d" relativeResultsDirectory="2619be09-1fd6-429a-92df-15154bf8d0f2" />
    <UnitTestResult executionId="95757965-772c-48b4-93a3-0a18b7253454" testId="15f2b3e1-88f9-275e-3008-95e868bce913" testName="Removes_Class_Attribute_If_Empty" computerName="V020705" duration="00:00:00.0010680" startTime="2025-04-30T09:12:23.9381030+02:00" endTime="2025-04-30T09:12:23.9391708+02:00" testType="13cdc9d9-ddb5-4fa4-a97d-d965ccfc6d4b" outcome="Passed" testListId="8c84fa94-04c1-424b-9868-57a2d4851a1d" relativeResultsDirectory="95757965-772c-48b4-93a3-0a18b7253454" />
    <UnitTestResult executionId="dff9b473-d957-4a84-9443-a0ce5e5e6893" testId="4c7b18a2-933c-fd95-3c8c-279e9bbbf006" testName="Gets_No_Client_By_Client_Id_Query_Parameter_When_Parameter_Is_Missing" computerName="V020705" duration="00:00:00.0015410" startTime="2025-04-30T09:12:20.9363882+02:00" endTime="2025-04-30T09:12:20.9379286+02:00" testType="13cdc9d9-ddb5-4fa4-a97d-d965ccfc6d4b" outcome="Passed" testListId="8c84fa94-04c1-424b-9868-57a2d4851a1d" relativeResultsDirectory="dff9b473-d957-4a84-9443-a0ce5e5e6893" />
    <UnitTestResult executionId="b6e04ae9-863e-4021-8cd8-4c4bfb2fd699" testId="ea6e27b6-c3ea-4031-85e6-492d2f08b8a2" testName="Creates_New_User_From_Azure_Without_Email" computerName="V020705" duration="00:00:00.0759130" startTime="2025-04-30T09:12:22.1150761+02:00" endTime="2025-04-30T09:12:22.1909864+02:00" testType="13cdc9d9-ddb5-4fa4-a97d-d965ccfc6d4b" outcome="Passed" testListId="8c84fa94-04c1-424b-9868-57a2d4851a1d" relativeResultsDirectory="b6e04ae9-863e-4021-8cd8-4c4bfb2fd699" />
    <UnitTestResult executionId="1dd5fd55-c36b-4821-81cf-d8e77071f42c" testId="459c87d0-aa21-f830-9a7e-4fc20f24fd4a" testName="Calls_Authentication_Handler_For_Signedout_Callback" computerName="V020705" duration="00:00:00.0013490" startTime="2025-04-30T09:12:22.9112853+02:00" endTime="2025-04-30T09:12:22.9126343+02:00" testType="13cdc9d9-ddb5-4fa4-a97d-d965ccfc6d4b" outcome="Passed" testListId="8c84fa94-04c1-424b-9868-57a2d4851a1d" relativeResultsDirectory="1dd5fd55-c36b-4821-81cf-d8e77071f42c" />
    <UnitTestResult executionId="9eca78ef-b6e4-4589-9716-2ccc421e239f" testId="8c39c94f-f233-2390-352a-dea637e7b6cd" testName="Removes_Blocked_USer_Login" computerName="V020705" duration="00:00:00.0466630" startTime="2025-04-30T09:12:20.9633125+02:00" endTime="2025-04-30T09:12:21.0099738+02:00" testType="13cdc9d9-ddb5-4fa4-a97d-d965ccfc6d4b" outcome="Passed" testListId="8c84fa94-04c1-424b-9868-57a2d4851a1d" relativeResultsDirectory="9eca78ef-b6e4-4589-9716-2ccc421e239f" />
    <UnitTestResult executionId="8ee421e4-85f0-464e-9246-036063b4c3f5" testId="df0aca45-e9c9-4fca-81ba-40ccaa9a7950" testName="Adds_Class_If_Href_Is_Current_Action_And_Other_Class_Was_Already_Set" computerName="V020705" duration="00:00:00.0017760" startTime="2025-04-30T09:12:23.9204261+02:00" endTime="2025-04-30T09:12:23.9222019+02:00" testType="13cdc9d9-ddb5-4fa4-a97d-d965ccfc6d4b" outcome="Passed" testListId="8c84fa94-04c1-424b-9868-57a2d4851a1d" relativeResultsDirectory="8ee421e4-85f0-464e-9246-036063b4c3f5" />
    <UnitTestResult executionId="1dc09e1e-035d-40dc-82e7-5fd58c969144" testId="621dee1f-1146-570d-8783-7bf12efa8195" testName="Saves_Provider_With_Updated_Data" computerName="V020705" duration="00:00:00.0027840" startTime="2025-04-30T09:12:22.3665577+02:00" endTime="2025-04-30T09:12:22.3693412+02:00" testType="13cdc9d9-ddb5-4fa4-a97d-d965ccfc6d4b" outcome="Passed" testListId="8c84fa94-04c1-424b-9868-57a2d4851a1d" relativeResultsDirectory="1dc09e1e-035d-40dc-82e7-5fd58c969144" />
    <UnitTestResult executionId="d1d560ee-75fc-4823-85b3-a6de0ace37c7" testId="674f49fc-d25d-94f4-9ddd-98286ae75bf7" testName="Sends_Link_To_Client_Endpoint" computerName="V020705" duration="00:00:00.0009630" startTime="2025-04-30T09:12:21.2602975+02:00" endTime="2025-04-30T09:12:21.2612605+02:00" testType="13cdc9d9-ddb5-4fa4-a97d-d965ccfc6d4b" outcome="Passed" testListId="8c84fa94-04c1-424b-9868-57a2d4851a1d" relativeResultsDirectory="d1d560ee-75fc-4823-85b3-a6de0ace37c7" />
    <UnitTestResult executionId="9ef7548b-de43-46ee-a284-05bf91342159" testId="c5461b35-7b42-70d6-b71d-3676f32a782f" testName="Returns_False_When_Response_Failed" computerName="V020705" duration="00:00:00.0016120" startTime="2025-04-30T09:12:22.6721420+02:00" endTime="2025-04-30T09:12:22.6737540+02:00" testType="13cdc9d9-ddb5-4fa4-a97d-d965ccfc6d4b" outcome="Passed" testListId="8c84fa94-04c1-424b-9868-57a2d4851a1d" relativeResultsDirectory="9ef7548b-de43-46ee-a284-05bf91342159" />
    <UnitTestResult executionId="c9434474-81be-4d39-99f4-2573ec90aaf5" testId="c530a5bd-9ca2-06fb-bbf5-ee9a788de2f0" testName="Throws_ArgumentNull_Exception_When_Repository_Is_Null" computerName="V020705" duration="00:00:00.0004140" startTime="2025-04-30T09:12:23.5821880+02:00" endTime="2025-04-30T09:12:23.5826022+02:00" testType="13cdc9d9-ddb5-4fa4-a97d-d965ccfc6d4b" outcome="Passed" testListId="8c84fa94-04c1-424b-9868-57a2d4851a1d" relativeResultsDirectory="c9434474-81be-4d39-99f4-2573ec90aaf5" />
    <UnitTestResult executionId="813a94db-5f69-48d6-b1f1-e0911364e8ae" testId="94bd548a-4681-5c1e-7e01-20d801186f0b" testName="Configures_Logging_For_Development" computerName="V020705" duration="00:00:00.0015230" startTime="2025-04-30T09:12:22.5757232+02:00" endTime="2025-04-30T09:12:22.5772459+02:00" testType="13cdc9d9-ddb5-4fa4-a97d-d965ccfc6d4b" outcome="Passed" testListId="8c84fa94-04c1-424b-9868-57a2d4851a1d" relativeResultsDirectory="813a94db-5f69-48d6-b1f1-e0911364e8ae" />
    <UnitTestResult executionId="e384d95c-7602-4ab0-bcaf-3b0760f76a68" testId="a67f5151-b921-3b0b-65c5-27104b92b43e" testName="Does_Not_Publish_UserFullNameChanged_Event_When_FirstName_Was_Not_Changed" computerName="V020705" duration="00:00:00.0027100" startTime="2025-04-30T09:12:21.1904279+02:00" endTime="2025-04-30T09:12:21.1931375+02:00" testType="13cdc9d9-ddb5-4fa4-a97d-d965ccfc6d4b" outcome="Passed" testListId="8c84fa94-04c1-424b-9868-57a2d4851a1d" relativeResultsDirectory="e384d95c-7602-4ab0-bcaf-3b0760f76a68" />
    <UnitTestResult executionId="370ef71d-c981-4ef0-8e85-b883550dd2a0" testId="c2f72281-e0c0-0bba-c49e-b44c34e8c2dd" testName="Clears_ClientId_Cache" computerName="V020705" duration="00:00:00.0016920" startTime="2025-04-30T09:12:23.3916797+02:00" endTime="2025-04-30T09:12:23.3933708+02:00" testType="13cdc9d9-ddb5-4fa4-a97d-d965ccfc6d4b" outcome="Passed" testListId="8c84fa94-04c1-424b-9868-57a2d4851a1d" relativeResultsDirectory="370ef71d-c981-4ef0-8e85-b883550dd2a0" />
    <UnitTestResult executionId="38e4ce45-4f5c-46f1-9f84-07388045a81c" testId="44cd4f75-5416-d84d-c04e-ef64f332f973" testName="Logs_The_Entire_IP_Address_If_It_Is_A_Local_Address(&quot;fe80::1&quot;)" computerName="V020705" duration="00:00:00.0002060" startTime="2025-04-30T09:12:22.6442437+02:00" endTime="2025-04-30T09:12:22.6444495+02:00" testType="13cdc9d9-ddb5-4fa4-a97d-d965ccfc6d4b" outcome="Passed" testListId="8c84fa94-04c1-424b-9868-57a2d4851a1d" relativeResultsDirectory="38e4ce45-4f5c-46f1-9f84-07388045a81c" />
    <UnitTestResult executionId="a06fcf0d-4f1a-4725-83f4-dcea3925c121" testId="b46b44e4-b5f9-4f62-5744-c794cd3ec80c" testName="Removes_Helper_Attributes" computerName="V020705" duration="00:00:00.0010190" startTime="2025-04-30T09:12:23.9422589+02:00" endTime="2025-04-30T09:12:23.9432771+02:00" testType="13cdc9d9-ddb5-4fa4-a97d-d965ccfc6d4b" outcome="Passed" testListId="8c84fa94-04c1-424b-9868-57a2d4851a1d" relativeResultsDirectory="a06fcf0d-4f1a-4725-83f4-dcea3925c121" />
    <UnitTestResult executionId="ff7fc001-bca7-4ef0-ac75-30e9f65e34ca" testId="0d1c345a-896f-d167-9ac1-fed79e6ed5ef" testName="External_User_WithPassword_Cannot_Lock_Account" computerName="V020705" duration="00:00:00.0014360" startTime="2025-04-30T09:12:21.0543471+02:00" endTime="2025-04-30T09:12:21.0557833+02:00" testType="13cdc9d9-ddb5-4fa4-a97d-d965ccfc6d4b" outcome="Passed" testListId="8c84fa94-04c1-424b-9868-57a2d4851a1d" relativeResultsDirectory="ff7fc001-bca7-4ef0-ac75-30e9f65e34ca" />
    <UnitTestResult executionId="69495fbc-8b07-4d69-afd6-0650ffd92eff" testId="ccba5866-2acb-3152-2be9-1d167b8b0d5f" testName="Gets_MVC_Client_By_ClientId_Post_Form_Parameter" computerName="V020705" duration="00:00:00.0009030" startTime="2025-04-30T09:12:20.9483891+02:00" endTime="2025-04-30T09:12:20.9492914+02:00" testType="13cdc9d9-ddb5-4fa4-a97d-d965ccfc6d4b" outcome="Passed" testListId="8c84fa94-04c1-424b-9868-57a2d4851a1d" relativeResultsDirectory="69495fbc-8b07-4d69-afd6-0650ffd92eff" />
    <UnitTestResult executionId="3197b1a9-446d-4b27-b180-c7ae84e9ec7c" testId="77efc003-7243-1d7f-825b-449b2f60ad9b" testName="Maps_RequireClientSecret(False)" computerName="V020705" duration="00:00:00.0001530" startTime="2025-04-30T09:12:22.8559057+02:00" endTime="2025-04-30T09:12:22.8560590+02:00" testType="13cdc9d9-ddb5-4fa4-a97d-d965ccfc6d4b" outcome="Passed" testListId="8c84fa94-04c1-424b-9868-57a2d4851a1d" relativeResultsDirectory="3197b1a9-446d-4b27-b180-c7ae84e9ec7c" />
    <UnitTestResult executionId="c5eca29e-152d-4785-b70a-511956f322ec" testId="96fc78af-a4e1-b1f1-7c21-1007a52a898f" testName="Returns_Not_Found_If_The_Users_With_The_Given_UserId_Can_Not_Be_Loaded" computerName="V020705" duration="00:00:00.0024930" startTime="2025-04-30T09:12:21.6800716+02:00" endTime="2025-04-30T09:12:21.6825642+02:00" testType="13cdc9d9-ddb5-4fa4-a97d-d965ccfc6d4b" outcome="Passed" testListId="8c84fa94-04c1-424b-9868-57a2d4851a1d" relativeResultsDirectory="c5eca29e-152d-4785-b70a-511956f322ec" />
    <UnitTestResult executionId="a1deb452-4f50-49a2-b959-15b6a993ab98" testId="acdd6ac9-427a-4e57-cba9-a0baf2c0b433" testName="Updates_Email" computerName="V020705" duration="00:00:00.0014679" startTime="2025-04-30T09:12:21.6495968+02:00" endTime="2025-04-30T09:12:21.6510641+02:00" testType="13cdc9d9-ddb5-4fa4-a97d-d965ccfc6d4b" outcome="Passed" testListId="8c84fa94-04c1-424b-9868-57a2d4851a1d" relativeResultsDirectory="a1deb452-4f50-49a2-b959-15b6a993ab98" />
    <UnitTestResult executionId="8109d86f-581c-4f0b-a245-6e2000b19922" testId="5e6a9871-87bc-97d5-1592-52aca0beb866" testName="User_Without_Password_Cannot_Lock_Account(null)" computerName="V020705" duration="00:00:00.0006300" startTime="2025-04-30T09:12:21.0579257+02:00" endTime="2025-04-30T09:12:21.0585552+02:00" testType="13cdc9d9-ddb5-4fa4-a97d-d965ccfc6d4b" outcome="Passed" testListId="8c84fa94-04c1-424b-9868-57a2d4851a1d" relativeResultsDirectory="8109d86f-581c-4f0b-a245-6e2000b19922" />
    <UnitTestResult executionId="f1e7443f-c75d-4f84-aff4-19a43204f2ae" testId="e9568d8a-b0e5-fef4-352a-4e331d4660e0" testName="Does_Not_Add_External_Claims_To_IdentityToken_When_Allowed_Scope_Not_Set" computerName="V020705" duration="00:00:00.0009660" startTime="2025-04-30T09:12:23.4590563+02:00" endTime="2025-04-30T09:12:23.4600220+02:00" testType="13cdc9d9-ddb5-4fa4-a97d-d965ccfc6d4b" outcome="Passed" testListId="8c84fa94-04c1-424b-9868-57a2d4851a1d" relativeResultsDirectory="f1e7443f-c75d-4f84-aff4-19a43204f2ae" />
    <UnitTestResult executionId="2cc384e5-b905-4966-8e6a-2eede533ff50" testId="13413643-149f-2512-56f8-26934b936506" testName="Returns_Login_Data" computerName="V020705" duration="00:00:00.0028540" startTime="2025-04-30T09:12:22.5103478+02:00" endTime="2025-04-30T09:12:22.5132019+02:00" testType="13cdc9d9-ddb5-4fa4-a97d-d965ccfc6d4b" outcome="Passed" testListId="8c84fa94-04c1-424b-9868-57a2d4851a1d" relativeResultsDirectory="2cc384e5-b905-4966-8e6a-2eede533ff50" />
    <UnitTestResult executionId="7afdc98e-7b3c-4347-aada-5f773f75c168" testId="d2b15857-f328-91dd-39bf-005811f071df" testName="Throws_Exception_When_Client_Could_Not_Be_Determined" computerName="V020705" duration="00:00:00.0016080" startTime="2025-04-30T09:12:21.2612850+02:00" endTime="2025-04-30T09:12:21.2628931+02:00" testType="13cdc9d9-ddb5-4fa4-a97d-d965ccfc6d4b" outcome="Passed" testListId="8c84fa94-04c1-424b-9868-57a2d4851a1d" relativeResultsDirectory="7afdc98e-7b3c-4347-aada-5f773f75c168" />
    <UnitTestResult executionId="d5425165-ba03-4b39-98dd-f92fbb8a8604" testId="1fe20fe9-16ae-6621-77dd-dc8930d165fe" testName="Throws_ArgumentException_When_Email_Is_Missing" computerName="V020705" duration="00:00:00.0019980" startTime="2025-04-30T09:12:20.6851547+02:00" endTime="2025-04-30T09:12:20.6871522+02:00" testType="13cdc9d9-ddb5-4fa4-a97d-d965ccfc6d4b" outcome="Passed" testListId="8c84fa94-04c1-424b-9868-57a2d4851a1d" relativeResultsDirectory="d5425165-ba03-4b39-98dd-f92fbb8a8604" />
    <UnitTestResult executionId="070f379f-c565-4f93-9601-c39cb05a2e31" testId="016b7609-3f86-9fd9-0659-94711ffbb715" testName="Returns_BadRequest_If_The_Users_Email_Is_Already_Confirmed" computerName="V020705" duration="00:00:00.0017330" startTime="2025-04-30T09:12:21.6783079+02:00" endTime="2025-04-30T09:12:21.6800406+02:00" testType="13cdc9d9-ddb5-4fa4-a97d-d965ccfc6d4b" outcome="Passed" testListId="8c84fa94-04c1-424b-9868-57a2d4851a1d" relativeResultsDirectory="070f379f-c565-4f93-9601-c39cb05a2e31" />
    <UnitTestResult executionId="0f4e8715-207b-45ff-9109-5dc06fdf0c9c" testId="ab0a3840-25ad-a36f-bf99-248d995cfec7" testName="Returns_ResponseText_For_Bad_Word(&quot;/Account/Login?ReturnUrl=-5281%20UNION%20ALL%20SELECT%2063%2C63%2C63%2C63%2C63%2C63%2C63%2C63%2C63%2C63%23&quot;)" computerName="V020705" duration="00:00:00.0009560" startTime="2025-04-30T09:12:22.9396977+02:00" endTime="2025-04-30T09:12:22.9406534+02:00" testType="13cdc9d9-ddb5-4fa4-a97d-d965ccfc6d4b" outcome="Passed" testListId="8c84fa94-04c1-424b-9868-57a2d4851a1d" relativeResultsDirectory="0f4e8715-207b-45ff-9109-5dc06fdf0c9c" />
    <UnitTestResult executionId="f1475d6f-63db-4a02-9bfe-61406b7a77be" testId="cacf72ba-9af1-b56d-304a-0cf952862961" testName="Use_Fallback_When_SenderType_Is_Unknown" computerName="V020705" duration="00:00:00.0014430" startTime="2025-04-30T09:12:21.2999825+02:00" endTime="2025-04-30T09:12:21.3014251+02:00" testType="13cdc9d9-ddb5-4fa4-a97d-d965ccfc6d4b" outcome="Passed" testListId="8c84fa94-04c1-424b-9868-57a2d4851a1d" relativeResultsDirectory="f1475d6f-63db-4a02-9bfe-61406b7a77be" />
    <UnitTestResult executionId="14cac577-035c-40c3-802c-c04bb1100b6f" testId="a9be590d-6ec2-0ec6-add0-50629978e822" testName="Calls_Base" computerName="V020705" duration="00:00:00.0033640" startTime="2025-04-30T09:12:23.4355466+02:00" endTime="2025-04-30T09:12:23.4389104+02:00" testType="13cdc9d9-ddb5-4fa4-a97d-d965ccfc6d4b" outcome="Passed" testListId="8c84fa94-04c1-424b-9868-57a2d4851a1d" relativeResultsDirectory="14cac577-035c-40c3-802c-c04bb1100b6f" />
    <UnitTestResult executionId="983e533e-b990-4efb-bee8-7046aac0f1ff" testId="d79aaa8d-5865-9e27-5077-8b4c39a02c3e" testName="Returns_False_For_Call_Without_Api_Prefix" computerName="V020705" duration="00:00:00.0002280" startTime="2025-04-30T09:12:22.5479142+02:00" endTime="2025-04-30T09:12:22.5481421+02:00" testType="13cdc9d9-ddb5-4fa4-a97d-d965ccfc6d4b" outcome="Passed" testListId="8c84fa94-04c1-424b-9868-57a2d4851a1d" relativeResultsDirectory="983e533e-b990-4efb-bee8-7046aac0f1ff" />
    <UnitTestResult executionId="7235aef3-bb88-45ab-ab44-9dfbdaf55018" testId="5eb7a2e8-a16e-b6bc-65f5-d1e683aececf" testName="Returns_True_For_Api_Call" computerName="V020705" duration="00:00:00.0000660" startTime="2025-04-30T09:12:22.5481504+02:00" endTime="2025-04-30T09:12:22.5482168+02:00" testType="13cdc9d9-ddb5-4fa4-a97d-d965ccfc6d4b" outcome="Passed" testListId="8c84fa94-04c1-424b-9868-57a2d4851a1d" relativeResultsDirectory="7235aef3-bb88-45ab-ab44-9dfbdaf55018" />
    <UnitTestResult executionId="4837fc6c-78a0-4f79-a96e-2e6b5ac6ad2f" testId="5aa6890c-994d-7aaa-da93-fb83ef61a3a2" testName="Removes_Helper_Attributes" computerName="V020705" duration="00:00:00.0009660" startTime="2025-04-30T09:12:23.9166263+02:00" endTime="2025-04-30T09:12:23.9175915+02:00" testType="13cdc9d9-ddb5-4fa4-a97d-d965ccfc6d4b" outcome="Passed" testListId="8c84fa94-04c1-424b-9868-57a2d4851a1d" relativeResultsDirectory="4837fc6c-78a0-4f79-a96e-2e6b5ac6ad2f" />
    <UnitTestResult executionId="84e0b033-c5ae-4bb7-aec2-3dbd48bdbbfc" testId="6a561465-9c3c-9ece-7c32-2864747b9785" testName="Sets_Class_If_Href_Is_Current_Action" computerName="V020705" duration="00:00:00.0014180" startTime="2025-04-30T09:12:23.9078099+02:00" endTime="2025-04-30T09:12:23.9092279+02:00" testType="13cdc9d9-ddb5-4fa4-a97d-d965ccfc6d4b" outcome="Passed" testListId="8c84fa94-04c1-424b-9868-57a2d4851a1d" relativeResultsDirectory="84e0b033-c5ae-4bb7-aec2-3dbd48bdbbfc" />
    <UnitTestResult executionId="0034afc3-ef67-407f-a1b9-9fcbf6df766d" testId="6b8d4bc4-14fb-0135-c9ec-d99bf8889cea" testName="Replaces_Group_Claims_With_Names" computerName="V020705" duration="00:00:00.0010480" startTime="2025-04-30T09:12:22.7912165+02:00" endTime="2025-04-30T09:12:22.7922642+02:00" testType="13cdc9d9-ddb5-4fa4-a97d-d965ccfc6d4b" outcome="Passed" testListId="8c84fa94-04c1-424b-9868-57a2d4851a1d" relativeResultsDirectory="0034afc3-ef67-407f-a1b9-9fcbf6df766d" />
    <UnitTestResult executionId="1a7e95f1-cf1d-4d06-83f0-652e2dcf0c5d" testId="c94f057b-07a4-1f71-c0f8-140a35175d38" testName="Creates_New_User_If_Not_Exists" computerName="V020705" duration="00:00:00.0044130" startTime="2025-04-30T09:12:22.1910354+02:00" endTime="2025-04-30T09:12:22.1954476+02:00" testType="13cdc9d9-ddb5-4fa4-a97d-d965ccfc6d4b" outcome="Passed" testListId="8c84fa94-04c1-424b-9868-57a2d4851a1d" relativeResultsDirectory="1a7e95f1-cf1d-4d06-83f0-652e2dcf0c5d" />
    <UnitTestResult executionId="9e08f8dc-a44d-4e61-a95a-4794cf1fc22a" testId="882b56b3-6aec-d8ed-b8fc-22aadc6107e1" testName="Login_Is_Blocked_With_Incorrect_Password_When_Max_Attempt_Is_Reached" computerName="V020705" duration="00:00:00.0054390" startTime="2025-04-30T09:12:21.0294408+02:00" endTime="2025-04-30T09:12:21.0348792+02:00" testType="13cdc9d9-ddb5-4fa4-a97d-d965ccfc6d4b" outcome="Passed" testListId="8c84fa94-04c1-424b-9868-57a2d4851a1d" relativeResultsDirectory="9e08f8dc-a44d-4e61-a95a-4794cf1fc22a" />
    <UnitTestResult executionId="136da123-bcf0-4d7f-8e68-7259a1190f68" testId="f78c8558-e657-ab4c-302d-eedfc3d94677" testName="Maps_ExtendedClient_With_ClientType_By_GrantType(&quot;urn:ietf:params:oauth:grant-type:device_code&quot;,Device)" computerName="V020705" duration="00:00:00.0000250" startTime="2025-04-30T09:12:22.8594831+02:00" endTime="2025-04-30T09:12:22.8595079+02:00" testType="13cdc9d9-ddb5-4fa4-a97d-d965ccfc6d4b" outcome="Passed" testListId="8c84fa94-04c1-424b-9868-57a2d4851a1d" relativeResultsDirectory="136da123-bcf0-4d7f-8e68-7259a1190f68" />
    <UnitTestResult executionId="ef380670-3987-412c-a197-27d5d8aa9cd1" testId="e12ce9f8-af9f-b5c7-c3c3-01b19ae3366a" testName="Calls_TemplateEngine_And_Sender" computerName="V020705" duration="00:00:00.0012179" startTime="2025-04-30T09:12:23.6165304+02:00" endTime="2025-04-30T09:12:23.6177481+02:00" testType="13cdc9d9-ddb5-4fa4-a97d-d965ccfc6d4b" outcome="Passed" testListId="8c84fa94-04c1-424b-9868-57a2d4851a1d" relativeResultsDirectory="ef380670-3987-412c-a197-27d5d8aa9cd1" />
    <UnitTestResult executionId="3b7ea34a-dcd5-4b5d-90f6-e405d67fc348" testId="766fb6b7-493e-5422-64df-27442a83402c" testName="Unconfirmed_Email_User_Dont_Retrieve_ResetPassword_Mails" computerName="V020705" duration="00:00:00.0017180" startTime="2025-04-30T09:12:21.4581680+02:00" endTime="2025-04-30T09:12:21.4598854+02:00" testType="13cdc9d9-ddb5-4fa4-a97d-d965ccfc6d4b" outcome="Passed" testListId="8c84fa94-04c1-424b-9868-57a2d4851a1d" relativeResultsDirectory="3b7ea34a-dcd5-4b5d-90f6-e405d67fc348" />
    <UnitTestResult executionId="b0e08048-e3c7-4e3c-8936-8546d26c462e" testId="035fffe7-2436-d8c0-b498-9902ff916d65" testName="Redirects_To_Detail_When_Save_Is_Done" computerName="V020705" duration="00:00:00.0021059" startTime="2025-04-30T09:12:22.2430782+02:00" endTime="2025-04-30T09:12:22.2451836+02:00" testType="13cdc9d9-ddb5-4fa4-a97d-d965ccfc6d4b" outcome="Passed" testListId="8c84fa94-04c1-424b-9868-57a2d4851a1d" relativeResultsDirectory="b0e08048-e3c7-4e3c-8936-8546d26c462e" />
    <UnitTestResult executionId="58fb1132-b3b7-47fe-bfe4-49464e771299" testId="c234174d-dfe3-e113-78bc-03ed400fd81b" testName="Returns_InternetExplorer(&quot;Mozilla/5.0 (compatible; MSIE 10.0; Windows NT 6.1; WOW64; Trident/6.0)&quot;)" computerName="V020705" duration="00:00:00.0195500" startTime="2025-04-30T09:12:23.2949909+02:00" endTime="2025-04-30T09:12:23.3145391+02:00" testType="13cdc9d9-ddb5-4fa4-a97d-d965ccfc6d4b" outcome="Passed" testListId="8c84fa94-04c1-424b-9868-57a2d4851a1d" relativeResultsDirectory="58fb1132-b3b7-47fe-bfe4-49464e771299" />
    <UnitTestResult executionId="a0d4d6fe-8d5b-4dd5-bd93-4e736ec61ff0" testId="9380c603-106a-e81d-0961-a24a5f0fbc64" testName="Throws_Exception_When_Client_Could_Not_Be_Determined" computerName="V020705" duration="00:00:00.0017630" startTime="2025-04-30T09:12:21.2547209+02:00" endTime="2025-04-30T09:12:21.2564835+02:00" testType="13cdc9d9-ddb5-4fa4-a97d-d965ccfc6d4b" outcome="Passed" testListId="8c84fa94-04c1-424b-9868-57a2d4851a1d" relativeResultsDirectory="a0d4d6fe-8d5b-4dd5-bd93-4e736ec61ff0" />
    <UnitTestResult executionId="4e1f779a-008e-4b19-b5ac-dd8d17505c07" testId="b5f5f5fd-5ad7-631d-7802-654c4c420bdb" testName="Does_Not_Set_Class_If_Include_Is_False" computerName="V020705" duration="00:00:00.0012870" startTime="2025-04-30T09:12:23.9222940+02:00" endTime="2025-04-30T09:12:23.9235814+02:00" testType="13cdc9d9-ddb5-4fa4-a97d-d965ccfc6d4b" outcome="Passed" testListId="8c84fa94-04c1-424b-9868-57a2d4851a1d" relativeResultsDirectory="4e1f779a-008e-4b19-b5ac-dd8d17505c07" />
    <UnitTestResult executionId="87f58b68-37f5-48b0-a898-0f789de9a66b" testId="0d19ad27-66f8-e062-5c51-8dd7f3644128" testName="Gets_No_Client_By_Client_Id_Query_Parameter_When_Id_Is_Unknown" computerName="V020705" duration="00:00:00.0016010" startTime="2025-04-30T09:12:20.9347499+02:00" endTime="2025-04-30T09:12:20.9363506+02:00" testType="13cdc9d9-ddb5-4fa4-a97d-d965ccfc6d4b" outcome="Passed" testListId="8c84fa94-04c1-424b-9868-57a2d4851a1d" relativeResultsDirectory="87f58b68-37f5-48b0-a898-0f789de9a66b" />
    <UnitTestResult executionId="72d3b144-895a-45b8-9a7c-ea688705f538" testId="e44bf6b7-7f3f-a7ad-8d0d-3968c7cf261c" testName="Throws_ArgumentNull_Exception_When_Calims_Is_Null" computerName="V020705" duration="00:00:00.0003110" startTime="2025-04-30T09:12:23.6058123+02:00" endTime="2025-04-30T09:12:23.6061230+02:00" testType="13cdc9d9-ddb5-4fa4-a97d-d965ccfc6d4b" outcome="Passed" testListId="8c84fa94-04c1-424b-9868-57a2d4851a1d" relativeResultsDirectory="72d3b144-895a-45b8-9a7c-ea688705f538" />
    <UnitTestResult executionId="c15bb402-8b79-4e8a-a972-e59a0c170fb0" testId="45ca05c2-9c00-6a81-fbe7-b245b2f079a8" testName="Calls_Inner_Service" computerName="V020705" duration="00:00:00.0058750" startTime="2025-04-30T09:12:23.8651460+02:00" endTime="2025-04-30T09:12:23.8710207+02:00" testType="13cdc9d9-ddb5-4fa4-a97d-d965ccfc6d4b" outcome="Passed" testListId="8c84fa94-04c1-424b-9868-57a2d4851a1d" relativeResultsDirectory="c15bb402-8b79-4e8a-a972-e59a0c170fb0" />
    <UnitTestResult executionId="cdc970f0-39ca-477b-89d6-a59ced8cdad3" testId="ff6d1db6-f6c1-879f-7d79-e776a025e26b" testName="External_User_Cannot_Login_Without_PasswordSet" computerName="V020705" duration="00:00:00.0023470" startTime="2025-04-30T09:12:21.4909932+02:00" endTime="2025-04-30T09:12:21.4933394+02:00" testType="13cdc9d9-ddb5-4fa4-a97d-d965ccfc6d4b" outcome="Passed" testListId="8c84fa94-04c1-424b-9868-57a2d4851a1d" relativeResultsDirectory="cdc970f0-39ca-477b-89d6-a59ced8cdad3" />
    <UnitTestResult executionId="cce935eb-641e-4c85-9162-dfb824dca366" testId="2bdb6bfe-20b7-7a99-b4bc-e6c29dda2950" testName="Returns_Failure_If_Password_IsListed" computerName="V020705" duration="00:00:00.0020900" startTime="2025-04-30T09:12:21.3229496+02:00" endTime="2025-04-30T09:12:21.3250394+02:00" testType="13cdc9d9-ddb5-4fa4-a97d-d965ccfc6d4b" outcome="Passed" testListId="8c84fa94-04c1-424b-9868-57a2d4851a1d" relativeResultsDirectory="cce935eb-641e-4c85-9162-dfb824dca366" />
    <UnitTestResult executionId="eb492d0d-131e-4b93-bb2b-c0da06aea4fb" testId="4127e191-40b3-0a9b-b7b7-2558916aa730" testName="Throws_ArgumentNull_Exception_When_Calims_Is_Null" computerName="V020705" duration="00:00:00.0003010" startTime="2025-04-30T09:12:23.8756747+02:00" endTime="2025-04-30T09:12:23.8759757+02:00" testType="13cdc9d9-ddb5-4fa4-a97d-d965ccfc6d4b" outcome="Passed" testListId="8c84fa94-04c1-424b-9868-57a2d4851a1d" relativeResultsDirectory="eb492d0d-131e-4b93-bb2b-c0da06aea4fb" />
    <UnitTestResult executionId="3c7682cb-b433-47cb-b217-9242e0c964f3" testId="0effb666-e3ae-84c2-58e7-66ca8c3c064d" testName="Returns_True_For_Valid_Email(&quot;test@hans.com&quot;)" computerName="V020705" duration="00:00:00.0001190" startTime="2025-04-30T09:12:22.5475792+02:00" endTime="2025-04-30T09:12:22.5476980+02:00" testType="13cdc9d9-ddb5-4fa4-a97d-d965ccfc6d4b" outcome="Passed" testListId="8c84fa94-04c1-424b-9868-57a2d4851a1d" relativeResultsDirectory="3c7682cb-b433-47cb-b217-9242e0c964f3" />
    <UnitTestResult executionId="2d8edfa6-a4d9-4344-b637-4affc553125c" testId="db6464c4-7cca-33d8-a2d4-79229832bc64" testName="Updates_Already_Existing_User_By_Email_From_Azure_AD" computerName="V020705" duration="00:00:00.0026430" startTime="2025-04-30T09:12:23.6472265+02:00" endTime="2025-04-30T09:12:23.6498690+02:00" testType="13cdc9d9-ddb5-4fa4-a97d-d965ccfc6d4b" outcome="Passed" testListId="8c84fa94-04c1-424b-9868-57a2d4851a1d" relativeResultsDirectory="2d8edfa6-a4d9-4344-b637-4affc553125c" />
[...]
    <TestEntry testId="84893f7a-3da5-0d5e-d549-b2838c9c6924" executionId="11be5d28-359a-4b75-8149-7af2b943e511" testListId="8c84fa94-04c1-424b-9868-57a2d4851a1d" />
    <TestEntry testId="86eca4fc-f27e-42f0-dc3f-10a633f112d4" executionId="19f057e6-4477-4d02-8d13-3162037661a3" testListId="8c84fa94-04c1-424b-9868-57a2d4851a1d" />
    <TestEntry testId="bca9b6a7-3d76-1a74-c07a-2076d58ea2e5" executionId="9d831a49-2abe-4a8d-ba1d-4c827dd61ca0" testListId="8c84fa94-04c1-424b-9868-57a2d4851a1d" />
    <TestEntry testId="daf52f70-1a38-af8c-4611-475cc8282ad6" executionId="6bc8b371-5329-4fdf-aee0-11fa4bb5c1bc" testListId="8c84fa94-04c1-424b-9868-57a2d4851a1d" />
    <TestEntry testId="ce84da71-bb7a-156a-6e24-82a12a0e0b92" executionId="cea0b9e7-e97d-4db4-9f7f-c12eb826643e" testListId="8c84fa94-04c1-424b-9868-57a2d4851a1d" />
    <TestEntry testId="66d41673-5885-4048-1b26-a5e77c75053f" executionId="f70b8814-ff87-4b51-8b65-44b333a5eacc" testListId="8c84fa94-04c1-424b-9868-57a2d4851a1d" />
    <TestEntry testId="b1873ca6-b190-2d3a-880c-b777d1b8c36d" executionId="4f5c1870-eff6-40ff-8ad7-2060ceba81e7" testListId="8c84fa94-04c1-424b-9868-57a2d4851a1d" />
    <TestEntry testId="8326db32-7898-264f-6e23-c786cfa09fff" executionId="52bf97f1-b7d5-4437-9d0c-a5c694df23aa" testListId="8c84fa94-04c1-424b-9868-57a2d4851a1d" />
    <TestEntry testId="ad4245ec-9a84-bb89-b2dc-a3d94df0b83e" executionId="85be8c5b-d632-4b53-b9b1-e08af6fe19fe" testListId="8c84fa94-04c1-424b-9868-57a2d4851a1d" />
    <TestEntry testId="ab727f8e-ad64-10f8-d378-cde2fa61aad4" executionId="36ef8506-19c7-4269-91bb-9399ec77c5bc" testListId="8c84fa94-04c1-424b-9868-57a2d4851a1d" />
    <TestEntry testId="8b5ad1a1-cad7-37a8-361c-3d0cc6ef4fd9" executionId="d6c6d77e-a9c7-409e-ae18-61f72d995f1e" testListId="8c84fa94-04c1-424b-9868-57a2d4851a1d" />
    <TestEntry testId="a29ca349-dc8a-6fcf-1118-bcda2f5e789d" executionId="6d6d3659-196d-4392-a7e6-7da4f1997ebd" testListId="8c84fa94-04c1-424b-9868-57a2d4851a1d" />
    <TestEntry testId="5b987e3a-f4dd-5113-22df-227ac356ab05" executionId="32eb8e5f-85ee-4bb6-8e30-e06835317c93" testListId="8c84fa94-04c1-424b-9868-57a2d4851a1d" />
    <TestEntry testId="bd9fad3e-c09d-e0cd-e432-583369eaeb97" executionId="365ba537-a076-4e0a-bffd-4b385e52c021" testListId="8c84fa94-04c1-424b-9868-57a2d4851a1d" />
    <TestEntry testId="7896aa51-e4b3-d499-7aa7-02fe33adefe5" executionId="b2434a87-2439-42ad-bdf7-143c54a26c8d" testListId="8c84fa94-04c1-424b-9868-57a2d4851a1d" />
    <TestEntry testId="bef4a300-feec-70ed-4858-4f96a4582d4b" executionId="82dfa846-301b-42e0-8d1f-279d67d9fd1a" testListId="8c84fa94-04c1-424b-9868-57a2d4851a1d" />
    <TestEntry testId="bdc069a5-84eb-1bd7-adc7-1804e0ae236b" executionId="b94bac33-52e7-47a7-98fb-74335603ea5f" testListId="8c84fa94-04c1-424b-9868-57a2d4851a1d" />
    <TestEntry testId="2b0a0896-310f-935c-b38f-418d026e9969" executionId="73c6e85c-974e-4d2f-9691-2d03fd6a9c11" testListId="8c84fa94-04c1-424b-9868-57a2d4851a1d" />
    <TestEntry testId="20a093d7-c0f3-0d2e-1dc0-a9452856d2e5" executionId="9997cf1b-b286-4c29-b194-30271b432a70" testListId="8c84fa94-04c1-424b-9868-57a2d4851a1d" />
    <TestEntry testId="5520a90c-cb4e-16eb-8e32-95b89f440338" executionId="dda54e9f-4205-41ac-88fa-627c0ef6875a" testListId="8c84fa94-04c1-424b-9868-57a2d4851a1d" />
    <TestEntry testId="2dc48e63-9c5b-c94b-2608-1552f27af0d1" executionId="3deaa00d-2d04-4487-b4d7-d3ae028d3091" testListId="8c84fa94-04c1-424b-9868-57a2d4851a1d" />
    <TestEntry testId="bc19a764-9f7d-b983-969a-2e4c6b85c212" executionId="f0a35a2c-a782-4b04-b6a1-25f5819710a0" testListId="8c84fa94-04c1-424b-9868-57a2d4851a1d" />
    <TestEntry testId="61598958-c6dd-bfbd-7fda-2977304b42c9" executionId="3bfbf253-44f1-42b6-aefd-a01033d2a3eb" testListId="8c84fa94-04c1-424b-9868-57a2d4851a1d" />
    <TestEntry testId="b83c1796-3375-6ecf-222d-fea7fb5a1b9f" executionId="64fa5df3-2823-40bf-bd52-67dc45ee2f56" testListId="8c84fa94-04c1-424b-9868-57a2d4851a1d" />
    <TestEntry testId="b32376d9-9f5b-230e-0a6e-8e9c554bc282" executionId="701e95a6-a824-4b22-94a9-f18fd0b74e00" testListId="8c84fa94-04c1-424b-9868-57a2d4851a1d" />
    <TestEntry testId="179d8bb3-e457-9f07-eff7-f399ff91d2e8" executionId="9b91df76-d9e1-4ef7-8754-6ead85642f43" testListId="8c84fa94-04c1-424b-9868-57a2d4851a1d" />
    <TestEntry testId="1287c865-cc22-44e0-cf42-f207c32588c9" executionId="c863b6d2-2d39-41a2-b568-14d7f72dd732" testListId="8c84fa94-04c1-424b-9868-57a2d4851a1d" />
    <TestEntry testId="5522c30b-797c-5df3-b3a9-cc8e055bc646" executionId="3b43d6f3-b7a8-4eb0-86cd-026442e6fb26" testListId="8c84fa94-04c1-424b-9868-57a2d4851a1d" />
    <TestEntry testId="dda16a76-bc79-225f-55d7-aa2af2b59236" executionId="9078d365-fbf7-4ee9-a965-197525d58a6f" testListId="8c84fa94-04c1-424b-9868-57a2d4851a1d" />
    <TestEntry testId="df663212-148c-9710-0e1b-2c53faec462f" executionId="0a55425b-7450-496a-9728-84adef2b1709" testListId="8c84fa94-04c1-424b-9868-57a2d4851a1d" />
    <TestEntry testId="8b26ef37-9d32-6bc0-603a-6e2dd2665dce" executionId="89cf0596-9fd3-402c-8ef1-4b2b6f44cc61" testListId="8c84fa94-04c1-424b-9868-57a2d4851a1d" />
    <TestEntry testId="51d0aaf5-5cfe-ee2d-a908-a74a1af5c7ca" executionId="66eabe0e-2c62-4038-a49e-710f36986a3b" testListId="8c84fa94-04c1-424b-9868-57a2d4851a1d" />
    <TestEntry testId="31b22c6f-d755-4c42-9176-cb0d5db7f723" executionId="415a1fae-6ff6-41c0-9d55-eaff2a34ddb3" testListId="8c84fa94-04c1-424b-9868-57a2d4851a1d" />
    <TestEntry testId="05db0d15-2e44-1af0-f9b2-cfa31817093d" executionId="5c213481-6800-4fa4-9acf-aa33a71ef1c8" testListId="8c84fa94-04c1-424b-9868-57a2d4851a1d" />
    <TestEntry testId="dc6d8f5a-5b13-39d6-aab1-86718c63428d" executionId="207f3cf7-c259-4875-ae91-3dbcb8bc34d4" testListId="8c84fa94-04c1-424b-9868-57a2d4851a1d" />
    <TestEntry testId="41f7716b-962a-3b79-a058-3d430c425d0b" executionId="c90daff0-0df2-4011-b5b4-2be77dc03297" testListId="8c84fa94-04c1-424b-9868-57a2d4851a1d" />
    <TestEntry testId="7b3008cf-5908-dbf5-c44e-f13a7c700b5e" executionId="dc928d1b-b7ca-4987-9b0c-6fbc201caa35" testListId="8c84fa94-04c1-424b-9868-57a2d4851a1d" />
    <TestEntry testId="dfb65903-87bc-a456-908a-d97a593cc02e" executionId="86053b31-cb2e-459d-8214-069c5e483b5c" testListId="8c84fa94-04c1-424b-9868-57a2d4851a1d" />
    <TestEntry testId="2e4cdc82-f187-1a47-ca23-c31e6a854503" executionId="af2d9182-84c0-4450-a148-76298b65e706" testListId="8c84fa94-04c1-424b-9868-57a2d4851a1d" />
    <TestEntry testId="621e8c49-238f-b37b-1666-8dabd23ba137" executionId="3e9d0bb3-0ba3-4477-ab9a-febfc163e160" testListId="8c84fa94-04c1-424b-9868-57a2d4851a1d" />
    <TestEntry testId="1b9423b5-5357-44c6-60f0-ae014b598814" executionId="361c6950-7aa0-4258-a1d7-77431a21f3ac" testListId="8c84fa94-04c1-424b-9868-57a2d4851a1d" />
    <TestEntry testId="97c3ee4f-c5d7-7086-5013-96aa4b92d31c" executionId="4c94bdc5-52eb-4dab-a4a8-98db1591d78f" testListId="8c84fa94-04c1-424b-9868-57a2d4851a1d" />
    <TestEntry testId="ca34f4bb-6b57-72ec-8929-494c4f5c0e37" executionId="641c552d-ba56-41c8-88ca-040ac77250b7" testListId="8c84fa94-04c1-424b-9868-57a2d4851a1d" />
    <TestEntry testId="7ca37dea-02d7-4204-61e8-e182370b41d4" executionId="62ae7589-7d4c-4884-9dcb-4399dfc41046" testListId="8c84fa94-04c1-424b-9868-57a2d4851a1d" />
    <TestEntry testId="f7d06693-5404-f9c0-ffce-5ead34d12840" executionId="fe2fcd56-f769-4d26-9a9f-3f8ae5332475" testListId="8c84fa94-04c1-424b-9868-57a2d4851a1d" />
    <TestEntry testId="a594dcd0-5425-147d-0463-cc4efc78cb60" executionId="ebc1de77-b8b5-4351-9fe2-910b6390b841" testListId="8c84fa94-04c1-424b-9868-57a2d4851a1d" />
    <TestEntry testId="e8a97d6a-1204-a9cc-90fc-7437b7dabfdb" executionId="d691acc2-8b17-4998-969c-bfd966eb48a8" testListId="8c84fa94-04c1-424b-9868-57a2d4851a1d" />
    <TestEntry testId="32e9398f-1c68-62a1-b7be-1ba6b4fee1e9" executionId="d084e245-185e-48e4-a0e7-1ce737f384db" testListId="8c84fa94-04c1-424b-9868-57a2d4851a1d" />
    <TestEntry testId="4a2738ef-6125-4e94-43e1-506d1cfe56fc" executionId="caece42a-128d-4121-bb99-3e07b7c9fa8d" testListId="8c84fa94-04c1-424b-9868-57a2d4851a1d" />
    <TestEntry testId="d6285fcb-3a4b-46ad-b2b1-fa9630b8b684" executionId="67f42409-d3bb-4ff9-a4de-5cc8a7488d2e" testListId="8c84fa94-04c1-424b-9868-57a2d4851a1d" />
    <TestEntry testId="915d8bc6-7a4b-9c69-6a5e-25b938e6b07f" executionId="9e231077-1129-46a1-8032-f61375b3bcc8" testListId="8c84fa94-04c1-424b-9868-57a2d4851a1d" />
    <TestEntry testId="84e9eb08-3864-6e51-b639-b66ffed64b72" executionId="3d859da4-6f3f-4807-b57b-c931ec58661b" testListId="8c84fa94-04c1-424b-9868-57a2d4851a1d" />
    <TestEntry testId="429ee486-ba90-6dd0-a27e-5ee4b8999074" executionId="f98fa47b-0d5f-416b-8ddb-d5a4a07fa587" testListId="8c84fa94-04c1-424b-9868-57a2d4851a1d" />
    <TestEntry testId="322971b8-acd2-80c8-0b8a-f5384b6c31b9" executionId="97372c64-a674-4dba-82d4-373259e24336" testListId="8c84fa94-04c1-424b-9868-57a2d4851a1d" />
    <TestEntry testId="d82cd6d3-f677-895d-242e-8ca32b4bd548" executionId="1aa74b45-8da2-47a3-8fae-b7ed352873c9" testListId="8c84fa94-04c1-424b-9868-57a2d4851a1d" />
    <TestEntry testId="f77e2ad3-a10e-1ad6-ad42-35ae120566e7" executionId="f2331d91-2223-4102-86c3-c2ce60a75fff" testListId="8c84fa94-04c1-424b-9868-57a2d4851a1d" />
    <TestEntry testId="bed5b8f3-7d0c-c2b1-2845-ecd2ab2f245f" executionId="79cb2962-856a-4c13-9fb4-7f7c13f99e19" testListId="8c84fa94-04c1-424b-9868-57a2d4851a1d" />
    <TestEntry testId="9ba8b007-d6d9-c3a8-8a14-db8c5658c626" executionId="d64c2298-e5de-4242-ad42-00252de702d0" testListId="8c84fa94-04c1-424b-9868-57a2d4851a1d" />
    <TestEntry testId="7c2086c6-5f5e-371e-ddc1-2a02f0cad440" executionId="109c7d01-6c02-4ef1-92ef-bf1472a1ca66" testListId="8c84fa94-04c1-424b-9868-57a2d4851a1d" />
    <TestEntry testId="dc74521a-8267-4978-a426-68552f6a247b" executionId="69cb39fa-80e1-4c58-8f32-77c405f36324" testListId="8c84fa94-04c1-424b-9868-57a2d4851a1d" />
    <TestEntry testId="2c57eedc-184c-5b54-9fd5-4196907c2ad8" executionId="fe4d2df1-32ac-441e-b19e-3f10f72d356c" testListId="8c84fa94-04c1-424b-9868-57a2d4851a1d" />
    <TestEntry testId="abaa7d8b-6a04-e53b-7be4-197f5fd38163" executionId="166ea1f1-9b92-4acf-9918-244bccc57387" testListId="8c84fa94-04c1-424b-9868-57a2d4851a1d" />
    <TestEntry testId="bf9606d7-b9d3-97e9-41f0-4609f19270f1" executionId="e6a09c32-c48a-4b0f-bf5b-c3e145168ff0" testListId="8c84fa94-04c1-424b-9868-57a2d4851a1d" />
    <TestEntry testId="c132d8c5-5c98-c43e-a01b-7fb914f58787" executionId="b7da5852-fcb6-4c27-ab83-9970a7f1fe83" testListId="8c84fa94-04c1-424b-9868-57a2d4851a1d" />
    <TestEntry testId="28a5c179-8070-6648-c69b-7807d7b4627d" executionId="ca8dd880-fc74-41ba-8f82-616137638c34" testListId="8c84fa94-04c1-424b-9868-57a2d4851a1d" />
    <TestEntry testId="7af498a0-5766-a925-c052-a082928e22d6" executionId="141f9c62-2e72-4f55-9f47-09dfb1c17eb9" testListId="8c84fa94-04c1-424b-9868-57a2d4851a1d" />
    <TestEntry testId="3588b3d7-443d-eda6-c301-18ea45394493" executionId="68a2ab3c-77bd-4c77-9915-6dc471a7e62d" testListId="8c84fa94-04c1-424b-9868-57a2d4851a1d" />
    <TestEntry testId="6dcdf04f-a33f-fd05-3f14-fd7056c71ddf" executionId="1fa96ae3-4dec-405f-b93c-4bf19bbb35e7" testListId="8c84fa94-04c1-424b-9868-57a2d4851a1d" />
    <TestEntry testId="9276831a-3083-6829-5ffb-fb4a46447a6a" executionId="8971a182-ee14-45e5-820c-1fbdda5044f0" testListId="8c84fa94-04c1-424b-9868-57a2d4851a1d" />
    <TestEntry testId="efa619b9-92a7-1e2a-19f7-acb2e6d84576" executionId="0cdefd75-40f2-4e93-a778-0437f2d81a64" testListId="8c84fa94-04c1-424b-9868-57a2d4851a1d" />
    <TestEntry testId="9e299918-6fe1-3e11-0195-a85707b196f2" executionId="81634521-656f-4f8d-9c76-60ac53b2a9e6" testListId="8c84fa94-04c1-424b-9868-57a2d4851a1d" />
    <TestEntry testId="c4adaf47-810b-d625-417b-62920a61bc98" executionId="cd40b273-c72e-4d6d-8c78-318824dc2cc5" testListId="8c84fa94-04c1-424b-9868-57a2d4851a1d" />
    <TestEntry testId="ab5779ce-ea0b-d176-54e1-0eacdce87172" executionId="6ac52a09-5c77-4e93-b514-8506c30693c7" testListId="8c84fa94-04c1-424b-9868-57a2d4851a1d" />
    <TestEntry testId="e278d185-2b85-ecae-3dee-7ff9389fc948" executionId="4ebc686e-1750-4875-b993-75f8ff59827d" testListId="8c84fa94-04c1-424b-9868-57a2d4851a1d" />
    <TestEntry testId="0421f89e-6233-957e-5d3e-3c1e1f7f2cb0" executionId="6e3dc794-3768-4488-bbdb-6e96ef058d55" testListId="8c84fa94-04c1-424b-9868-57a2d4851a1d" />
    <TestEntry testId="46e22573-94b0-67ab-985e-402e85a0e4bc" executionId="cc347988-3ce3-4a91-9a2a-8326c6cb12f8" testListId="8c84fa94-04c1-424b-9868-57a2d4851a1d" />
    <TestEntry testId="2b8cea25-0d44-5b97-ac4a-2216f4c1f84a" executionId="a9064211-214e-4c6b-9b03-668b009d3996" testListId="8c84fa94-04c1-424b-9868-57a2d4851a1d" />
    <TestEntry testId="0bcafa5c-7964-865e-c383-4f08d26a7f31" executionId="87e36b81-5c95-4ab0-a410-1041d41adfea" testListId="8c84fa94-04c1-424b-9868-57a2d4851a1d" />
    <TestEntry testId="71653502-3181-f828-c492-aa6439b95e7a" executionId="d84ba1b5-a169-4791-994f-c17898f91165" testListId="8c84fa94-04c1-424b-9868-57a2d4851a1d" />
    <TestEntry testId="107b5f4c-155f-4546-e355-355bd33f96f8" executionId="54e0b509-aaf6-428d-abd9-09b3df535d8c" testListId="8c84fa94-04c1-424b-9868-57a2d4851a1d" />
    <TestEntry testId="34297883-ceb1-3f6a-fc97-88a641421987" executionId="581698d4-d428-4875-900d-e4b635fdc69e" testListId="8c84fa94-04c1-424b-9868-57a2d4851a1d" />
    <TestEntry testId="1aee8fdd-247c-9b40-baaa-86531f21c457" executionId="8ed23ca2-2b95-43c2-97e4-503aadd0b318" testListId="8c84fa94-04c1-424b-9868-57a2d4851a1d" />
    <TestEntry testId="bb8b597c-b592-e58d-717d-2400b7c8e2ff" executionId="f6ace056-02ba-40eb-8d19-46f1bcf0293c" testListId="8c84fa94-04c1-424b-9868-57a2d4851a1d" />
    <TestEntry testId="7a11ef52-57c7-60cd-9c5c-e69b0979ba72" executionId="3815270d-20a9-47a2-8fe7-66dbd4861695" testListId="8c84fa94-04c1-424b-9868-57a2d4851a1d" />
    <TestEntry testId="42d35bbd-c7d9-7946-1def-7b5ccb673a61" executionId="3d271683-26dc-4ad2-8f8f-7a632b75bd24" testListId="8c84fa94-04c1-424b-9868-57a2d4851a1d" />
    <TestEntry testId="33444fd7-f688-0b38-55ae-2b29b719f739" executionId="09fab882-dd9b-4226-93d2-fc6d79a31d3f" testListId="8c84fa94-04c1-424b-9868-57a2d4851a1d" />
    <TestEntry testId="4b1f9a8d-b1bb-02ec-5745-7307e52cd5f9" executionId="8e68dbde-5668-46fb-9fea-63644eeef6d5" testListId="8c84fa94-04c1-424b-9868-57a2d4851a1d" />
    <TestEntry testId="e157cad4-1d6f-f224-ff5c-8c943ce2a9cd" executionId="76a76c62-6c10-4678-a174-40b0b47e78e7" testListId="8c84fa94-04c1-424b-9868-57a2d4851a1d" />
    <TestEntry testId="bc241bd6-90f6-27c4-5759-1a1dbdfa005f" executionId="cfef9700-58e6-4848-8f9c-3ec3dbaf5188" testListId="8c84fa94-04c1-424b-9868-57a2d4851a1d" />
    <TestEntry testId="65690e6c-ce58-910b-d8f0-054207cc266e" executionId="a27860da-a9e7-4bcf-9102-51a6867b2640" testListId="8c84fa94-04c1-424b-9868-57a2d4851a1d" />
    <TestEntry testId="18d4fde6-42c5-efbc-ad05-63d710c635c9" executionId="9c4cda9e-8b30-4af5-924b-734003fceba7" testListId="8c84fa94-04c1-424b-9868-57a2d4851a1d" />
    <TestEntry testId="367d97b6-5e1b-0bb5-2b16-a7bff6e81071" executionId="7aa758e7-81a6-496b-9ed4-22781bc02dcb" testListId="8c84fa94-04c1-424b-9868-57a2d4851a1d" />
    <TestEntry testId="b66f29e4-204f-ab29-31de-ad78b812748d" executionId="573452f8-dc55-4679-a349-9b02a8f262bb" testListId="8c84fa94-04c1-424b-9868-57a2d4851a1d" />
    <TestEntry testId="896f952f-4179-aff3-ace4-aed6aecee8ce" executionId="bd92e90b-6199-4506-a3b7-67f33471f36f" testListId="8c84fa94-04c1-424b-9868-57a2d4851a1d" />
    <TestEntry testId="5e5841b2-201b-117a-6cf9-b0c5d0d4c597" executionId="2f15671d-1e1c-423a-bedf-29245476fd80" testListId="8c84fa94-04c1-424b-9868-57a2d4851a1d" />
    <TestEntry testId="2a562c06-8638-e43c-f213-f7dcfa8ef1af" executionId="aca81442-d1b4-47a9-886e-0386b1c3b4da" testListId="8c84fa94-04c1-424b-9868-57a2d4851a1d" />
    <TestEntry testId="35fd7a9b-fb91-eee4-54b5-8ae1fdc75032" executionId="4c483c0b-b7e6-473b-b802-2d7a9775eb45" testListId="8c84fa94-04c1-424b-9868-57a2d4851a1d" />
    <TestEntry testId="87641e64-013a-f188-5f0c-d792e7a071bc" executionId="5b687145-8510-41f0-b040-3829bb41b88a" testListId="8c84fa94-04c1-424b-9868-57a2d4851a1d" />
    <TestEntry testId="255f285b-de9e-07c0-bd3c-5e12f52636e3" executionId="faa3b771-d372-4fa2-b4bb-8b39880b76ba" testListId="8c84fa94-04c1-424b-9868-57a2d4851a1d" />
    <TestEntry testId="55e708f2-b4d3-9234-9e4d-ded4bf2331e6" executionId="ac9410e0-247a-4160-bc22-9255558c04e6" testListId="8c84fa94-04c1-424b-9868-57a2d4851a1d" />
    <TestEntry testId="61a89e7b-671e-f4d6-8f7f-e832621cb969" executionId="faf11ef1-41e5-473c-9fd9-c3e801d2ac8f" testListId="8c84fa94-04c1-424b-9868-57a2d4851a1d" />
    <TestEntry testId="8faaabb5-02e5-0127-1e4c-101c4cc52248" executionId="84c6c948-0e06-4590-a917-261421db9005" testListId="8c84fa94-04c1-424b-9868-57a2d4851a1d" />
    <TestEntry testId="97b0e128-c9d9-7d11-8f80-761f9894f1f3" executionId="9dc7816b-bb7f-4653-ba13-c8b7b4981e4a" testListId="8c84fa94-04c1-424b-9868-57a2d4851a1d" />
    <TestEntry testId="36c0c805-152f-22d3-4088-e769f75caaec" executionId="5cceec04-df73-4c48-bd56-837d7ea0a7ee" testListId="8c84fa94-04c1-424b-9868-57a2d4851a1d" />
    <TestEntry testId="a6b62781-f725-2c30-429a-9ea3a9cea9d3" executionId="566056d1-5fca-4815-862c-5d8fe44792d6" testListId="8c84fa94-04c1-424b-9868-57a2d4851a1d" />
    <TestEntry testId="2798b398-0496-1e71-67f3-c3c3279190c5" executionId="b558824a-096d-4306-9769-014737b03553" testListId="8c84fa94-04c1-424b-9868-57a2d4851a1d" />
    <TestEntry testId="01ec80e1-966d-b326-07e3-290ad51ea6bd" executionId="60d4d98e-6141-4934-94cf-1478bd4de2b3" testListId="8c84fa94-04c1-424b-9868-57a2d4851a1d" />
    <TestEntry testId="e79ae8c6-987a-226d-ee33-5b1ed6c6a9ec" executionId="4513447d-258f-4a3d-9768-2c0b68e4bebb" testListId="8c84fa94-04c1-424b-9868-57a2d4851a1d" />
    <TestEntry testId="31025ebd-a234-c76d-0f0b-b0e7e54173f0" executionId="8ac3bf9b-2d74-4376-ad6e-66573e60d936" testListId="8c84fa94-04c1-424b-9868-57a2d4851a1d" />
    <TestEntry testId="cc59808b-2153-07b2-a69c-fba587b40c44" executionId="59433aeb-eb15-4205-8857-c59002cf2c04" testListId="8c84fa94-04c1-424b-9868-57a2d4851a1d" />
    <TestEntry testId="a84ac785-c2bc-cd3f-192a-21263666abdf" executionId="85359715-e5fb-4781-9d42-da5b8931d9fb" testListId="8c84fa94-04c1-424b-9868-57a2d4851a1d" />
    <TestEntry testId="d97adf4b-aa61-0f83-c7f4-830581961cb3" executionId="750ae396-8ef4-4c4f-b5b5-6096f057772b" testListId="8c84fa94-04c1-424b-9868-57a2d4851a1d" />
    <TestEntry testId="70a3f383-6bf8-3c18-0ad9-14901b9a9938" executionId="180a6230-73b3-4d66-96e9-4777567c4636" testListId="8c84fa94-04c1-424b-9868-57a2d4851a1d" />
  </TestEntries>
  <TestLists>
    <TestList name="Results Not in a List" id="8c84fa94-04c1-424b-9868-57a2d4851a1d" />
    <TestList name="All Loaded Results" id="19431567-8539-422a-85d7-44ee4e166bda" />
  </TestLists>
  <ResultSummary outcome="Completed">
    <Counters total="699" executed="699" passed="699" failed="0" error="0" timeout="0" aborted="0" inconclusive="0" passedButRunAborted="0" notRunnable="0" notExecuted="0" disconnected="0" warning="0" completed="0" inProgress="0" pending="0" />
    <Output>
      <StdOut>NUnit Adapter 5.0.0.0: Test execution started&#xD;
Running selected tests in D:\Agents\smith05.01\_work\257\s\tests\CHG.IdentityProvider.Tests\bin\Release\net9.0\CHG.IdentityProvider.Tests.dll&#xD;
   NUnit3TestExecutor discovered 699 of 699 NUnit test cases using Current Discovery mode, Non-Explicit run&#xD;
NUnit Adapter 5.0.0.0: Test execution complete&#xD;
</StdOut>
    </Output>
    <CollectorDataEntries>
      <Collector agentName="V020705" uri="datacollector://microsoft/CodeCoverage/2.0" collectorDisplayName="Code Coverage">
        <UriAttachments>
          <UriAttachment>
            <A href="V020705\coverage.xml"></A>
          </UriAttachment>
        </UriAttachments>
      </Collector>
    </CollectorDataEntries>
  </ResultSummary>
</TestRun>